2024-02-23T17:21:50.237-0600 [DEBUG] [org.gradle.launcher.daemon.bootstrap.DaemonMain] Assuming the daemon was started with following jvm opts: [--add-opens=java.base/java.util=ALL-UNNAMED, --add-opens=java.base/java.lang=ALL-UNNAMED, --add-opens=java.base/java.lang.invoke=ALL-UNNAMED, --add-opens=java.prefs/java.util.prefs=ALL-UNNAMED, --add-opens=java.base/java.nio.charset=ALL-UNNAMED, --add-opens=java.base/java.net=ALL-UNNAMED, --add-opens=java.base/java.util.concurrent.atomic=ALL-UNNAMED, -Xmx2048m, -Dfile.encoding=UTF-8, -Duser.country=US, -Duser.language=en, -Duser.variant]
2024-02-23T17:21:50.417-0600 [DEBUG] [org.gradle.internal.nativeintegration.services.NativeServices] Native-platform posix files integration is not available. Continuing with fallback.
2024-02-23T17:21:50.434-0600 [INFO] [org.gradle.launcher.daemon.server.Daemon] start() called on daemon - DefaultDaemonContext[uid=de342029-c566-4674-8eaa-5d181d0ab262,javaHome=C:\Program Files\Java\jdk-21,daemonRegistryDir=C:\Users\natha\AndroidStudioProjects\Try2\daemon,pid=9856,idleTimeout=10800000,priority=NORMAL,applyInstrumentationAgent=true,daemonOpts=--add-opens=java.base/java.util=ALL-UNNAMED,--add-opens=java.base/java.lang=ALL-UNNAMED,--add-opens=java.base/java.lang.invoke=ALL-UNNAMED,--add-opens=java.prefs/java.util.prefs=ALL-UNNAMED,--add-opens=java.base/java.nio.charset=ALL-UNNAMED,--add-opens=java.base/java.net=ALL-UNNAMED,--add-opens=java.base/java.util.concurrent.atomic=ALL-UNNAMED,-Xmx2048m,-Dfile.encoding=UTF-8,-Duser.country=US,-Duser.language=en,-Duser.variant]
2024-02-23T17:21:50.516-0600 [DEBUG] [org.gradle.internal.remote.internal.inet.InetAddresses] Adding IP addresses for network interface TAP-NordVPN Windows Adapter V9-WFP Native MAC Layer LightWeight Filter-0000
2024-02-23T17:21:50.516-0600 [DEBUG] [org.gradle.internal.remote.internal.inet.InetAddresses] Is this a loopback interface? false
2024-02-23T17:21:50.517-0600 [DEBUG] [org.gradle.internal.remote.internal.inet.InetAddresses] Adding IP addresses for network interface Killer E2500 Gigabit Ethernet Controller-WFP Native MAC Layer LightWeight Filter-0000
2024-02-23T17:21:50.517-0600 [DEBUG] [org.gradle.internal.remote.internal.inet.InetAddresses] Is this a loopback interface? false
2024-02-23T17:21:50.518-0600 [DEBUG] [org.gradle.internal.remote.internal.inet.InetAddresses] Adding IP addresses for network interface TAP-NordVPN Windows Adapter V9-QoS Packet Scheduler-0000
2024-02-23T17:21:50.518-0600 [DEBUG] [org.gradle.internal.remote.internal.inet.InetAddresses] Is this a loopback interface? false
2024-02-23T17:21:50.519-0600 [DEBUG] [org.gradle.internal.remote.internal.inet.InetAddresses] Adding IP addresses for network interface TAP-NordVPN Windows Adapter V9-WFP 802.3 MAC Layer LightWeight Filter-0000
2024-02-23T17:21:50.519-0600 [DEBUG] [org.gradle.internal.remote.internal.inet.InetAddresses] Is this a loopback interface? false
2024-02-23T17:21:50.520-0600 [DEBUG] [org.gradle.internal.remote.internal.inet.InetAddresses] Adding IP addresses for network interface Killer E2500 Gigabit Ethernet Controller-QoS Packet Scheduler-0000
2024-02-23T17:21:50.520-0600 [DEBUG] [org.gradle.internal.remote.internal.inet.InetAddresses] Is this a loopback interface? false
2024-02-23T17:21:50.520-0600 [DEBUG] [org.gradle.internal.remote.internal.inet.InetAddresses] Adding IP addresses for network interface Killer E2500 Gigabit Ethernet Controller-WFP 802.3 MAC Layer LightWeight Filter-0000
2024-02-23T17:21:50.521-0600 [DEBUG] [org.gradle.internal.remote.internal.inet.InetAddresses] Is this a loopback interface? false
2024-02-23T17:21:50.521-0600 [DEBUG] [org.gradle.internal.remote.internal.inet.InetAddresses] Adding IP addresses for network interface WAN Miniport (IP)-WFP Native MAC Layer LightWeight Filter-0000
2024-02-23T17:21:50.522-0600 [DEBUG] [org.gradle.internal.remote.internal.inet.InetAddresses] Is this a loopback interface? false
2024-02-23T17:21:50.522-0600 [DEBUG] [org.gradle.internal.remote.internal.inet.InetAddresses] Adding IP addresses for network interface WAN Miniport (IP)-QoS Packet Scheduler-0000
2024-02-23T17:21:50.523-0600 [DEBUG] [org.gradle.internal.remote.internal.inet.InetAddresses] Is this a loopback interface? false
2024-02-23T17:21:50.523-0600 [DEBUG] [org.gradle.internal.remote.internal.inet.InetAddresses] Adding IP addresses for network interface WAN Miniport (IPv6)-WFP Native MAC Layer LightWeight Filter-0000
2024-02-23T17:21:50.524-0600 [DEBUG] [org.gradle.internal.remote.internal.inet.InetAddresses] Is this a loopback interface? false
2024-02-23T17:21:50.524-0600 [DEBUG] [org.gradle.internal.remote.internal.inet.InetAddresses] Adding IP addresses for network interface WAN Miniport (IPv6)-QoS Packet Scheduler-0000
2024-02-23T17:21:50.524-0600 [DEBUG] [org.gradle.internal.remote.internal.inet.InetAddresses] Is this a loopback interface? false
2024-02-23T17:21:50.525-0600 [DEBUG] [org.gradle.internal.remote.internal.inet.InetAddresses] Adding IP addresses for network interface WAN Miniport (Network Monitor)-WFP Native MAC Layer LightWeight Filter-0000
2024-02-23T17:21:50.525-0600 [DEBUG] [org.gradle.internal.remote.internal.inet.InetAddresses] Is this a loopback interface? false
2024-02-23T17:21:50.525-0600 [DEBUG] [org.gradle.internal.remote.internal.inet.InetAddresses] Adding IP addresses for network interface WAN Miniport (Network Monitor)-QoS Packet Scheduler-0000
2024-02-23T17:21:50.526-0600 [DEBUG] [org.gradle.internal.remote.internal.inet.InetAddresses] Is this a loopback interface? false
2024-02-23T17:21:50.526-0600 [DEBUG] [org.gradle.internal.remote.internal.inet.InetAddresses] Adding IP addresses for network interface Microsoft Kernel Debug Network Adapter
2024-02-23T17:21:50.526-0600 [DEBUG] [org.gradle.internal.remote.internal.inet.InetAddresses] Is this a loopback interface? false
2024-02-23T17:21:50.526-0600 [DEBUG] [org.gradle.internal.remote.internal.inet.InetAddresses] Adding IP addresses for network interface Killer E2500 Gigabit Ethernet Controller
2024-02-23T17:21:50.527-0600 [DEBUG] [org.gradle.internal.remote.internal.inet.InetAddresses] Is this a loopback interface? false
2024-02-23T17:21:50.527-0600 [DEBUG] [org.gradle.internal.remote.internal.inet.InetAddresses] Adding IP addresses for network interface Bluetooth Device (Personal Area Network)
2024-02-23T17:21:50.527-0600 [DEBUG] [org.gradle.internal.remote.internal.inet.InetAddresses] Is this a loopback interface? false
2024-02-23T17:21:50.527-0600 [DEBUG] [org.gradle.internal.remote.internal.inet.InetAddresses] Adding IP addresses for network interface WAN Miniport (IP)
2024-02-23T17:21:50.528-0600 [DEBUG] [org.gradle.internal.remote.internal.inet.InetAddresses] Is this a loopback interface? false
2024-02-23T17:21:50.528-0600 [DEBUG] [org.gradle.internal.remote.internal.inet.InetAddresses] Adding IP addresses for network interface WAN Miniport (IPv6)
2024-02-23T17:21:50.528-0600 [DEBUG] [org.gradle.internal.remote.internal.inet.InetAddresses] Is this a loopback interface? false
2024-02-23T17:21:50.528-0600 [DEBUG] [org.gradle.internal.remote.internal.inet.InetAddresses] Adding IP addresses for network interface WAN Miniport (Network Monitor)
2024-02-23T17:21:50.529-0600 [DEBUG] [org.gradle.internal.remote.internal.inet.InetAddresses] Is this a loopback interface? false
2024-02-23T17:21:50.529-0600 [DEBUG] [org.gradle.internal.remote.internal.inet.InetAddresses] Adding IP addresses for network interface TAP-NordVPN Windows Adapter V9
2024-02-23T17:21:50.530-0600 [DEBUG] [org.gradle.internal.remote.internal.inet.InetAddresses] Is this a loopback interface? false
2024-02-23T17:21:50.530-0600 [DEBUG] [org.gradle.internal.remote.internal.inet.InetAddresses] Adding IP addresses for network interface WAN Miniport (PPPOE)
2024-02-23T17:21:50.530-0600 [DEBUG] [org.gradle.internal.remote.internal.inet.InetAddresses] Is this a loopback interface? false
2024-02-23T17:21:50.531-0600 [DEBUG] [org.gradle.internal.remote.internal.inet.InetAddresses] Adding IP addresses for network interface Software Loopback Interface 1
2024-02-23T17:21:50.531-0600 [DEBUG] [org.gradle.internal.remote.internal.inet.InetAddresses] Is this a loopback interface? true
2024-02-23T17:21:50.532-0600 [DEBUG] [org.gradle.internal.remote.internal.inet.InetAddresses] Adding loopback address /0:0:0:0:0:0:0:1
2024-02-23T17:21:50.532-0600 [DEBUG] [org.gradle.internal.remote.internal.inet.InetAddresses] Adding loopback address /127.0.0.1
2024-02-23T17:21:50.533-0600 [DEBUG] [org.gradle.internal.remote.internal.inet.InetAddresses] Adding IP addresses for network interface NordLynx Tunnel
2024-02-23T17:21:50.533-0600 [DEBUG] [org.gradle.internal.remote.internal.inet.InetAddresses] Is this a loopback interface? false
2024-02-23T17:21:50.534-0600 [DEBUG] [org.gradle.internal.remote.internal.inet.InetAddresses] Adding IP addresses for network interface Killer(R) Wireless-AC 1550i Wireless Network Adapter (9560NGW) 160MHz-WFP Native MAC Layer LightWeight Filter-0000
2024-02-23T17:21:50.534-0600 [DEBUG] [org.gradle.internal.remote.internal.inet.InetAddresses] Is this a loopback interface? false
2024-02-23T17:21:50.534-0600 [DEBUG] [org.gradle.internal.remote.internal.inet.InetAddresses] Adding IP addresses for network interface Killer(R) Wireless-AC 1550i Wireless Network Adapter (9560NGW) 160MHz-Virtual WiFi Filter Driver-0000
2024-02-23T17:21:50.535-0600 [DEBUG] [org.gradle.internal.remote.internal.inet.InetAddresses] Is this a loopback interface? false
2024-02-23T17:21:50.535-0600 [DEBUG] [org.gradle.internal.remote.internal.inet.InetAddresses] Adding IP addresses for network interface Killer(R) Wireless-AC 1550i Wireless Network Adapter (9560NGW) 160MHz-Native WiFi Filter Driver-0000
2024-02-23T17:21:50.535-0600 [DEBUG] [org.gradle.internal.remote.internal.inet.InetAddresses] Is this a loopback interface? false
2024-02-23T17:21:50.536-0600 [DEBUG] [org.gradle.internal.remote.internal.inet.InetAddresses] Adding IP addresses for network interface Microsoft Wi-Fi Direct Virtual Adapter-WFP Native MAC Layer LightWeight Filter-0000
2024-02-23T17:21:50.536-0600 [DEBUG] [org.gradle.internal.remote.internal.inet.InetAddresses] Is this a loopback interface? false
2024-02-23T17:21:50.536-0600 [DEBUG] [org.gradle.internal.remote.internal.inet.InetAddresses] Adding IP addresses for network interface Microsoft Wi-Fi Direct Virtual Adapter-Native WiFi Filter Driver-0000
2024-02-23T17:21:50.536-0600 [DEBUG] [org.gradle.internal.remote.internal.inet.InetAddresses] Is this a loopback interface? false
2024-02-23T17:21:50.537-0600 [DEBUG] [org.gradle.internal.remote.internal.inet.InetAddresses] Adding IP addresses for network interface Killer(R) Wireless-AC 1550i Wireless Network Adapter (9560NGW) 160MHz-QoS Packet Scheduler-0000
2024-02-23T17:21:50.537-0600 [DEBUG] [org.gradle.internal.remote.internal.inet.InetAddresses] Is this a loopback interface? false
2024-02-23T17:21:50.537-0600 [DEBUG] [org.gradle.internal.remote.internal.inet.InetAddresses] Adding IP addresses for network interface Killer(R) Wireless-AC 1550i Wireless Network Adapter (9560NGW) 160MHz-WFP 802.3 MAC Layer LightWeight Filter-0000
2024-02-23T17:21:50.538-0600 [DEBUG] [org.gradle.internal.remote.internal.inet.InetAddresses] Is this a loopback interface? false
2024-02-23T17:21:50.539-0600 [DEBUG] [org.gradle.internal.remote.internal.inet.InetAddresses] Adding IP addresses for network interface Microsoft Wi-Fi Direct Virtual Adapter-QoS Packet Scheduler-0000
2024-02-23T17:21:50.539-0600 [DEBUG] [org.gradle.internal.remote.internal.inet.InetAddresses] Is this a loopback interface? false
2024-02-23T17:21:50.540-0600 [DEBUG] [org.gradle.internal.remote.internal.inet.InetAddresses] Adding IP addresses for network interface Microsoft Wi-Fi Direct Virtual Adapter-WFP 802.3 MAC Layer LightWeight Filter-0000
2024-02-23T17:21:50.540-0600 [DEBUG] [org.gradle.internal.remote.internal.inet.InetAddresses] Is this a loopback interface? false
2024-02-23T17:21:50.540-0600 [DEBUG] [org.gradle.internal.remote.internal.inet.InetAddresses] Adding IP addresses for network interface Microsoft Wi-Fi Direct Virtual Adapter #2-WFP Native MAC Layer LightWeight Filter-0000
2024-02-23T17:21:50.541-0600 [DEBUG] [org.gradle.internal.remote.internal.inet.InetAddresses] Is this a loopback interface? false
2024-02-23T17:21:50.541-0600 [DEBUG] [org.gradle.internal.remote.internal.inet.InetAddresses] Adding IP addresses for network interface Microsoft Wi-Fi Direct Virtual Adapter #2-Native WiFi Filter Driver-0000
2024-02-23T17:21:50.541-0600 [DEBUG] [org.gradle.internal.remote.internal.inet.InetAddresses] Is this a loopback interface? false
2024-02-23T17:21:50.541-0600 [DEBUG] [org.gradle.internal.remote.internal.inet.InetAddresses] Adding IP addresses for network interface Microsoft Wi-Fi Direct Virtual Adapter #2-QoS Packet Scheduler-0000
2024-02-23T17:21:50.542-0600 [DEBUG] [org.gradle.internal.remote.internal.inet.InetAddresses] Is this a loopback interface? false
2024-02-23T17:21:50.542-0600 [DEBUG] [org.gradle.internal.remote.internal.inet.InetAddresses] Adding IP addresses for network interface Microsoft Wi-Fi Direct Virtual Adapter #2-WFP 802.3 MAC Layer LightWeight Filter-0000
2024-02-23T17:21:50.542-0600 [DEBUG] [org.gradle.internal.remote.internal.inet.InetAddresses] Is this a loopback interface? false
2024-02-23T17:21:50.542-0600 [DEBUG] [org.gradle.internal.remote.internal.inet.InetAddresses] Adding IP addresses for network interface Killer(R) Wireless-AC 1550i Wireless Network Adapter (9560NGW) 160MHz
2024-02-23T17:21:50.542-0600 [DEBUG] [org.gradle.internal.remote.internal.inet.InetAddresses] Is this a loopback interface? false
2024-02-23T17:21:50.543-0600 [DEBUG] [org.gradle.internal.remote.internal.inet.InetAddresses] Adding remote address /192.168.1.170
2024-02-23T17:21:50.543-0600 [DEBUG] [org.gradle.internal.remote.internal.inet.InetAddresses] Adding IP addresses for network interface Microsoft Wi-Fi Direct Virtual Adapter
2024-02-23T17:21:50.543-0600 [DEBUG] [org.gradle.internal.remote.internal.inet.InetAddresses] Is this a loopback interface? false
2024-02-23T17:21:50.543-0600 [DEBUG] [org.gradle.internal.remote.internal.inet.InetAddresses] Adding IP addresses for network interface Microsoft Wi-Fi Direct Virtual Adapter #2
2024-02-23T17:21:50.544-0600 [DEBUG] [org.gradle.internal.remote.internal.inet.InetAddresses] Is this a loopback interface? false
2024-02-23T17:21:50.544-0600 [DEBUG] [org.gradle.internal.remote.internal.inet.InetAddresses] Adding remote address /fe80:0:0:0:dd30:26fd:1997:e9f0%wireless_32770
2024-02-23T17:21:50.544-0600 [DEBUG] [org.gradle.internal.remote.internal.inet.InetAddresses] Adding IP addresses for network interface Microsoft Teredo Tunneling Adapter
2024-02-23T17:21:50.544-0600 [DEBUG] [org.gradle.internal.remote.internal.inet.InetAddresses] Is this a loopback interface? false
2024-02-23T17:21:50.544-0600 [DEBUG] [org.gradle.internal.remote.internal.inet.InetAddresses] Adding IP addresses for network interface Microsoft IP-HTTPS Platform Adapter
2024-02-23T17:21:50.545-0600 [DEBUG] [org.gradle.internal.remote.internal.inet.InetAddresses] Is this a loopback interface? false
2024-02-23T17:21:50.545-0600 [DEBUG] [org.gradle.internal.remote.internal.inet.InetAddresses] Adding IP addresses for network interface Microsoft 6to4 Adapter
2024-02-23T17:21:50.545-0600 [DEBUG] [org.gradle.internal.remote.internal.inet.InetAddresses] Is this a loopback interface? false
2024-02-23T17:21:50.545-0600 [DEBUG] [org.gradle.internal.remote.internal.inet.InetAddresses] Adding IP addresses for network interface WAN Miniport (SSTP)
2024-02-23T17:21:50.545-0600 [DEBUG] [org.gradle.internal.remote.internal.inet.InetAddresses] Is this a loopback interface? false
2024-02-23T17:21:50.546-0600 [DEBUG] [org.gradle.internal.remote.internal.inet.InetAddresses] Adding IP addresses for network interface WAN Miniport (IKEv2)
2024-02-23T17:21:50.546-0600 [DEBUG] [org.gradle.internal.remote.internal.inet.InetAddresses] Is this a loopback interface? false
2024-02-23T17:21:50.546-0600 [DEBUG] [org.gradle.internal.remote.internal.inet.InetAddresses] Adding IP addresses for network interface WAN Miniport (L2TP)
2024-02-23T17:21:50.546-0600 [DEBUG] [org.gradle.internal.remote.internal.inet.InetAddresses] Is this a loopback interface? false
2024-02-23T17:21:50.546-0600 [DEBUG] [org.gradle.internal.remote.internal.inet.InetAddresses] Adding IP addresses for network interface WAN Miniport (PPTP)
2024-02-23T17:21:50.547-0600 [DEBUG] [org.gradle.internal.remote.internal.inet.InetAddresses] Is this a loopback interface? false
2024-02-23T17:21:50.550-0600 [DEBUG] [org.gradle.internal.remote.internal.inet.TcpIncomingConnector] Listening on [e54d63ce-197c-4e02-a1b4-f50476d901e9 port:58616, addresses:[localhost/127.0.0.1]].
2024-02-23T17:21:50.558-0600 [DEBUG] [org.gradle.launcher.daemon.server.Daemon] Daemon starting at: Fri Feb 23 17:21:50 CST 2024, with address: [e54d63ce-197c-4e02-a1b4-f50476d901e9 port:58616, addresses:[localhost/127.0.0.1]]
2024-02-23T17:21:50.559-0600 [INFO] [org.gradle.launcher.daemon.server.DaemonRegistryUpdater] Advertising the daemon address to the clients: [e54d63ce-197c-4e02-a1b4-f50476d901e9 port:58616, addresses:[localhost/127.0.0.1]]
2024-02-23T17:21:50.559-0600 [DEBUG] [org.gradle.launcher.daemon.server.DaemonRegistryUpdater] Advertised daemon context: DefaultDaemonContext[uid=de342029-c566-4674-8eaa-5d181d0ab262,javaHome=C:\Program Files\Java\jdk-21,daemonRegistryDir=C:\Users\natha\AndroidStudioProjects\Try2\daemon,pid=9856,idleTimeout=10800000,priority=NORMAL,applyInstrumentationAgent=true,daemonOpts=--add-opens=java.base/java.util=ALL-UNNAMED,--add-opens=java.base/java.lang=ALL-UNNAMED,--add-opens=java.base/java.lang.invoke=ALL-UNNAMED,--add-opens=java.prefs/java.util.prefs=ALL-UNNAMED,--add-opens=java.base/java.nio.charset=ALL-UNNAMED,--add-opens=java.base/java.net=ALL-UNNAMED,--add-opens=java.base/java.util.concurrent.atomic=ALL-UNNAMED,-Xmx2048m,-Dfile.encoding=UTF-8,-Duser.country=US,-Duser.language=en,-Duser.variant]
2024-02-23T17:21:50.560-0600 [DEBUG] [org.gradle.launcher.daemon.registry.PersistentDaemonRegistry] Storing daemon address: [e54d63ce-197c-4e02-a1b4-f50476d901e9 port:58616, addresses:[localhost/127.0.0.1]], context: DefaultDaemonContext[uid=de342029-c566-4674-8eaa-5d181d0ab262,javaHome=C:\Program Files\Java\jdk-21,daemonRegistryDir=C:\Users\natha\AndroidStudioProjects\Try2\daemon,pid=9856,idleTimeout=10800000,priority=NORMAL,applyInstrumentationAgent=true,daemonOpts=--add-opens=java.base/java.util=ALL-UNNAMED,--add-opens=java.base/java.lang=ALL-UNNAMED,--add-opens=java.base/java.lang.invoke=ALL-UNNAMED,--add-opens=java.prefs/java.util.prefs=ALL-UNNAMED,--add-opens=java.base/java.nio.charset=ALL-UNNAMED,--add-opens=java.base/java.net=ALL-UNNAMED,--add-opens=java.base/java.util.concurrent.atomic=ALL-UNNAMED,-Xmx2048m,-Dfile.encoding=UTF-8,-Duser.country=US,-Duser.language=en,-Duser.variant]
2024-02-23T17:21:50.572-0600 [DEBUG] [org.gradle.cache.internal.DefaultFileLockManager] Waiting to acquire exclusive lock on daemon addresses registry.
2024-02-23T17:21:50.577-0600 [DEBUG] [org.gradle.cache.internal.DefaultFileLockManager] Lock acquired on daemon addresses registry.
2024-02-23T17:21:50.582-0600 [DEBUG] [org.gradle.cache.internal.DefaultFileLockManager] Releasing lock on daemon addresses registry.
2024-02-23T17:21:50.583-0600 [LIFECYCLE] [org.gradle.launcher.daemon.server.Daemon] Daemon server started.
2024-02-23T17:21:50.584-0600 [DEBUG] [org.gradle.launcher.daemon.bootstrap.DaemonStartupCommunication] Completed writing the daemon greeting. Closing streams...
2024-02-23T17:21:50.592-0600 [DEBUG] [org.gradle.launcher.daemon.server.Daemon] stopOnExpiration() called on daemon
2024-02-23T17:21:50.593-0600 [DEBUG] [org.gradle.launcher.daemon.server.Daemon] awaitExpiration() called on daemon
2024-02-23T17:21:50.594-0600 [DEBUG] [org.gradle.launcher.daemon.server.DaemonStateCoordinator] daemon is running. Sleeping until state changes.
2024-02-23T17:21:50.596-0600 [DEBUG] [org.gradle.internal.remote.internal.inet.TcpIncomingConnector] Accepted connection from /127.0.0.1:58617 to /127.0.0.1:58616.
2024-02-23T17:21:50.718-0600 [DEBUG] [org.gradle.launcher.daemon.server.SynchronizedDispatchConnection] thread 33: received class org.gradle.launcher.daemon.protocol.Build
2024-02-23T17:21:50.718-0600 [DEBUG] [org.gradle.launcher.daemon.server.DefaultDaemonConnection] thread 33: Received non-IO message from client: Build{id=3d3bc0b7-572a-4202-8413-2a72a393c0c1, currentDir=C:\Users\natha\OneDrive\Desktop\moAppDev\project\Try2\Try2}
2024-02-23T17:21:50.718-0600 [INFO] [org.gradle.launcher.daemon.server.DefaultIncomingConnectionHandler] Received command: Build{id=3d3bc0b7-572a-4202-8413-2a72a393c0c1, currentDir=C:\Users\natha\OneDrive\Desktop\moAppDev\project\Try2\Try2}.
2024-02-23T17:21:50.719-0600 [DEBUG] [org.gradle.launcher.daemon.server.DefaultIncomingConnectionHandler] Starting executing command: Build{id=3d3bc0b7-572a-4202-8413-2a72a393c0c1, currentDir=C:\Users\natha\OneDrive\Desktop\moAppDev\project\Try2\Try2} with connection: socket connection from /127.0.0.1:58616 to /127.0.0.1:58617.
2024-02-23T17:21:50.721-0600 [DEBUG] [org.gradle.launcher.daemon.server.DaemonStateCoordinator] Command execution: started DaemonCommandExecution[command = Build{id=3d3bc0b7-572a-4202-8413-2a72a393c0c1, currentDir=C:\Users\natha\OneDrive\Desktop\moAppDev\project\Try2\Try2}, connection = DefaultDaemonConnection: socket connection from /127.0.0.1:58616 to /127.0.0.1:58617] after 0.0 minutes of idle
2024-02-23T17:21:50.722-0600 [INFO] [org.gradle.launcher.daemon.server.DaemonRegistryUpdater] Marking the daemon as busy, address: [e54d63ce-197c-4e02-a1b4-f50476d901e9 port:58616, addresses:[localhost/127.0.0.1]]
2024-02-23T17:21:50.722-0600 [DEBUG] [org.gradle.launcher.daemon.registry.PersistentDaemonRegistry] Marking busy by address: [e54d63ce-197c-4e02-a1b4-f50476d901e9 port:58616, addresses:[localhost/127.0.0.1]]
2024-02-23T17:21:50.723-0600 [DEBUG] [org.gradle.cache.internal.DefaultFileLockManager] Waiting to acquire exclusive lock on daemon addresses registry.
2024-02-23T17:21:50.724-0600 [DEBUG] [org.gradle.cache.internal.DefaultFileLockManager] Lock acquired on daemon addresses registry.
2024-02-23T17:21:50.726-0600 [DEBUG] [org.gradle.cache.internal.DefaultFileLockManager] Releasing lock on daemon addresses registry.
2024-02-23T17:21:50.726-0600 [DEBUG] [org.gradle.launcher.daemon.server.DaemonStateCoordinator] resetting idle timer
2024-02-23T17:21:50.726-0600 [DEBUG] [org.gradle.launcher.daemon.server.DaemonStateCoordinator] daemon is running. Sleeping until state changes.
2024-02-23T17:21:50.727-0600 [INFO] [org.gradle.launcher.daemon.server.exec.StartBuildOrRespondWithBusy] Daemon is about to start building Build{id=3d3bc0b7-572a-4202-8413-2a72a393c0c1, currentDir=C:\Users\natha\OneDrive\Desktop\moAppDev\project\Try2\Try2}. Dispatching build started information...
2024-02-23T17:21:50.727-0600 [DEBUG] [org.gradle.launcher.daemon.server.SynchronizedDispatchConnection] thread 35: dispatching org.gradle.launcher.daemon.protocol.BuildStarted@348cda75
2024-02-23T17:21:50.730-0600 [DEBUG] [org.gradle.launcher.daemon.server.exec.EstablishBuildEnvironment] Configuring env variables: [USERDOMAIN_ROAMINGPROFILE, configsetroot, LOCALAPPDATA, PROCESSOR_LEVEL, USERDOMAIN, LOGONSERVER, FPS_BROWSER_APP_PROFILE_STRING, JAVA_HOME, SESSIONNAME, ALLUSERSPROFILE, PROCESSOR_ARCHITECTURE, PSModulePath, SystemDrive, OneDrive, APPDATA, USERNAME, ProgramFiles(x86), CommonProgramFiles, Path, FPS_BROWSER_USER_PROFILE_STRING, PATHEXT, DriverData, OS, COMPUTERNAME, PROCESSOR_REVISION, CommonProgramW6432, ComSpec, ProgramData, ProgramW6432, __PSLockDownPolicy, TEMP, HOMEPATH, SystemRoot, PROCESSOR_IDENTIFIER, HOMEDRIVE, USERPROFILE, TMP, CommonProgramFiles(x86), ProgramFiles, PUBLIC, windir, NUMBER_OF_PROCESSORS, =::, EFC_16992, IDEA_INITIAL_DIRECTORY, ZES_ENABLE_SYSMAN]
2024-02-23T17:21:50.731-0600 [DEBUG] [org.gradle.launcher.daemon.server.SynchronizedDispatchConnection] thread 33: received class org.gradle.launcher.daemon.protocol.CloseInput
2024-02-23T17:21:50.732-0600 [DEBUG] [org.gradle.launcher.daemon.server.DefaultDaemonConnection] thread 33: Received IO message from client: org.gradle.launcher.daemon.protocol.CloseInput@76a07320
2024-02-23T17:21:50.736-0600 [DEBUG] [org.gradle.launcher.daemon.server.exec.LogToClient] About to start relaying all logs to the client via the connection.
2024-02-23T17:21:50.737-0600 [INFO] [org.gradle.launcher.daemon.server.exec.LogToClient] The client will now receive all logging from the daemon (pid: 9856). The daemon log file: C:\Users\natha\AndroidStudioProjects\Try2\daemon\8.2\daemon-9856.out.log
2024-02-23T17:21:50.739-0600 [INFO] [org.gradle.launcher.daemon.server.exec.LogAndCheckHealth] Starting build in new daemon [memory: 2 GiB]
2024-02-23T17:21:50.741-0600 [INFO] [org.gradle.launcher.daemon.server.exec.ForwardClientInput] Closing daemon's stdin at end of input.
2024-02-23T17:21:50.741-0600 [INFO] [org.gradle.launcher.daemon.server.exec.ForwardClientInput] The daemon will no longer process any standard input.
2024-02-23T17:21:50.742-0600 [DEBUG] [org.gradle.launcher.daemon.server.exec.ExecuteBuild] The daemon has started executing the build.
2024-02-23T17:21:50.743-0600 [DEBUG] [org.gradle.launcher.daemon.server.exec.ExecuteBuild] Executing build with daemon context: DefaultDaemonContext[uid=de342029-c566-4674-8eaa-5d181d0ab262,javaHome=C:\Program Files\Java\jdk-21,daemonRegistryDir=C:\Users\natha\AndroidStudioProjects\Try2\daemon,pid=9856,idleTimeout=10800000,priority=NORMAL,applyInstrumentationAgent=true,daemonOpts=--add-opens=java.base/java.util=ALL-UNNAMED,--add-opens=java.base/java.lang=ALL-UNNAMED,--add-opens=java.base/java.lang.invoke=ALL-UNNAMED,--add-opens=java.prefs/java.util.prefs=ALL-UNNAMED,--add-opens=java.base/java.nio.charset=ALL-UNNAMED,--add-opens=java.base/java.net=ALL-UNNAMED,--add-opens=java.base/java.util.concurrent.atomic=ALL-UNNAMED,-Xmx2048m,-Dfile.encoding=UTF-8,-Duser.country=US,-Duser.language=en,-Duser.variant]

Deprecated Gradle features were used in this build, making it incompatible with Gradle 9.0.

You can use '--warning-mode all' to show the individual deprecation warnings and determine if they come from your own scripts or plugins.

For more on this, please refer to https://docs.gradle.org/8.2/userguide/command_line_interface.html#sec:command_line_warnings in the Gradle documentation.

BUILD SUCCESSFUL in 19s
2024-02-23T17:22:04.860-0600 [DEBUG] [org.gradle.launcher.daemon.server.exec.ExecuteBuild] The daemon has finished executing the build.
2024-02-23T17:22:04.876-0600 [DEBUG] [org.gradle.launcher.daemon.server.DaemonStateCoordinator] daemon is running. Sleeping until state changes.
2024-02-23T17:22:04.877-0600 [DEBUG] [org.gradle.launcher.daemon.server.DaemonStateCoordinator] Command execution: finished waiting for DaemonCommandExecution[command = Build{id=3d3bc0b7-572a-4202-8413-2a72a393c0c1, currentDir=C:\Users\natha\OneDrive\Desktop\moAppDev\project\Try2\Try2}, connection = DefaultDaemonConnection: socket connection from /127.0.0.1:58616 to /127.0.0.1:58617]. Result org.gradle.launcher.daemon.server.DaemonStateCoordinator@56cfbcec with state Busy
2024-02-23T17:22:04.877-0600 [DEBUG] [org.gradle.launcher.daemon.server.DaemonStateCoordinator] Command execution: completed DaemonCommandExecution[command = Build{id=3d3bc0b7-572a-4202-8413-2a72a393c0c1, currentDir=C:\Users\natha\OneDrive\Desktop\moAppDev\project\Try2\Try2}, connection = DefaultDaemonConnection: socket connection from /127.0.0.1:58616 to /127.0.0.1:58617]
2024-02-23T17:22:04.878-0600 [DEBUG] [org.gradle.launcher.daemon.server.DaemonStateCoordinator] resetting idle timer
2024-02-23T17:22:04.878-0600 [INFO] [org.gradle.launcher.daemon.server.DaemonRegistryUpdater] Marking the daemon as idle, address: [e54d63ce-197c-4e02-a1b4-f50476d901e9 port:58616, addresses:[localhost/127.0.0.1]]
2024-02-23T17:22:04.878-0600 [DEBUG] [org.gradle.launcher.daemon.registry.PersistentDaemonRegistry] Marking busy by address: [e54d63ce-197c-4e02-a1b4-f50476d901e9 port:58616, addresses:[localhost/127.0.0.1]]
2024-02-23T17:22:04.880-0600 [DEBUG] [org.gradle.cache.internal.DefaultFileLockManager] Waiting to acquire exclusive lock on daemon addresses registry.
2024-02-23T17:22:04.881-0600 [DEBUG] [org.gradle.cache.internal.DefaultFileLockManager] Lock acquired on daemon addresses registry.
2024-02-23T17:22:04.883-0600 [DEBUG] [org.gradle.cache.internal.DefaultFileLockManager] Releasing lock on daemon addresses registry.
2024-02-23T17:22:04.883-0600 [DEBUG] [org.gradle.launcher.daemon.server.DaemonStateCoordinator] daemon is running. Sleeping until state changes.
2024-02-23T17:22:04.883-0600 [DEBUG] [org.gradle.launcher.daemon.server.exec.ReturnResult] Daemon is dispatching the build result: Success[value=org.gradle.launcher.exec.BuildActionResult@5beb99dc]
2024-02-23T17:22:04.884-0600 [DEBUG] [org.gradle.launcher.daemon.server.SynchronizedDispatchConnection] thread 32: dispatching Success[value=org.gradle.launcher.exec.BuildActionResult@5beb99dc]
2024-02-23T17:22:04.884-0600 [DEBUG] [org.gradle.launcher.daemon.server.DefaultIncomingConnectionHandler] Finishing executing command: Build{id=3d3bc0b7-572a-4202-8413-2a72a393c0c1, currentDir=C:\Users\natha\OneDrive\Desktop\moAppDev\project\Try2\Try2}
2024-02-23T17:22:04.885-0600 [DEBUG] [org.gradle.launcher.daemon.server.SynchronizedDispatchConnection] thread 33: received class org.gradle.launcher.daemon.protocol.Finished
2024-02-23T17:22:04.886-0600 [DEBUG] [org.gradle.launcher.daemon.server.DefaultDaemonConnection] thread 33: Received non-IO message from client: org.gradle.launcher.daemon.protocol.Finished@508e4873
2024-02-23T17:22:04.886-0600 [DEBUG] [org.gradle.launcher.daemon.server.DefaultIncomingConnectionHandler] Received finished message: org.gradle.launcher.daemon.protocol.Finished@508e4873
2024-02-23T17:22:04.886-0600 [DEBUG] [org.gradle.launcher.daemon.server.SynchronizedDispatchConnection] thread 32: stopping connection
2024-02-23T17:22:04.886-0600 [DEBUG] [org.gradle.internal.remote.internal.inet.SocketConnection] Discarding EOFException: java.io.EOFException
2024-02-23T17:22:04.887-0600 [DEBUG] [org.gradle.launcher.daemon.server.SynchronizedDispatchConnection] thread 33: received null
2024-02-23T17:22:04.887-0600 [DEBUG] [org.gradle.launcher.daemon.server.DefaultDaemonConnection] thread 33: Received end-of-input from client.
2024-02-23T17:22:04.887-0600 [DEBUG] [org.gradle.launcher.daemon.server.SynchronizedDispatchConnection] thread 32: stopping connection
2024-02-23T17:22:10.609-0600 [DEBUG] [org.gradle.cache.internal.DefaultFileLockManager] Waiting to acquire shared lock on daemon addresses registry.
2024-02-23T17:22:10.610-0600 [DEBUG] [org.gradle.cache.internal.DefaultFileLockManager] Lock acquired on daemon addresses registry.
2024-02-23T17:22:10.610-0600 [DEBUG] [org.gradle.cache.internal.DefaultFileLockManager] Releasing lock on daemon addresses registry.
2024-02-23T17:22:10.612-0600 [DEBUG] [org.gradle.cache.internal.DefaultFileLockManager] Waiting to acquire shared lock on daemon addresses registry.
2024-02-23T17:22:10.612-0600 [DEBUG] [org.gradle.cache.internal.DefaultFileLockManager] Lock acquired on daemon addresses registry.
2024-02-23T17:22:10.612-0600 [DEBUG] [org.gradle.cache.internal.DefaultFileLockManager] Releasing lock on daemon addresses registry.
2024-02-23T17:22:20.607-0600 [DEBUG] [org.gradle.cache.internal.DefaultFileLockManager] Waiting to acquire shared lock on daemon addresses registry.
2024-02-23T17:22:20.608-0600 [DEBUG] [org.gradle.cache.internal.DefaultFileLockManager] Lock acquired on daemon addresses registry.
2024-02-23T17:22:20.608-0600 [DEBUG] [org.gradle.cache.internal.DefaultFileLockManager] Releasing lock on daemon addresses registry.
2024-02-23T17:22:20.609-0600 [DEBUG] [org.gradle.cache.internal.DefaultFileLockManager] Waiting to acquire shared lock on daemon addresses registry.
2024-02-23T17:22:20.609-0600 [DEBUG] [org.gradle.cache.internal.DefaultFileLockManager] Lock acquired on daemon addresses registry.
2024-02-23T17:22:20.609-0600 [DEBUG] [org.gradle.cache.internal.DefaultFileLockManager] Releasing lock on daemon addresses registry.
2024-02-23T17:22:20.610-0600 [DEBUG] [org.gradle.cache.internal.DefaultFileLockManager] Waiting to acquire shared lock on daemon addresses registry.
2024-02-23T17:22:20.611-0600 [DEBUG] [org.gradle.cache.internal.DefaultFileLockManager] Lock acquired on daemon addresses registry.
2024-02-23T17:22:20.611-0600 [DEBUG] [org.gradle.cache.internal.DefaultFileLockManager] Releasing lock on daemon addresses registry.
2024-02-23T17:22:20.798-0600 [DEBUG] [org.gradle.internal.remote.internal.inet.TcpIncomingConnector] Accepted connection from /127.0.0.1:58631 to /127.0.0.1:58616.
2024-02-23T17:22:20.807-0600 [DEBUG] [org.gradle.launcher.daemon.server.SynchronizedDispatchConnection] thread 181: received class org.gradle.launcher.daemon.protocol.Build
2024-02-23T17:22:20.807-0600 [DEBUG] [org.gradle.launcher.daemon.server.DefaultDaemonConnection] thread 181: Received non-IO message from client: Build{id=0d243bd8-cdd6-4250-875b-8599d5553311, currentDir=C:\Users\natha\OneDrive\Desktop\moAppDev\project\Try2\Try2}
2024-02-23T17:22:20.808-0600 [INFO] [org.gradle.launcher.daemon.server.DefaultIncomingConnectionHandler] Received command: Build{id=0d243bd8-cdd6-4250-875b-8599d5553311, currentDir=C:\Users\natha\OneDrive\Desktop\moAppDev\project\Try2\Try2}.
2024-02-23T17:22:20.808-0600 [DEBUG] [org.gradle.launcher.daemon.server.DefaultIncomingConnectionHandler] Starting executing command: Build{id=0d243bd8-cdd6-4250-875b-8599d5553311, currentDir=C:\Users\natha\OneDrive\Desktop\moAppDev\project\Try2\Try2} with connection: socket connection from /127.0.0.1:58616 to /127.0.0.1:58631.
2024-02-23T17:22:20.808-0600 [DEBUG] [org.gradle.launcher.daemon.server.DaemonStateCoordinator] Command execution: started DaemonCommandExecution[command = Build{id=0d243bd8-cdd6-4250-875b-8599d5553311, currentDir=C:\Users\natha\OneDrive\Desktop\moAppDev\project\Try2\Try2}, connection = DefaultDaemonConnection: socket connection from /127.0.0.1:58616 to /127.0.0.1:58631] after 0.0 minutes of idle
2024-02-23T17:22:20.809-0600 [INFO] [org.gradle.launcher.daemon.server.DaemonRegistryUpdater] Marking the daemon as busy, address: [e54d63ce-197c-4e02-a1b4-f50476d901e9 port:58616, addresses:[localhost/127.0.0.1]]
2024-02-23T17:22:20.809-0600 [DEBUG] [org.gradle.launcher.daemon.registry.PersistentDaemonRegistry] Marking busy by address: [e54d63ce-197c-4e02-a1b4-f50476d901e9 port:58616, addresses:[localhost/127.0.0.1]]
2024-02-23T17:22:20.810-0600 [DEBUG] [org.gradle.cache.internal.DefaultFileLockManager] Waiting to acquire exclusive lock on daemon addresses registry.
2024-02-23T17:22:20.811-0600 [DEBUG] [org.gradle.cache.internal.DefaultFileLockManager] Lock acquired on daemon addresses registry.
2024-02-23T17:22:20.813-0600 [DEBUG] [org.gradle.cache.internal.DefaultFileLockManager] Releasing lock on daemon addresses registry.
2024-02-23T17:22:20.813-0600 [DEBUG] [org.gradle.launcher.daemon.server.DaemonStateCoordinator] resetting idle timer
2024-02-23T17:22:20.814-0600 [DEBUG] [org.gradle.launcher.daemon.server.DaemonStateCoordinator] daemon is running. Sleeping until state changes.
2024-02-23T17:22:20.814-0600 [INFO] [org.gradle.launcher.daemon.server.exec.StartBuildOrRespondWithBusy] Daemon is about to start building Build{id=0d243bd8-cdd6-4250-875b-8599d5553311, currentDir=C:\Users\natha\OneDrive\Desktop\moAppDev\project\Try2\Try2}. Dispatching build started information...
2024-02-23T17:22:20.814-0600 [DEBUG] [org.gradle.launcher.daemon.server.SynchronizedDispatchConnection] thread 35: dispatching org.gradle.launcher.daemon.protocol.BuildStarted@17b6c11
2024-02-23T17:22:20.815-0600 [DEBUG] [org.gradle.launcher.daemon.server.SynchronizedDispatchConnection] thread 181: received class org.gradle.launcher.daemon.protocol.CloseInput
2024-02-23T17:22:20.816-0600 [DEBUG] [org.gradle.launcher.daemon.server.exec.EstablishBuildEnvironment] Configuring env variables: [USERDOMAIN_ROAMINGPROFILE, configsetroot, LOCALAPPDATA, PROCESSOR_LEVEL, USERDOMAIN, LOGONSERVER, FPS_BROWSER_APP_PROFILE_STRING, JAVA_HOME, SESSIONNAME, ALLUSERSPROFILE, PROCESSOR_ARCHITECTURE, PSModulePath, SystemDrive, OneDrive, APPDATA, USERNAME, ProgramFiles(x86), CommonProgramFiles, Path, FPS_BROWSER_USER_PROFILE_STRING, PATHEXT, DriverData, OS, COMPUTERNAME, PROCESSOR_REVISION, CommonProgramW6432, ComSpec, ProgramData, ProgramW6432, __PSLockDownPolicy, TEMP, HOMEPATH, SystemRoot, PROCESSOR_IDENTIFIER, HOMEDRIVE, USERPROFILE, TMP, CommonProgramFiles(x86), ProgramFiles, PUBLIC, windir, NUMBER_OF_PROCESSORS, =::, EFC_16992, IDEA_INITIAL_DIRECTORY, ZES_ENABLE_SYSMAN]
2024-02-23T17:22:20.816-0600 [DEBUG] [org.gradle.launcher.daemon.server.DefaultDaemonConnection] thread 181: Received IO message from client: org.gradle.launcher.daemon.protocol.CloseInput@604e00a5
2024-02-23T17:22:20.817-0600 [DEBUG] [org.gradle.launcher.daemon.server.exec.LogToClient] About to start relaying all logs to the client via the connection.
2024-02-23T17:22:20.818-0600 [INFO] [org.gradle.launcher.daemon.server.exec.LogToClient] The client will now receive all logging from the daemon (pid: 9856). The daemon log file: C:\Users\natha\AndroidStudioProjects\Try2\daemon\8.2\daemon-9856.out.log
2024-02-23T17:22:20.819-0600 [INFO] [org.gradle.launcher.daemon.server.exec.LogAndCheckHealth] Starting 2nd build in daemon [uptime: 30.532 secs, performance: 99%, GC rate: 0.00/s, heap usage: 0% of 2 GiB]
2024-02-23T17:22:20.820-0600 [DEBUG] [org.gradle.launcher.daemon.server.exec.ExecuteBuild] The daemon has started executing the build.
2024-02-23T17:22:20.820-0600 [INFO] [org.gradle.launcher.daemon.server.exec.ForwardClientInput] Closing daemon's stdin at end of input.
2024-02-23T17:22:20.820-0600 [INFO] [org.gradle.launcher.daemon.server.exec.ForwardClientInput] The daemon will no longer process any standard input.
2024-02-23T17:22:20.820-0600 [DEBUG] [org.gradle.launcher.daemon.server.exec.ExecuteBuild] Executing build with daemon context: DefaultDaemonContext[uid=de342029-c566-4674-8eaa-5d181d0ab262,javaHome=C:\Program Files\Java\jdk-21,daemonRegistryDir=C:\Users\natha\AndroidStudioProjects\Try2\daemon,pid=9856,idleTimeout=10800000,priority=NORMAL,applyInstrumentationAgent=true,daemonOpts=--add-opens=java.base/java.util=ALL-UNNAMED,--add-opens=java.base/java.lang=ALL-UNNAMED,--add-opens=java.base/java.lang.invoke=ALL-UNNAMED,--add-opens=java.prefs/java.util.prefs=ALL-UNNAMED,--add-opens=java.base/java.nio.charset=ALL-UNNAMED,--add-opens=java.base/java.net=ALL-UNNAMED,--add-opens=java.base/java.util.concurrent.atomic=ALL-UNNAMED,-Xmx2048m,-Dfile.encoding=UTF-8,-Duser.country=US,-Duser.language=en,-Duser.variant]
warning: [options] source value 8 is obsolete and will be removed in a future release
warning: [options] target value 8 is obsolete and will be removed in a future release
warning: [options] To suppress warnings about obsolete options, use -Xlint:-options.
3 warnings

BUILD SUCCESSFUL in 17s
32 actionable tasks: 32 executed
2024-02-23T17:22:38.900-0600 [DEBUG] [org.gradle.launcher.daemon.server.exec.ExecuteBuild] The daemon has finished executing the build.
2024-02-23T17:22:38.913-0600 [DEBUG] [org.gradle.launcher.daemon.server.DaemonStateCoordinator] Command execution: finished waiting for DaemonCommandExecution[command = Build{id=0d243bd8-cdd6-4250-875b-8599d5553311, currentDir=C:\Users\natha\OneDrive\Desktop\moAppDev\project\Try2\Try2}, connection = DefaultDaemonConnection: socket connection from /127.0.0.1:58616 to /127.0.0.1:58631]. Result org.gradle.launcher.daemon.server.DaemonStateCoordinator@56cfbcec with state Busy
2024-02-23T17:22:38.914-0600 [DEBUG] [org.gradle.launcher.daemon.server.DaemonStateCoordinator] Command execution: completed DaemonCommandExecution[command = Build{id=0d243bd8-cdd6-4250-875b-8599d5553311, currentDir=C:\Users\natha\OneDrive\Desktop\moAppDev\project\Try2\Try2}, connection = DefaultDaemonConnection: socket connection from /127.0.0.1:58616 to /127.0.0.1:58631]
2024-02-23T17:22:38.914-0600 [DEBUG] [org.gradle.launcher.daemon.server.DaemonStateCoordinator] resetting idle timer
2024-02-23T17:22:38.914-0600 [INFO] [org.gradle.launcher.daemon.server.DaemonRegistryUpdater] Marking the daemon as idle, address: [e54d63ce-197c-4e02-a1b4-f50476d901e9 port:58616, addresses:[localhost/127.0.0.1]]
2024-02-23T17:22:38.914-0600 [DEBUG] [org.gradle.launcher.daemon.registry.PersistentDaemonRegistry] Marking busy by address: [e54d63ce-197c-4e02-a1b4-f50476d901e9 port:58616, addresses:[localhost/127.0.0.1]]
2024-02-23T17:22:38.916-0600 [DEBUG] [org.gradle.cache.internal.DefaultFileLockManager] Waiting to acquire exclusive lock on daemon addresses registry.
2024-02-23T17:22:38.916-0600 [DEBUG] [org.gradle.cache.internal.DefaultFileLockManager] Lock acquired on daemon addresses registry.
2024-02-23T17:22:38.918-0600 [DEBUG] [org.gradle.cache.internal.DefaultFileLockManager] Releasing lock on daemon addresses registry.
2024-02-23T17:22:38.919-0600 [DEBUG] [org.gradle.launcher.daemon.server.exec.ReturnResult] Daemon is dispatching the build result: Success[value=org.gradle.launcher.exec.BuildActionResult@85e31dd]
2024-02-23T17:22:38.919-0600 [DEBUG] [org.gradle.launcher.daemon.server.DaemonStateCoordinator] daemon is running. Sleeping until state changes.
2024-02-23T17:22:38.919-0600 [DEBUG] [org.gradle.launcher.daemon.server.SynchronizedDispatchConnection] thread 32: dispatching Success[value=org.gradle.launcher.exec.BuildActionResult@85e31dd]
2024-02-23T17:22:38.920-0600 [DEBUG] [org.gradle.launcher.daemon.server.DefaultIncomingConnectionHandler] Finishing executing command: Build{id=0d243bd8-cdd6-4250-875b-8599d5553311, currentDir=C:\Users\natha\OneDrive\Desktop\moAppDev\project\Try2\Try2}
2024-02-23T17:22:38.921-0600 [DEBUG] [org.gradle.launcher.daemon.server.SynchronizedDispatchConnection] thread 181: received class org.gradle.launcher.daemon.protocol.Finished
2024-02-23T17:22:38.921-0600 [DEBUG] [org.gradle.launcher.daemon.server.DefaultDaemonConnection] thread 181: Received non-IO message from client: org.gradle.launcher.daemon.protocol.Finished@6e89f2dc
2024-02-23T17:22:38.921-0600 [DEBUG] [org.gradle.launcher.daemon.server.DefaultIncomingConnectionHandler] Received finished message: org.gradle.launcher.daemon.protocol.Finished@6e89f2dc
2024-02-23T17:22:38.921-0600 [DEBUG] [org.gradle.internal.remote.internal.inet.SocketConnection] Discarding EOFException: java.io.EOFException
2024-02-23T17:22:38.922-0600 [DEBUG] [org.gradle.launcher.daemon.server.SynchronizedDispatchConnection] thread 181: received null
2024-02-23T17:22:38.922-0600 [DEBUG] [org.gradle.launcher.daemon.server.DefaultDaemonConnection] thread 181: Received end-of-input from client.
2024-02-23T17:22:38.922-0600 [DEBUG] [org.gradle.launcher.daemon.server.SynchronizedDispatchConnection] thread 32: stopping connection
2024-02-23T17:22:38.923-0600 [DEBUG] [org.gradle.launcher.daemon.server.SynchronizedDispatchConnection] thread 32: stopping connection
2024-02-23T17:22:40.601-0600 [DEBUG] [org.gradle.cache.internal.DefaultFileLockManager] Waiting to acquire shared lock on daemon addresses registry.
2024-02-23T17:22:40.601-0600 [DEBUG] [org.gradle.cache.internal.DefaultFileLockManager] Lock acquired on daemon addresses registry.
2024-02-23T17:22:40.602-0600 [DEBUG] [org.gradle.cache.internal.DefaultFileLockManager] Releasing lock on daemon addresses registry.
2024-02-23T17:22:40.604-0600 [DEBUG] [org.gradle.cache.internal.DefaultFileLockManager] Waiting to acquire shared lock on daemon addresses registry.
2024-02-23T17:22:40.604-0600 [DEBUG] [org.gradle.cache.internal.DefaultFileLockManager] Lock acquired on daemon addresses registry.
2024-02-23T17:22:40.604-0600 [DEBUG] [org.gradle.cache.internal.DefaultFileLockManager] Releasing lock on daemon addresses registry.
2024-02-23T17:22:50.598-0600 [DEBUG] [org.gradle.cache.internal.DefaultFileLockManager] Waiting to acquire shared lock on daemon addresses registry.
2024-02-23T17:22:50.599-0600 [DEBUG] [org.gradle.cache.internal.DefaultFileLockManager] Lock acquired on daemon addresses registry.
2024-02-23T17:22:50.599-0600 [DEBUG] [org.gradle.cache.internal.DefaultFileLockManager] Releasing lock on daemon addresses registry.
2024-02-23T17:22:50.601-0600 [DEBUG] [org.gradle.cache.internal.DefaultFileLockManager] Waiting to acquire shared lock on daemon addresses registry.
2024-02-23T17:22:50.601-0600 [DEBUG] [org.gradle.cache.internal.DefaultFileLockManager] Lock acquired on daemon addresses registry.
2024-02-23T17:22:50.601-0600 [DEBUG] [org.gradle.cache.internal.DefaultFileLockManager] Releasing lock on daemon addresses registry.
2024-02-23T17:22:50.602-0600 [DEBUG] [org.gradle.cache.internal.DefaultFileLockManager] Waiting to acquire shared lock on daemon addresses registry.
2024-02-23T17:22:50.602-0600 [DEBUG] [org.gradle.cache.internal.DefaultFileLockManager] Lock acquired on daemon addresses registry.
2024-02-23T17:22:50.603-0600 [DEBUG] [org.gradle.cache.internal.DefaultFileLockManager] Releasing lock on daemon addresses registry.
2024-02-23T17:23:00.602-0600 [DEBUG] [org.gradle.cache.internal.DefaultFileLockManager] Waiting to acquire shared lock on daemon addresses registry.
2024-02-23T17:23:00.603-0600 [DEBUG] [org.gradle.cache.internal.DefaultFileLockManager] Lock acquired on daemon addresses registry.
2024-02-23T17:23:00.603-0600 [DEBUG] [org.gradle.cache.internal.DefaultFileLockManager] Releasing lock on daemon addresses registry.
2024-02-23T17:23:00.605-0600 [DEBUG] [org.gradle.cache.internal.DefaultFileLockManager] Waiting to acquire shared lock on daemon addresses registry.
2024-02-23T17:23:00.605-0600 [DEBUG] [org.gradle.cache.internal.DefaultFileLockManager] Lock acquired on daemon addresses registry.
2024-02-23T17:23:00.605-0600 [DEBUG] [org.gradle.cache.internal.DefaultFileLockManager] Releasing lock on daemon addresses registry.
2024-02-23T17:23:00.606-0600 [DEBUG] [org.gradle.cache.internal.DefaultFileLockManager] Waiting to acquire shared lock on daemon addresses registry.
2024-02-23T17:23:00.606-0600 [DEBUG] [org.gradle.cache.internal.DefaultFileLockManager] Lock acquired on daemon addresses registry.
2024-02-23T17:23:00.607-0600 [DEBUG] [org.gradle.cache.internal.DefaultFileLockManager] Releasing lock on daemon addresses registry.
2024-02-23T17:23:06.351-0600 [DEBUG] [org.gradle.process.internal.health.memory.DefaultMemoryManager] 1701602099 memory requested, 1675243520 free
2024-02-23T17:23:06.352-0600 [DEBUG] [org.gradle.workers.internal.WorkerDaemonExpiration] Will attempt to release 1622 of memory
2024-02-23T17:23:06.353-0600 [DEBUG] [org.gradle.process.internal.health.memory.DefaultMemoryManager] 1701602099 memory requested, 0 released, 1675243520 free
2024-02-23T17:23:10.603-0600 [DEBUG] [org.gradle.cache.internal.DefaultFileLockManager] Waiting to acquire shared lock on daemon addresses registry.
2024-02-23T17:23:10.603-0600 [DEBUG] [org.gradle.cache.internal.DefaultFileLockManager] Lock acquired on daemon addresses registry.
2024-02-23T17:23:10.603-0600 [DEBUG] [org.gradle.cache.internal.DefaultFileLockManager] Releasing lock on daemon addresses registry.
2024-02-23T17:23:10.605-0600 [DEBUG] [org.gradle.cache.internal.DefaultFileLockManager] Waiting to acquire shared lock on daemon addresses registry.
2024-02-23T17:23:10.605-0600 [DEBUG] [org.gradle.cache.internal.DefaultFileLockManager] Lock acquired on daemon addresses registry.
2024-02-23T17:23:10.606-0600 [DEBUG] [org.gradle.cache.internal.DefaultFileLockManager] Releasing lock on daemon addresses registry.
2024-02-23T17:23:10.607-0600 [DEBUG] [org.gradle.cache.internal.DefaultFileLockManager] Waiting to acquire shared lock on daemon addresses registry.
2024-02-23T17:23:10.607-0600 [DEBUG] [org.gradle.cache.internal.DefaultFileLockManager] Lock acquired on daemon addresses registry.
2024-02-23T17:23:10.608-0600 [DEBUG] [org.gradle.cache.internal.DefaultFileLockManager] Releasing lock on daemon addresses registry.
2024-02-23T17:23:11.351-0600 [DEBUG] [org.gradle.process.internal.health.memory.DefaultMemoryManager] 1701602099 memory requested, 1692037120 free
2024-02-23T17:23:11.351-0600 [DEBUG] [org.gradle.workers.internal.WorkerDaemonExpiration] Will attempt to release 1622 of memory
2024-02-23T17:23:11.351-0600 [DEBUG] [org.gradle.process.internal.health.memory.DefaultMemoryManager] 1701602099 memory requested, 0 released, 1692037120 free
2024-02-23T17:23:20.596-0600 [DEBUG] [org.gradle.cache.internal.DefaultFileLockManager] Waiting to acquire shared lock on daemon addresses registry.
2024-02-23T17:23:20.596-0600 [DEBUG] [org.gradle.cache.internal.DefaultFileLockManager] Lock acquired on daemon addresses registry.
2024-02-23T17:23:20.596-0600 [DEBUG] [org.gradle.cache.internal.DefaultFileLockManager] Releasing lock on daemon addresses registry.
2024-02-23T17:23:20.598-0600 [DEBUG] [org.gradle.cache.internal.DefaultFileLockManager] Waiting to acquire shared lock on daemon addresses registry.
2024-02-23T17:23:20.598-0600 [DEBUG] [org.gradle.cache.internal.DefaultFileLockManager] Lock acquired on daemon addresses registry.
2024-02-23T17:23:20.598-0600 [DEBUG] [org.gradle.cache.internal.DefaultFileLockManager] Releasing lock on daemon addresses registry.
2024-02-23T17:23:20.599-0600 [DEBUG] [org.gradle.cache.internal.DefaultFileLockManager] Waiting to acquire shared lock on daemon addresses registry.
2024-02-23T17:23:20.600-0600 [DEBUG] [org.gradle.cache.internal.DefaultFileLockManager] Lock acquired on daemon addresses registry.
2024-02-23T17:23:20.600-0600 [DEBUG] [org.gradle.cache.internal.DefaultFileLockManager] Releasing lock on daemon addresses registry.
2024-02-23T17:23:21.355-0600 [DEBUG] [org.gradle.process.internal.health.memory.DefaultMemoryManager] 1701602099 memory requested, 1657548800 free
2024-02-23T17:23:21.355-0600 [DEBUG] [org.gradle.workers.internal.WorkerDaemonExpiration] Will attempt to release 1622 of memory
2024-02-23T17:23:21.355-0600 [DEBUG] [org.gradle.process.internal.health.memory.DefaultMemoryManager] 1701602099 memory requested, 0 released, 1657548800 free
2024-02-23T17:23:21.417-0600 [DEBUG] [org.gradle.internal.remote.internal.inet.TcpIncomingConnector] Accepted connection from /127.0.0.1:58713 to /127.0.0.1:58616.
2024-02-23T17:23:21.421-0600 [DEBUG] [org.gradle.internal.remote.internal.inet.TcpIncomingConnector] Accepted connection from /127.0.0.1:58714 to /127.0.0.1:58616.
2024-02-23T17:23:21.425-0600 [DEBUG] [org.gradle.launcher.daemon.server.SynchronizedDispatchConnection] thread 381: received class org.gradle.launcher.daemon.protocol.StopWhenIdle
2024-02-23T17:23:21.426-0600 [DEBUG] [org.gradle.launcher.daemon.server.DefaultDaemonConnection] thread 381: Received non-IO message from client: StopWhenIdle[id=6e73b943-c3d0-4b4f-ad4f-c813170d8aae]
2024-02-23T17:23:21.426-0600 [INFO] [org.gradle.launcher.daemon.server.DefaultIncomingConnectionHandler] Received command: StopWhenIdle[id=6e73b943-c3d0-4b4f-ad4f-c813170d8aae].
2024-02-23T17:23:21.426-0600 [DEBUG] [org.gradle.launcher.daemon.server.DefaultIncomingConnectionHandler] Starting executing command: StopWhenIdle[id=6e73b943-c3d0-4b4f-ad4f-c813170d8aae] with connection: socket connection from /127.0.0.1:58616 to /127.0.0.1:58713.
2024-02-23T17:23:21.427-0600 [DEBUG] [org.gradle.launcher.daemon.server.SynchronizedDispatchConnection] thread 383: received class org.gradle.launcher.daemon.protocol.StopWhenIdle
2024-02-23T17:23:21.427-0600 [DEBUG] [org.gradle.launcher.daemon.server.DefaultDaemonConnection] thread 383: Received non-IO message from client: StopWhenIdle[id=3022c8f4-1cfb-43fe-9aaf-cc293670d1c2]
2024-02-23T17:23:21.427-0600 [DEBUG] [org.gradle.launcher.daemon.server.DaemonRegistryUpdater] Storing daemon stop event: stop command received
2024-02-23T17:23:21.427-0600 [INFO] [org.gradle.launcher.daemon.server.DefaultIncomingConnectionHandler] Received command: StopWhenIdle[id=3022c8f4-1cfb-43fe-9aaf-cc293670d1c2].
2024-02-23T17:23:21.428-0600 [DEBUG] [org.gradle.launcher.daemon.server.DefaultIncomingConnectionHandler] Starting executing command: StopWhenIdle[id=3022c8f4-1cfb-43fe-9aaf-cc293670d1c2] with connection: socket connection from /127.0.0.1:58616 to /127.0.0.1:58714.
2024-02-23T17:23:21.428-0600 [DEBUG] [org.gradle.launcher.daemon.registry.PersistentDaemonRegistry] Storing daemon stop event with timestamp 1708730601428
2024-02-23T17:23:21.431-0600 [DEBUG] [org.gradle.cache.internal.DefaultFileLockManager] Waiting to acquire exclusive lock on daemon addresses registry.
2024-02-23T17:23:21.433-0600 [DEBUG] [org.gradle.cache.internal.DefaultFileLockManager] Lock acquired on daemon addresses registry.
2024-02-23T17:23:21.437-0600 [DEBUG] [org.gradle.cache.internal.DefaultFileLockManager] Releasing lock on daemon addresses registry.
2024-02-23T17:23:21.438-0600 [LIFECYCLE] [org.gradle.launcher.daemon.server.DaemonStateCoordinator] Daemon will be stopped at the end of the build stop command received
2024-02-23T17:23:21.438-0600 [DEBUG] [org.gradle.launcher.daemon.server.DaemonStateCoordinator] Marking daemon stopped due to stop command received. The daemon is running a build: false
2024-02-23T17:23:21.438-0600 [DEBUG] [org.gradle.launcher.daemon.server.DaemonStateCoordinator] daemon has stopped.
2024-02-23T17:23:21.439-0600 [DEBUG] [org.gradle.launcher.daemon.server.Daemon] stop() called on daemon
2024-02-23T17:23:21.439-0600 [DEBUG] [org.gradle.launcher.daemon.server.SynchronizedDispatchConnection] thread 32: dispatching Success[value=null]
2024-02-23T17:23:21.438-0600 [DEBUG] [org.gradle.launcher.daemon.server.DaemonRegistryUpdater] Storing daemon stop event: stop command received
2024-02-23T17:23:21.439-0600 [DEBUG] [org.gradle.launcher.daemon.server.DefaultIncomingConnectionHandler] Finishing executing command: StopWhenIdle[id=6e73b943-c3d0-4b4f-ad4f-c813170d8aae]
2024-02-23T17:23:21.439-0600 [INFO] [org.gradle.launcher.daemon.server.Daemon] Stop requested. Daemon is removing its presence from the registry...
2024-02-23T17:23:21.439-0600 [DEBUG] [org.gradle.launcher.daemon.server.SynchronizedDispatchConnection] thread 381: received class org.gradle.launcher.daemon.protocol.Finished
2024-02-23T17:23:21.439-0600 [DEBUG] [org.gradle.launcher.daemon.registry.PersistentDaemonRegistry] Storing daemon stop event with timestamp 1708730601439
2024-02-23T17:23:21.440-0600 [DEBUG] [org.gradle.launcher.daemon.server.DefaultDaemonConnection] thread 381: Received non-IO message from client: org.gradle.launcher.daemon.protocol.Finished@3cb18b09
2024-02-23T17:23:21.440-0600 [DEBUG] [org.gradle.launcher.daemon.server.DaemonRegistryUpdater] Removing our presence to clients, eg. removing this address from the registry: [e54d63ce-197c-4e02-a1b4-f50476d901e9 port:58616, addresses:[localhost/127.0.0.1]]
2024-02-23T17:23:21.441-0600 [DEBUG] [org.gradle.internal.remote.internal.inet.SocketConnection] Discarding EOFException: java.io.EOFException
2024-02-23T17:23:21.441-0600 [DEBUG] [org.gradle.launcher.daemon.server.DefaultIncomingConnectionHandler] Received finished message: org.gradle.launcher.daemon.protocol.Finished@3cb18b09
2024-02-23T17:23:21.441-0600 [DEBUG] [org.gradle.launcher.daemon.server.SynchronizedDispatchConnection] thread 381: received null
2024-02-23T17:23:21.441-0600 [DEBUG] [org.gradle.launcher.daemon.server.SynchronizedDispatchConnection] thread 32: stopping connection
2024-02-23T17:23:21.442-0600 [DEBUG] [org.gradle.launcher.daemon.server.DefaultDaemonConnection] thread 381: Received end-of-input from client.
2024-02-23T17:23:21.442-0600 [DEBUG] [org.gradle.cache.internal.DefaultFileLockManager] Waiting to acquire exclusive lock on daemon addresses registry.
2024-02-23T17:23:21.442-0600 [DEBUG] [org.gradle.launcher.daemon.server.SynchronizedDispatchConnection] thread 32: stopping connection
2024-02-23T17:23:21.443-0600 [DEBUG] [org.gradle.cache.internal.DefaultFileLockManager] Lock acquired on daemon addresses registry.
2024-02-23T17:23:21.445-0600 [DEBUG] [org.gradle.cache.internal.DefaultFileLockManager] Releasing lock on daemon addresses registry.
2024-02-23T17:23:21.446-0600 [DEBUG] [org.gradle.launcher.daemon.server.SynchronizedDispatchConnection] thread 382: dispatching Success[value=null]
2024-02-23T17:23:21.447-0600 [DEBUG] [org.gradle.launcher.daemon.registry.PersistentDaemonRegistry] Removing daemon address: [e54d63ce-197c-4e02-a1b4-f50476d901e9 port:58616, addresses:[localhost/127.0.0.1]]
2024-02-23T17:23:21.447-0600 [DEBUG] [org.gradle.launcher.daemon.server.SynchronizedDispatchConnection] thread 383: received class org.gradle.launcher.daemon.protocol.Finished
2024-02-23T17:23:21.447-0600 [DEBUG] [org.gradle.launcher.daemon.server.DefaultIncomingConnectionHandler] Finishing executing command: StopWhenIdle[id=3022c8f4-1cfb-43fe-9aaf-cc293670d1c2]
2024-02-23T17:23:21.448-0600 [DEBUG] [org.gradle.launcher.daemon.server.DefaultDaemonConnection] thread 383: Received non-IO message from client: org.gradle.launcher.daemon.protocol.Finished@33e07ae0
2024-02-23T17:23:21.448-0600 [DEBUG] [org.gradle.launcher.daemon.server.DefaultIncomingConnectionHandler] Received finished message: org.gradle.launcher.daemon.protocol.Finished@33e07ae0
2024-02-23T17:23:21.448-0600 [DEBUG] [org.gradle.internal.remote.internal.inet.SocketConnection] Discarding EOFException: java.io.EOFException
2024-02-23T17:23:21.449-0600 [DEBUG] [org.gradle.launcher.daemon.server.SynchronizedDispatchConnection] thread 383: received null
2024-02-23T17:23:21.448-0600 [DEBUG] [org.gradle.launcher.daemon.server.SynchronizedDispatchConnection] thread 382: stopping connection
2024-02-23T17:23:21.449-0600 [DEBUG] [org.gradle.launcher.daemon.server.DefaultDaemonConnection] thread 383: Received end-of-input from client.
2024-02-23T17:23:21.450-0600 [DEBUG] [org.gradle.launcher.daemon.server.SynchronizedDispatchConnection] thread 382: stopping connection
2024-02-23T17:23:21.451-0600 [DEBUG] [org.gradle.cache.internal.DefaultFileLockManager] Waiting to acquire exclusive lock on daemon addresses registry.
2024-02-23T17:23:21.452-0600 [DEBUG] [org.gradle.cache.internal.DefaultFileLockManager] Lock acquired on daemon addresses registry.
2024-02-23T17:23:21.455-0600 [DEBUG] [org.gradle.cache.internal.DefaultFileLockManager] Releasing lock on daemon addresses registry.
2024-02-23T17:23:21.456-0600 [DEBUG] [org.gradle.launcher.daemon.server.DaemonRegistryUpdater] Address removed from registry.
2024-02-23T17:23:21.459-0600 [DEBUG] [org.gradle.cache.internal.LockOnDemandCrossProcessCacheAccess] Releasing file lock for jars (C:\Users\natha\AndroidStudioProjects\Try2\caches\jars-9)
2024-02-23T17:23:21.460-0600 [DEBUG] [org.gradle.cache.internal.DefaultFileLockManager] Releasing lock on jars (C:\Users\natha\AndroidStudioProjects\Try2\caches\jars-9).
2024-02-23T17:23:21.461-0600 [DEBUG] [org.gradle.cache.internal.DefaultPersistentDirectoryStore] jars (C:\Users\natha\AndroidStudioProjects\Try2\caches\jars-9) has last been fully cleaned up 16 hours ago
2024-02-23T17:23:21.462-0600 [DEBUG] [org.gradle.cache.internal.LockOnDemandCrossProcessCacheAccess] Releasing file lock for Artifact transforms cache (C:\Users\natha\AndroidStudioProjects\Try2\caches\transforms-3)
2024-02-23T17:23:21.462-0600 [DEBUG] [org.gradle.cache.internal.DefaultFileLockManager] Releasing lock on Artifact transforms cache (C:\Users\natha\AndroidStudioProjects\Try2\caches\transforms-3).
2024-02-23T17:23:21.463-0600 [DEBUG] [org.gradle.cache.internal.DefaultPersistentDirectoryStore] Artifact transforms cache (C:\Users\natha\AndroidStudioProjects\Try2\caches\transforms-3) has last been fully cleaned up 16 hours ago
2024-02-23T17:23:21.464-0600 [DEBUG] [org.gradle.cache.internal.LockOnDemandCrossProcessCacheAccess] Releasing file lock for kotlin-dsl (C:\Users\natha\AndroidStudioProjects\Try2\caches\8.2\kotlin-dsl)
2024-02-23T17:23:21.464-0600 [DEBUG] [org.gradle.cache.internal.btree.BTreePersistentIndexedCache] Closing cache executionHistory.bin (C:\Users\natha\AndroidStudioProjects\Try2\caches\8.2\kotlin-dsl\executionHistory.bin)
2024-02-23T17:23:21.465-0600 [DEBUG] [org.gradle.cache.internal.DefaultFileLockManager] Releasing lock on kotlin-dsl (C:\Users\natha\AndroidStudioProjects\Try2\caches\8.2\kotlin-dsl).
2024-02-23T17:23:21.466-0600 [DEBUG] [org.gradle.cache.internal.DefaultPersistentDirectoryStore] kotlin-dsl (C:\Users\natha\AndroidStudioProjects\Try2\caches\8.2\kotlin-dsl) has last been fully cleaned up 16 hours ago
2024-02-23T17:23:21.474-0600 [DEBUG] [org.gradle.cache.internal.LockOnDemandCrossProcessCacheAccess] Releasing file lock for file content cache (C:\Users\natha\AndroidStudioProjects\Try2\caches\8.2\fileContent)
2024-02-23T17:23:21.475-0600 [DEBUG] [org.gradle.cache.internal.btree.BTreePersistentIndexedCache] Closing cache annotation-processors.bin (C:\Users\natha\AndroidStudioProjects\Try2\caches\8.2\fileContent\annotation-processors.bin)
2024-02-23T17:23:21.476-0600 [DEBUG] [org.gradle.cache.internal.DefaultFileLockManager] Releasing lock on file content cache (C:\Users\natha\AndroidStudioProjects\Try2\caches\8.2\fileContent).
2024-02-23T17:23:21.477-0600 [DEBUG] [org.gradle.internal.watch.vfs.impl.WatchingVirtualFileSystem] Closing VFS, dropping state
2024-02-23T17:23:21.479-0600 [DEBUG] [org.gradle.internal.watch.registry.impl.DefaultFileWatcherRegistry] Finished listening to file system change events
2024-02-23T17:23:21.479-0600 [DEBUG] [org.gradle.cache.internal.LockOnDemandCrossProcessCacheAccess] Releasing file lock for Generated Gradle JARs cache (C:\Users\natha\AndroidStudioProjects\Try2\caches\8.2\generated-gradle-jars)
2024-02-23T17:23:21.480-0600 [DEBUG] [org.gradle.cache.internal.DefaultFileLockManager] Releasing lock on Generated Gradle JARs cache (C:\Users\natha\AndroidStudioProjects\Try2\caches\8.2\generated-gradle-jars).
2024-02-23T17:23:21.481-0600 [DEBUG] [org.gradle.cache.internal.LockOnDemandCrossProcessCacheAccess] Releasing file lock for artifact cache (C:\Users\natha\AndroidStudioProjects\Try2\caches\modules-2)
2024-02-23T17:23:21.481-0600 [DEBUG] [org.gradle.cache.internal.btree.BTreePersistentIndexedCache] Closing cache module-artifact.bin (C:\Users\natha\AndroidStudioProjects\Try2\caches\modules-2\metadata-2.106\module-artifact.bin)
2024-02-23T17:23:21.481-0600 [DEBUG] [org.gradle.cache.internal.btree.BTreePersistentIndexedCache] Closing cache module-metadata.bin (C:\Users\natha\AndroidStudioProjects\Try2\caches\modules-2\metadata-2.106\module-metadata.bin)
2024-02-23T17:23:21.482-0600 [DEBUG] [org.gradle.cache.internal.btree.BTreePersistentIndexedCache] Closing cache module-artifacts.bin (C:\Users\natha\AndroidStudioProjects\Try2\caches\modules-2\metadata-2.106\module-artifacts.bin)
2024-02-23T17:23:21.483-0600 [DEBUG] [org.gradle.cache.internal.DefaultFileLockManager] Releasing lock on artifact cache (C:\Users\natha\AndroidStudioProjects\Try2\caches\modules-2).
2024-02-23T17:23:21.483-0600 [DEBUG] [org.gradle.cache.internal.DefaultPersistentDirectoryStore] artifact cache (C:\Users\natha\AndroidStudioProjects\Try2\caches\modules-2) has last been fully cleaned up 16 hours ago
2024-02-23T17:23:21.484-0600 [DEBUG] [org.gradle.cache.internal.LockOnDemandCrossProcessCacheAccess] Releasing file lock for journal cache (C:\Users\natha\AndroidStudioProjects\Try2\caches\journal-1)
2024-02-23T17:23:21.484-0600 [DEBUG] [org.gradle.cache.internal.btree.BTreePersistentIndexedCache] Closing cache file-access.bin (C:\Users\natha\AndroidStudioProjects\Try2\caches\journal-1\file-access.bin)
2024-02-23T17:23:21.485-0600 [DEBUG] [org.gradle.cache.internal.DefaultFileLockManager] Releasing lock on journal cache (C:\Users\natha\AndroidStudioProjects\Try2\caches\journal-1).
2024-02-23T17:23:21.485-0600 [DEBUG] [org.gradle.cache.internal.LockOnDemandCrossProcessCacheAccess] Releasing file lock for file hash cache (C:\Users\natha\AndroidStudioProjects\Try2\caches\8.2\fileHashes)
2024-02-23T17:23:21.486-0600 [DEBUG] [org.gradle.cache.internal.btree.BTreePersistentIndexedCache] Closing cache fileHashes.bin (C:\Users\natha\AndroidStudioProjects\Try2\caches\8.2\fileHashes\fileHashes.bin)
2024-02-23T17:23:21.486-0600 [DEBUG] [org.gradle.cache.internal.btree.BTreePersistentIndexedCache] Closing cache resourceHashesCache.bin (C:\Users\natha\AndroidStudioProjects\Try2\caches\8.2\fileHashes\resourceHashesCache.bin)
2024-02-23T17:23:21.487-0600 [DEBUG] [org.gradle.cache.internal.DefaultFileLockManager] Releasing lock on file hash cache (C:\Users\natha\AndroidStudioProjects\Try2\caches\8.2\fileHashes).
2024-02-23T17:23:21.488-0600 [DEBUG] [org.gradle.cache.internal.LockOnDemandCrossProcessCacheAccess] Releasing file lock for execution history cache (C:\Users\natha\AndroidStudioProjects\Try2\caches\8.2\executionHistory)
2024-02-23T17:23:21.489-0600 [DEBUG] [org.gradle.cache.internal.btree.BTreePersistentIndexedCache] Closing cache executionHistory.bin (C:\Users\natha\AndroidStudioProjects\Try2\caches\8.2\executionHistory\executionHistory.bin)
2024-02-23T17:23:21.490-0600 [DEBUG] [org.gradle.cache.internal.DefaultFileLockManager] Releasing lock on execution history cache (C:\Users\natha\AndroidStudioProjects\Try2\caches\8.2\executionHistory).
2024-02-23T17:23:21.491-0600 [DEBUG] [org.gradle.cache.internal.LockOnDemandCrossProcessCacheAccess] Releasing file lock for Java compile cache (C:\Users\natha\AndroidStudioProjects\Try2\caches\8.2\javaCompile)
2024-02-23T17:23:21.492-0600 [DEBUG] [org.gradle.cache.internal.btree.BTreePersistentIndexedCache] Closing cache jarAnalysis.bin (C:\Users\natha\AndroidStudioProjects\Try2\caches\8.2\javaCompile\jarAnalysis.bin)
2024-02-23T17:23:21.492-0600 [DEBUG] [org.gradle.cache.internal.btree.BTreePersistentIndexedCache] Closing cache classAnalysis.bin (C:\Users\natha\AndroidStudioProjects\Try2\caches\8.2\javaCompile\classAnalysis.bin)
2024-02-23T17:23:21.493-0600 [DEBUG] [org.gradle.cache.internal.DefaultFileLockManager] Releasing lock on Java compile cache (C:\Users\natha\AndroidStudioProjects\Try2\caches\8.2\javaCompile).
2024-02-23T17:23:21.496-0600 [DEBUG] [java.lang.Runtime] Runtime.exit() called with status: 0
java.lang.Throwable: Runtime.exit(0)
	at java.base/java.lang.Shutdown.logRuntimeExit(Shutdown.java:179)
	at java.base/java.lang.Shutdown.exit(Shutdown.java:160)
	at java.base/java.lang.Runtime.exit(Runtime.java:188)
	at java.base/java.lang.System.exit(System.java:1920)
	at org.gradle.launcher.bootstrap.ProcessCompleter.complete(ProcessCompleter.java:21)
	at org.gradle.launcher.bootstrap.EntryPoint.run(EntryPoint.java:59)
	at java.base/jdk.internal.reflect.DirectMethodHandleAccessor.invoke(DirectMethodHandleAccessor.java:103)
	at java.base/java.lang.reflect.Method.invoke(Method.java:580)
	at org.gradle.launcher.bootstrap.ProcessBootstrap.runNoExit(ProcessBootstrap.java:60)
	at org.gradle.launcher.bootstrap.ProcessBootstrap.run(ProcessBootstrap.java:37)
	at org.gradle.launcher.daemon.bootstrap.GradleDaemon.main(GradleDaemon.java:22)
2024-02-23T17:23:21.498-0600 [DEBUG] [org.gradle.launcher.daemon.registry.PersistentDaemonRegistry] Removing daemon address: [e54d63ce-197c-4e02-a1b4-f50476d901e9 port:58616, addresses:[localhost/127.0.0.1]]
Daemon vm is shutting down... The daemon has exited normally or was terminated in response to a user interrupt.
2024-02-23T17:23:21.501-0600 [DEBUG] [org.gradle.cache.internal.DefaultFileLockManager] Waiting to acquire exclusive lock on daemon addresses registry.
2024-02-23T17:23:21.501-0600 [DEBUG] [org.gradle.cache.internal.DefaultFileLockManager] Lock acquired on daemon addresses registry.
2024-02-23T17:23:21.504-0600 [DEBUG] [org.gradle.cache.internal.DefaultFileLockManager] Releasing lock on daemon addresses registry.
