2024-02-22T01:08:24.612-0600 [DEBUG] [org.gradle.launcher.daemon.bootstrap.DaemonMain] Assuming the daemon was started with following jvm opts: [--add-opens=java.base/java.util=ALL-UNNAMED, --add-opens=java.base/java.lang=ALL-UNNAMED, --add-opens=java.base/java.lang.invoke=ALL-UNNAMED, --add-opens=java.prefs/java.util.prefs=ALL-UNNAMED, --add-opens=java.base/java.nio.charset=ALL-UNNAMED, --add-opens=java.base/java.net=ALL-UNNAMED, --add-opens=java.base/java.util.concurrent.atomic=ALL-UNNAMED, -Xmx2048m, -Dfile.encoding=UTF-8, -Duser.country=US, -Duser.language=en, -Duser.variant]
2024-02-22T01:08:24.792-0600 [DEBUG] [org.gradle.internal.nativeintegration.services.NativeServices] Native-platform posix files integration is not available. Continuing with fallback.
2024-02-22T01:08:24.810-0600 [INFO] [org.gradle.launcher.daemon.server.Daemon] start() called on daemon - DefaultDaemonContext[uid=9823908c-42fe-48b8-8145-a646017efe77,javaHome=C:\Program Files\Java\jdk-21,daemonRegistryDir=C:\Users\natha\AndroidStudioProjects\Try2\daemon,pid=4628,idleTimeout=10800000,priority=NORMAL,applyInstrumentationAgent=true,daemonOpts=--add-opens=java.base/java.util=ALL-UNNAMED,--add-opens=java.base/java.lang=ALL-UNNAMED,--add-opens=java.base/java.lang.invoke=ALL-UNNAMED,--add-opens=java.prefs/java.util.prefs=ALL-UNNAMED,--add-opens=java.base/java.nio.charset=ALL-UNNAMED,--add-opens=java.base/java.net=ALL-UNNAMED,--add-opens=java.base/java.util.concurrent.atomic=ALL-UNNAMED,-Xmx2048m,-Dfile.encoding=UTF-8,-Duser.country=US,-Duser.language=en,-Duser.variant]
2024-02-22T01:08:24.887-0600 [DEBUG] [org.gradle.internal.remote.internal.inet.InetAddresses] Adding IP addresses for network interface TAP-NordVPN Windows Adapter V9-WFP Native MAC Layer LightWeight Filter-0000
2024-02-22T01:08:24.887-0600 [DEBUG] [org.gradle.internal.remote.internal.inet.InetAddresses] Is this a loopback interface? false
2024-02-22T01:08:24.888-0600 [DEBUG] [org.gradle.internal.remote.internal.inet.InetAddresses] Adding IP addresses for network interface Killer E2500 Gigabit Ethernet Controller-WFP Native MAC Layer LightWeight Filter-0000
2024-02-22T01:08:24.888-0600 [DEBUG] [org.gradle.internal.remote.internal.inet.InetAddresses] Is this a loopback interface? false
2024-02-22T01:08:24.888-0600 [DEBUG] [org.gradle.internal.remote.internal.inet.InetAddresses] Adding IP addresses for network interface TAP-NordVPN Windows Adapter V9-QoS Packet Scheduler-0000
2024-02-22T01:08:24.889-0600 [DEBUG] [org.gradle.internal.remote.internal.inet.InetAddresses] Is this a loopback interface? false
2024-02-22T01:08:24.889-0600 [DEBUG] [org.gradle.internal.remote.internal.inet.InetAddresses] Adding IP addresses for network interface TAP-NordVPN Windows Adapter V9-WFP 802.3 MAC Layer LightWeight Filter-0000
2024-02-22T01:08:24.890-0600 [DEBUG] [org.gradle.internal.remote.internal.inet.InetAddresses] Is this a loopback interface? false
2024-02-22T01:08:24.890-0600 [DEBUG] [org.gradle.internal.remote.internal.inet.InetAddresses] Adding IP addresses for network interface Killer E2500 Gigabit Ethernet Controller-QoS Packet Scheduler-0000
2024-02-22T01:08:24.890-0600 [DEBUG] [org.gradle.internal.remote.internal.inet.InetAddresses] Is this a loopback interface? false
2024-02-22T01:08:24.891-0600 [DEBUG] [org.gradle.internal.remote.internal.inet.InetAddresses] Adding IP addresses for network interface Killer E2500 Gigabit Ethernet Controller-WFP 802.3 MAC Layer LightWeight Filter-0000
2024-02-22T01:08:24.891-0600 [DEBUG] [org.gradle.internal.remote.internal.inet.InetAddresses] Is this a loopback interface? false
2024-02-22T01:08:24.891-0600 [DEBUG] [org.gradle.internal.remote.internal.inet.InetAddresses] Adding IP addresses for network interface WAN Miniport (IP)-WFP Native MAC Layer LightWeight Filter-0000
2024-02-22T01:08:24.892-0600 [DEBUG] [org.gradle.internal.remote.internal.inet.InetAddresses] Is this a loopback interface? false
2024-02-22T01:08:24.892-0600 [DEBUG] [org.gradle.internal.remote.internal.inet.InetAddresses] Adding IP addresses for network interface WAN Miniport (IP)-QoS Packet Scheduler-0000
2024-02-22T01:08:24.892-0600 [DEBUG] [org.gradle.internal.remote.internal.inet.InetAddresses] Is this a loopback interface? false
2024-02-22T01:08:24.892-0600 [DEBUG] [org.gradle.internal.remote.internal.inet.InetAddresses] Adding IP addresses for network interface WAN Miniport (IPv6)-WFP Native MAC Layer LightWeight Filter-0000
2024-02-22T01:08:24.893-0600 [DEBUG] [org.gradle.internal.remote.internal.inet.InetAddresses] Is this a loopback interface? false
2024-02-22T01:08:24.893-0600 [DEBUG] [org.gradle.internal.remote.internal.inet.InetAddresses] Adding IP addresses for network interface WAN Miniport (IPv6)-QoS Packet Scheduler-0000
2024-02-22T01:08:24.893-0600 [DEBUG] [org.gradle.internal.remote.internal.inet.InetAddresses] Is this a loopback interface? false
2024-02-22T01:08:24.894-0600 [DEBUG] [org.gradle.internal.remote.internal.inet.InetAddresses] Adding IP addresses for network interface WAN Miniport (Network Monitor)-WFP Native MAC Layer LightWeight Filter-0000
2024-02-22T01:08:24.894-0600 [DEBUG] [org.gradle.internal.remote.internal.inet.InetAddresses] Is this a loopback interface? false
2024-02-22T01:08:24.894-0600 [DEBUG] [org.gradle.internal.remote.internal.inet.InetAddresses] Adding IP addresses for network interface WAN Miniport (Network Monitor)-QoS Packet Scheduler-0000
2024-02-22T01:08:24.894-0600 [DEBUG] [org.gradle.internal.remote.internal.inet.InetAddresses] Is this a loopback interface? false
2024-02-22T01:08:24.895-0600 [DEBUG] [org.gradle.internal.remote.internal.inet.InetAddresses] Adding IP addresses for network interface Microsoft Kernel Debug Network Adapter
2024-02-22T01:08:24.895-0600 [DEBUG] [org.gradle.internal.remote.internal.inet.InetAddresses] Is this a loopback interface? false
2024-02-22T01:08:24.895-0600 [DEBUG] [org.gradle.internal.remote.internal.inet.InetAddresses] Adding IP addresses for network interface Killer E2500 Gigabit Ethernet Controller
2024-02-22T01:08:24.896-0600 [DEBUG] [org.gradle.internal.remote.internal.inet.InetAddresses] Is this a loopback interface? false
2024-02-22T01:08:24.896-0600 [DEBUG] [org.gradle.internal.remote.internal.inet.InetAddresses] Adding IP addresses for network interface Bluetooth Device (Personal Area Network)
2024-02-22T01:08:24.896-0600 [DEBUG] [org.gradle.internal.remote.internal.inet.InetAddresses] Is this a loopback interface? false
2024-02-22T01:08:24.897-0600 [DEBUG] [org.gradle.internal.remote.internal.inet.InetAddresses] Adding IP addresses for network interface WAN Miniport (IP)
2024-02-22T01:08:24.897-0600 [DEBUG] [org.gradle.internal.remote.internal.inet.InetAddresses] Is this a loopback interface? false
2024-02-22T01:08:24.897-0600 [DEBUG] [org.gradle.internal.remote.internal.inet.InetAddresses] Adding IP addresses for network interface WAN Miniport (IPv6)
2024-02-22T01:08:24.898-0600 [DEBUG] [org.gradle.internal.remote.internal.inet.InetAddresses] Is this a loopback interface? false
2024-02-22T01:08:24.898-0600 [DEBUG] [org.gradle.internal.remote.internal.inet.InetAddresses] Adding IP addresses for network interface WAN Miniport (Network Monitor)
2024-02-22T01:08:24.899-0600 [DEBUG] [org.gradle.internal.remote.internal.inet.InetAddresses] Is this a loopback interface? false
2024-02-22T01:08:24.899-0600 [DEBUG] [org.gradle.internal.remote.internal.inet.InetAddresses] Adding IP addresses for network interface TAP-NordVPN Windows Adapter V9
2024-02-22T01:08:24.900-0600 [DEBUG] [org.gradle.internal.remote.internal.inet.InetAddresses] Is this a loopback interface? false
2024-02-22T01:08:24.900-0600 [DEBUG] [org.gradle.internal.remote.internal.inet.InetAddresses] Adding IP addresses for network interface WAN Miniport (PPPOE)
2024-02-22T01:08:24.900-0600 [DEBUG] [org.gradle.internal.remote.internal.inet.InetAddresses] Is this a loopback interface? false
2024-02-22T01:08:24.901-0600 [DEBUG] [org.gradle.internal.remote.internal.inet.InetAddresses] Adding IP addresses for network interface Software Loopback Interface 1
2024-02-22T01:08:24.901-0600 [DEBUG] [org.gradle.internal.remote.internal.inet.InetAddresses] Is this a loopback interface? true
2024-02-22T01:08:24.901-0600 [DEBUG] [org.gradle.internal.remote.internal.inet.InetAddresses] Adding loopback address /0:0:0:0:0:0:0:1
2024-02-22T01:08:24.901-0600 [DEBUG] [org.gradle.internal.remote.internal.inet.InetAddresses] Adding loopback address /127.0.0.1
2024-02-22T01:08:24.902-0600 [DEBUG] [org.gradle.internal.remote.internal.inet.InetAddresses] Adding IP addresses for network interface NordLynx Tunnel
2024-02-22T01:08:24.902-0600 [DEBUG] [org.gradle.internal.remote.internal.inet.InetAddresses] Is this a loopback interface? false
2024-02-22T01:08:24.902-0600 [DEBUG] [org.gradle.internal.remote.internal.inet.InetAddresses] Adding IP addresses for network interface Killer(R) Wireless-AC 1550i Wireless Network Adapter (9560NGW) 160MHz-WFP Native MAC Layer LightWeight Filter-0000
2024-02-22T01:08:24.902-0600 [DEBUG] [org.gradle.internal.remote.internal.inet.InetAddresses] Is this a loopback interface? false
2024-02-22T01:08:24.903-0600 [DEBUG] [org.gradle.internal.remote.internal.inet.InetAddresses] Adding IP addresses for network interface Killer(R) Wireless-AC 1550i Wireless Network Adapter (9560NGW) 160MHz-Virtual WiFi Filter Driver-0000
2024-02-22T01:08:24.903-0600 [DEBUG] [org.gradle.internal.remote.internal.inet.InetAddresses] Is this a loopback interface? false
2024-02-22T01:08:24.903-0600 [DEBUG] [org.gradle.internal.remote.internal.inet.InetAddresses] Adding IP addresses for network interface Killer(R) Wireless-AC 1550i Wireless Network Adapter (9560NGW) 160MHz-Native WiFi Filter Driver-0000
2024-02-22T01:08:24.903-0600 [DEBUG] [org.gradle.internal.remote.internal.inet.InetAddresses] Is this a loopback interface? false
2024-02-22T01:08:24.904-0600 [DEBUG] [org.gradle.internal.remote.internal.inet.InetAddresses] Adding IP addresses for network interface Microsoft Wi-Fi Direct Virtual Adapter-WFP Native MAC Layer LightWeight Filter-0000
2024-02-22T01:08:24.904-0600 [DEBUG] [org.gradle.internal.remote.internal.inet.InetAddresses] Is this a loopback interface? false
2024-02-22T01:08:24.904-0600 [DEBUG] [org.gradle.internal.remote.internal.inet.InetAddresses] Adding IP addresses for network interface Microsoft Wi-Fi Direct Virtual Adapter-Native WiFi Filter Driver-0000
2024-02-22T01:08:24.904-0600 [DEBUG] [org.gradle.internal.remote.internal.inet.InetAddresses] Is this a loopback interface? false
2024-02-22T01:08:24.904-0600 [DEBUG] [org.gradle.internal.remote.internal.inet.InetAddresses] Adding IP addresses for network interface Killer(R) Wireless-AC 1550i Wireless Network Adapter (9560NGW) 160MHz-QoS Packet Scheduler-0000
2024-02-22T01:08:24.905-0600 [DEBUG] [org.gradle.internal.remote.internal.inet.InetAddresses] Is this a loopback interface? false
2024-02-22T01:08:24.905-0600 [DEBUG] [org.gradle.internal.remote.internal.inet.InetAddresses] Adding IP addresses for network interface Killer(R) Wireless-AC 1550i Wireless Network Adapter (9560NGW) 160MHz-WFP 802.3 MAC Layer LightWeight Filter-0000
2024-02-22T01:08:24.905-0600 [DEBUG] [org.gradle.internal.remote.internal.inet.InetAddresses] Is this a loopback interface? false
2024-02-22T01:08:24.906-0600 [DEBUG] [org.gradle.internal.remote.internal.inet.InetAddresses] Adding IP addresses for network interface Microsoft Wi-Fi Direct Virtual Adapter-QoS Packet Scheduler-0000
2024-02-22T01:08:24.907-0600 [DEBUG] [org.gradle.internal.remote.internal.inet.InetAddresses] Is this a loopback interface? false
2024-02-22T01:08:24.907-0600 [DEBUG] [org.gradle.internal.remote.internal.inet.InetAddresses] Adding IP addresses for network interface Microsoft Wi-Fi Direct Virtual Adapter-WFP 802.3 MAC Layer LightWeight Filter-0000
2024-02-22T01:08:24.907-0600 [DEBUG] [org.gradle.internal.remote.internal.inet.InetAddresses] Is this a loopback interface? false
2024-02-22T01:08:24.907-0600 [DEBUG] [org.gradle.internal.remote.internal.inet.InetAddresses] Adding IP addresses for network interface Microsoft Wi-Fi Direct Virtual Adapter #2-WFP Native MAC Layer LightWeight Filter-0000
2024-02-22T01:08:24.908-0600 [DEBUG] [org.gradle.internal.remote.internal.inet.InetAddresses] Is this a loopback interface? false
2024-02-22T01:08:24.908-0600 [DEBUG] [org.gradle.internal.remote.internal.inet.InetAddresses] Adding IP addresses for network interface Microsoft Wi-Fi Direct Virtual Adapter #2-Native WiFi Filter Driver-0000
2024-02-22T01:08:24.908-0600 [DEBUG] [org.gradle.internal.remote.internal.inet.InetAddresses] Is this a loopback interface? false
2024-02-22T01:08:24.908-0600 [DEBUG] [org.gradle.internal.remote.internal.inet.InetAddresses] Adding IP addresses for network interface Microsoft Wi-Fi Direct Virtual Adapter #2-QoS Packet Scheduler-0000
2024-02-22T01:08:24.909-0600 [DEBUG] [org.gradle.internal.remote.internal.inet.InetAddresses] Is this a loopback interface? false
2024-02-22T01:08:24.909-0600 [DEBUG] [org.gradle.internal.remote.internal.inet.InetAddresses] Adding IP addresses for network interface Microsoft Wi-Fi Direct Virtual Adapter #2-WFP 802.3 MAC Layer LightWeight Filter-0000
2024-02-22T01:08:24.909-0600 [DEBUG] [org.gradle.internal.remote.internal.inet.InetAddresses] Is this a loopback interface? false
2024-02-22T01:08:24.909-0600 [DEBUG] [org.gradle.internal.remote.internal.inet.InetAddresses] Adding IP addresses for network interface Killer(R) Wireless-AC 1550i Wireless Network Adapter (9560NGW) 160MHz
2024-02-22T01:08:24.909-0600 [DEBUG] [org.gradle.internal.remote.internal.inet.InetAddresses] Is this a loopback interface? false
2024-02-22T01:08:24.910-0600 [DEBUG] [org.gradle.internal.remote.internal.inet.InetAddresses] Adding remote address /192.168.1.170
2024-02-22T01:08:24.910-0600 [DEBUG] [org.gradle.internal.remote.internal.inet.InetAddresses] Adding IP addresses for network interface Microsoft Wi-Fi Direct Virtual Adapter
2024-02-22T01:08:24.910-0600 [DEBUG] [org.gradle.internal.remote.internal.inet.InetAddresses] Is this a loopback interface? false
2024-02-22T01:08:24.910-0600 [DEBUG] [org.gradle.internal.remote.internal.inet.InetAddresses] Adding IP addresses for network interface Microsoft Wi-Fi Direct Virtual Adapter #2
2024-02-22T01:08:24.910-0600 [DEBUG] [org.gradle.internal.remote.internal.inet.InetAddresses] Is this a loopback interface? false
2024-02-22T01:08:24.911-0600 [DEBUG] [org.gradle.internal.remote.internal.inet.InetAddresses] Adding remote address /fe80:0:0:0:dd30:26fd:1997:e9f0%wireless_32770
2024-02-22T01:08:24.911-0600 [DEBUG] [org.gradle.internal.remote.internal.inet.InetAddresses] Adding IP addresses for network interface Microsoft Teredo Tunneling Adapter
2024-02-22T01:08:24.911-0600 [DEBUG] [org.gradle.internal.remote.internal.inet.InetAddresses] Is this a loopback interface? false
2024-02-22T01:08:24.911-0600 [DEBUG] [org.gradle.internal.remote.internal.inet.InetAddresses] Adding IP addresses for network interface Microsoft IP-HTTPS Platform Adapter
2024-02-22T01:08:24.911-0600 [DEBUG] [org.gradle.internal.remote.internal.inet.InetAddresses] Is this a loopback interface? false
2024-02-22T01:08:24.912-0600 [DEBUG] [org.gradle.internal.remote.internal.inet.InetAddresses] Adding IP addresses for network interface Microsoft 6to4 Adapter
2024-02-22T01:08:24.912-0600 [DEBUG] [org.gradle.internal.remote.internal.inet.InetAddresses] Is this a loopback interface? false
2024-02-22T01:08:24.912-0600 [DEBUG] [org.gradle.internal.remote.internal.inet.InetAddresses] Adding IP addresses for network interface WAN Miniport (SSTP)
2024-02-22T01:08:24.912-0600 [DEBUG] [org.gradle.internal.remote.internal.inet.InetAddresses] Is this a loopback interface? false
2024-02-22T01:08:24.912-0600 [DEBUG] [org.gradle.internal.remote.internal.inet.InetAddresses] Adding IP addresses for network interface WAN Miniport (IKEv2)
2024-02-22T01:08:24.913-0600 [DEBUG] [org.gradle.internal.remote.internal.inet.InetAddresses] Is this a loopback interface? false
2024-02-22T01:08:24.913-0600 [DEBUG] [org.gradle.internal.remote.internal.inet.InetAddresses] Adding IP addresses for network interface WAN Miniport (L2TP)
2024-02-22T01:08:24.913-0600 [DEBUG] [org.gradle.internal.remote.internal.inet.InetAddresses] Is this a loopback interface? false
2024-02-22T01:08:24.913-0600 [DEBUG] [org.gradle.internal.remote.internal.inet.InetAddresses] Adding IP addresses for network interface WAN Miniport (PPTP)
2024-02-22T01:08:24.914-0600 [DEBUG] [org.gradle.internal.remote.internal.inet.InetAddresses] Is this a loopback interface? false
2024-02-22T01:08:24.916-0600 [DEBUG] [org.gradle.internal.remote.internal.inet.TcpIncomingConnector] Listening on [b3c63e0d-ebe8-42ac-903d-acfa3f3d2969 port:62847, addresses:[localhost/127.0.0.1]].
2024-02-22T01:08:24.923-0600 [DEBUG] [org.gradle.launcher.daemon.server.Daemon] Daemon starting at: Thu Feb 22 01:08:24 CST 2024, with address: [b3c63e0d-ebe8-42ac-903d-acfa3f3d2969 port:62847, addresses:[localhost/127.0.0.1]]
2024-02-22T01:08:24.923-0600 [INFO] [org.gradle.launcher.daemon.server.DaemonRegistryUpdater] Advertising the daemon address to the clients: [b3c63e0d-ebe8-42ac-903d-acfa3f3d2969 port:62847, addresses:[localhost/127.0.0.1]]
2024-02-22T01:08:24.924-0600 [DEBUG] [org.gradle.launcher.daemon.server.DaemonRegistryUpdater] Advertised daemon context: DefaultDaemonContext[uid=9823908c-42fe-48b8-8145-a646017efe77,javaHome=C:\Program Files\Java\jdk-21,daemonRegistryDir=C:\Users\natha\AndroidStudioProjects\Try2\daemon,pid=4628,idleTimeout=10800000,priority=NORMAL,applyInstrumentationAgent=true,daemonOpts=--add-opens=java.base/java.util=ALL-UNNAMED,--add-opens=java.base/java.lang=ALL-UNNAMED,--add-opens=java.base/java.lang.invoke=ALL-UNNAMED,--add-opens=java.prefs/java.util.prefs=ALL-UNNAMED,--add-opens=java.base/java.nio.charset=ALL-UNNAMED,--add-opens=java.base/java.net=ALL-UNNAMED,--add-opens=java.base/java.util.concurrent.atomic=ALL-UNNAMED,-Xmx2048m,-Dfile.encoding=UTF-8,-Duser.country=US,-Duser.language=en,-Duser.variant]
2024-02-22T01:08:24.924-0600 [DEBUG] [org.gradle.launcher.daemon.registry.PersistentDaemonRegistry] Storing daemon address: [b3c63e0d-ebe8-42ac-903d-acfa3f3d2969 port:62847, addresses:[localhost/127.0.0.1]], context: DefaultDaemonContext[uid=9823908c-42fe-48b8-8145-a646017efe77,javaHome=C:\Program Files\Java\jdk-21,daemonRegistryDir=C:\Users\natha\AndroidStudioProjects\Try2\daemon,pid=4628,idleTimeout=10800000,priority=NORMAL,applyInstrumentationAgent=true,daemonOpts=--add-opens=java.base/java.util=ALL-UNNAMED,--add-opens=java.base/java.lang=ALL-UNNAMED,--add-opens=java.base/java.lang.invoke=ALL-UNNAMED,--add-opens=java.prefs/java.util.prefs=ALL-UNNAMED,--add-opens=java.base/java.nio.charset=ALL-UNNAMED,--add-opens=java.base/java.net=ALL-UNNAMED,--add-opens=java.base/java.util.concurrent.atomic=ALL-UNNAMED,-Xmx2048m,-Dfile.encoding=UTF-8,-Duser.country=US,-Duser.language=en,-Duser.variant]
2024-02-22T01:08:24.937-0600 [DEBUG] [org.gradle.cache.internal.DefaultFileLockManager] Waiting to acquire exclusive lock on daemon addresses registry.
2024-02-22T01:08:24.941-0600 [DEBUG] [org.gradle.cache.internal.DefaultFileLockManager] Lock acquired on daemon addresses registry.
2024-02-22T01:08:24.948-0600 [DEBUG] [org.gradle.cache.internal.DefaultFileLockManager] Releasing lock on daemon addresses registry.
2024-02-22T01:08:24.948-0600 [LIFECYCLE] [org.gradle.launcher.daemon.server.Daemon] Daemon server started.
2024-02-22T01:08:24.949-0600 [DEBUG] [org.gradle.launcher.daemon.bootstrap.DaemonStartupCommunication] Completed writing the daemon greeting. Closing streams...
2024-02-22T01:08:24.954-0600 [DEBUG] [org.gradle.launcher.daemon.server.Daemon] stopOnExpiration() called on daemon
2024-02-22T01:08:24.955-0600 [DEBUG] [org.gradle.launcher.daemon.server.Daemon] awaitExpiration() called on daemon
2024-02-22T01:08:24.955-0600 [DEBUG] [org.gradle.launcher.daemon.server.DaemonStateCoordinator] daemon is running. Sleeping until state changes.
2024-02-22T01:08:24.957-0600 [DEBUG] [org.gradle.internal.remote.internal.inet.TcpIncomingConnector] Accepted connection from /127.0.0.1:62848 to /127.0.0.1:62847.
2024-02-22T01:08:25.065-0600 [DEBUG] [org.gradle.launcher.daemon.server.SynchronizedDispatchConnection] thread 33: received class org.gradle.launcher.daemon.protocol.Build
2024-02-22T01:08:25.065-0600 [DEBUG] [org.gradle.launcher.daemon.server.DefaultDaemonConnection] thread 33: Received non-IO message from client: Build{id=2041cc1d-67a5-44a2-b27b-2a1089771808, currentDir=C:\Users\natha\OneDrive\Desktop\seeing\Try2See\Try2}
2024-02-22T01:08:25.065-0600 [INFO] [org.gradle.launcher.daemon.server.DefaultIncomingConnectionHandler] Received command: Build{id=2041cc1d-67a5-44a2-b27b-2a1089771808, currentDir=C:\Users\natha\OneDrive\Desktop\seeing\Try2See\Try2}.
2024-02-22T01:08:25.066-0600 [DEBUG] [org.gradle.launcher.daemon.server.DefaultIncomingConnectionHandler] Starting executing command: Build{id=2041cc1d-67a5-44a2-b27b-2a1089771808, currentDir=C:\Users\natha\OneDrive\Desktop\seeing\Try2See\Try2} with connection: socket connection from /127.0.0.1:62847 to /127.0.0.1:62848.
2024-02-22T01:08:25.069-0600 [DEBUG] [org.gradle.launcher.daemon.server.DaemonStateCoordinator] Command execution: started DaemonCommandExecution[command = Build{id=2041cc1d-67a5-44a2-b27b-2a1089771808, currentDir=C:\Users\natha\OneDrive\Desktop\seeing\Try2See\Try2}, connection = DefaultDaemonConnection: socket connection from /127.0.0.1:62847 to /127.0.0.1:62848] after 0.0 minutes of idle
2024-02-22T01:08:25.070-0600 [INFO] [org.gradle.launcher.daemon.server.DaemonRegistryUpdater] Marking the daemon as busy, address: [b3c63e0d-ebe8-42ac-903d-acfa3f3d2969 port:62847, addresses:[localhost/127.0.0.1]]
2024-02-22T01:08:25.070-0600 [DEBUG] [org.gradle.launcher.daemon.registry.PersistentDaemonRegistry] Marking busy by address: [b3c63e0d-ebe8-42ac-903d-acfa3f3d2969 port:62847, addresses:[localhost/127.0.0.1]]
2024-02-22T01:08:25.073-0600 [DEBUG] [org.gradle.cache.internal.DefaultFileLockManager] Waiting to acquire exclusive lock on daemon addresses registry.
2024-02-22T01:08:25.073-0600 [DEBUG] [org.gradle.cache.internal.DefaultFileLockManager] Lock acquired on daemon addresses registry.
2024-02-22T01:08:25.075-0600 [DEBUG] [org.gradle.cache.internal.DefaultFileLockManager] Releasing lock on daemon addresses registry.
2024-02-22T01:08:25.075-0600 [DEBUG] [org.gradle.launcher.daemon.server.DaemonStateCoordinator] resetting idle timer
2024-02-22T01:08:25.076-0600 [DEBUG] [org.gradle.launcher.daemon.server.DaemonStateCoordinator] daemon is running. Sleeping until state changes.
2024-02-22T01:08:25.076-0600 [INFO] [org.gradle.launcher.daemon.server.exec.StartBuildOrRespondWithBusy] Daemon is about to start building Build{id=2041cc1d-67a5-44a2-b27b-2a1089771808, currentDir=C:\Users\natha\OneDrive\Desktop\seeing\Try2See\Try2}. Dispatching build started information...
2024-02-22T01:08:25.076-0600 [DEBUG] [org.gradle.launcher.daemon.server.SynchronizedDispatchConnection] thread 35: dispatching org.gradle.launcher.daemon.protocol.BuildStarted@4eea254b
2024-02-22T01:08:25.078-0600 [DEBUG] [org.gradle.launcher.daemon.server.exec.EstablishBuildEnvironment] Configuring env variables: [USERDOMAIN_ROAMINGPROFILE, configsetroot, LOCALAPPDATA, PROCESSOR_LEVEL, USERDOMAIN, LOGONSERVER, FPS_BROWSER_APP_PROFILE_STRING, JAVA_HOME, SESSIONNAME, ALLUSERSPROFILE, PROCESSOR_ARCHITECTURE, PSModulePath, SystemDrive, OneDrive, EFC_4104, APPDATA, USERNAME, ProgramFiles(x86), CommonProgramFiles, Path, FPS_BROWSER_USER_PROFILE_STRING, PATHEXT, DriverData, OS, COMPUTERNAME, PROCESSOR_REVISION, CommonProgramW6432, ComSpec, ProgramData, ProgramW6432, __PSLockDownPolicy, TEMP, HOMEPATH, SystemRoot, PROCESSOR_IDENTIFIER, HOMEDRIVE, USERPROFILE, TMP, CommonProgramFiles(x86), ProgramFiles, PUBLIC, windir, NUMBER_OF_PROCESSORS, =::, IDEA_INITIAL_DIRECTORY, ZES_ENABLE_SYSMAN]
2024-02-22T01:08:25.079-0600 [DEBUG] [org.gradle.launcher.daemon.server.SynchronizedDispatchConnection] thread 33: received class org.gradle.launcher.daemon.protocol.CloseInput
2024-02-22T01:08:25.079-0600 [DEBUG] [org.gradle.launcher.daemon.server.DefaultDaemonConnection] thread 33: Received IO message from client: org.gradle.launcher.daemon.protocol.CloseInput@4c6cc82
2024-02-22T01:08:25.085-0600 [DEBUG] [org.gradle.launcher.daemon.server.exec.LogToClient] About to start relaying all logs to the client via the connection.
2024-02-22T01:08:25.085-0600 [INFO] [org.gradle.launcher.daemon.server.exec.LogToClient] The client will now receive all logging from the daemon (pid: 4628). The daemon log file: C:\Users\natha\AndroidStudioProjects\Try2\daemon\8.2\daemon-4628.out.log
2024-02-22T01:08:25.087-0600 [INFO] [org.gradle.launcher.daemon.server.exec.LogAndCheckHealth] Starting build in new daemon [memory: 2 GiB]
2024-02-22T01:08:25.089-0600 [INFO] [org.gradle.launcher.daemon.server.exec.ForwardClientInput] Closing daemon's stdin at end of input.
2024-02-22T01:08:25.089-0600 [INFO] [org.gradle.launcher.daemon.server.exec.ForwardClientInput] The daemon will no longer process any standard input.
2024-02-22T01:08:25.091-0600 [DEBUG] [org.gradle.launcher.daemon.server.exec.ExecuteBuild] The daemon has started executing the build.
2024-02-22T01:08:25.091-0600 [DEBUG] [org.gradle.launcher.daemon.server.exec.ExecuteBuild] Executing build with daemon context: DefaultDaemonContext[uid=9823908c-42fe-48b8-8145-a646017efe77,javaHome=C:\Program Files\Java\jdk-21,daemonRegistryDir=C:\Users\natha\AndroidStudioProjects\Try2\daemon,pid=4628,idleTimeout=10800000,priority=NORMAL,applyInstrumentationAgent=true,daemonOpts=--add-opens=java.base/java.util=ALL-UNNAMED,--add-opens=java.base/java.lang=ALL-UNNAMED,--add-opens=java.base/java.lang.invoke=ALL-UNNAMED,--add-opens=java.prefs/java.util.prefs=ALL-UNNAMED,--add-opens=java.base/java.nio.charset=ALL-UNNAMED,--add-opens=java.base/java.net=ALL-UNNAMED,--add-opens=java.base/java.util.concurrent.atomic=ALL-UNNAMED,-Xmx2048m,-Dfile.encoding=UTF-8,-Duser.country=US,-Duser.language=en,-Duser.variant]

Deprecated Gradle features were used in this build, making it incompatible with Gradle 9.0.

You can use '--warning-mode all' to show the individual deprecation warnings and determine if they come from your own scripts or plugins.

For more on this, please refer to https://docs.gradle.org/8.2/userguide/command_line_interface.html#sec:command_line_warnings in the Gradle documentation.

BUILD SUCCESSFUL in 19s
2024-02-22T01:08:39.939-0600 [DEBUG] [org.gradle.launcher.daemon.server.exec.ExecuteBuild] The daemon has finished executing the build.
2024-02-22T01:08:39.956-0600 [DEBUG] [org.gradle.launcher.daemon.server.DaemonStateCoordinator] daemon is running. Sleeping until state changes.
2024-02-22T01:08:39.957-0600 [DEBUG] [org.gradle.launcher.daemon.server.DaemonStateCoordinator] Command execution: finished waiting for DaemonCommandExecution[command = Build{id=2041cc1d-67a5-44a2-b27b-2a1089771808, currentDir=C:\Users\natha\OneDrive\Desktop\seeing\Try2See\Try2}, connection = DefaultDaemonConnection: socket connection from /127.0.0.1:62847 to /127.0.0.1:62848]. Result org.gradle.launcher.daemon.server.DaemonStateCoordinator@79c5405c with state Busy
2024-02-22T01:08:39.957-0600 [DEBUG] [org.gradle.launcher.daemon.server.DaemonStateCoordinator] Command execution: completed DaemonCommandExecution[command = Build{id=2041cc1d-67a5-44a2-b27b-2a1089771808, currentDir=C:\Users\natha\OneDrive\Desktop\seeing\Try2See\Try2}, connection = DefaultDaemonConnection: socket connection from /127.0.0.1:62847 to /127.0.0.1:62848]
2024-02-22T01:08:39.957-0600 [DEBUG] [org.gradle.launcher.daemon.server.DaemonStateCoordinator] resetting idle timer
2024-02-22T01:08:39.957-0600 [INFO] [org.gradle.launcher.daemon.server.DaemonRegistryUpdater] Marking the daemon as idle, address: [b3c63e0d-ebe8-42ac-903d-acfa3f3d2969 port:62847, addresses:[localhost/127.0.0.1]]
2024-02-22T01:08:39.958-0600 [DEBUG] [org.gradle.launcher.daemon.registry.PersistentDaemonRegistry] Marking busy by address: [b3c63e0d-ebe8-42ac-903d-acfa3f3d2969 port:62847, addresses:[localhost/127.0.0.1]]
2024-02-22T01:08:39.959-0600 [DEBUG] [org.gradle.cache.internal.DefaultFileLockManager] Waiting to acquire exclusive lock on daemon addresses registry.
2024-02-22T01:08:39.959-0600 [DEBUG] [org.gradle.cache.internal.DefaultFileLockManager] Lock acquired on daemon addresses registry.
2024-02-22T01:08:39.961-0600 [DEBUG] [org.gradle.cache.internal.DefaultFileLockManager] Releasing lock on daemon addresses registry.
2024-02-22T01:08:39.962-0600 [DEBUG] [org.gradle.launcher.daemon.server.DaemonStateCoordinator] daemon is running. Sleeping until state changes.
2024-02-22T01:08:39.962-0600 [DEBUG] [org.gradle.launcher.daemon.server.exec.ReturnResult] Daemon is dispatching the build result: Success[value=org.gradle.launcher.exec.BuildActionResult@7fbe2911]
2024-02-22T01:08:39.963-0600 [DEBUG] [org.gradle.launcher.daemon.server.SynchronizedDispatchConnection] thread 32: dispatching Success[value=org.gradle.launcher.exec.BuildActionResult@7fbe2911]
2024-02-22T01:08:39.963-0600 [DEBUG] [org.gradle.launcher.daemon.server.DefaultIncomingConnectionHandler] Finishing executing command: Build{id=2041cc1d-67a5-44a2-b27b-2a1089771808, currentDir=C:\Users\natha\OneDrive\Desktop\seeing\Try2See\Try2}
2024-02-22T01:08:39.964-0600 [DEBUG] [org.gradle.launcher.daemon.server.SynchronizedDispatchConnection] thread 33: received class org.gradle.launcher.daemon.protocol.Finished
2024-02-22T01:08:39.964-0600 [DEBUG] [org.gradle.launcher.daemon.server.DefaultDaemonConnection] thread 33: Received non-IO message from client: org.gradle.launcher.daemon.protocol.Finished@95ff474
2024-02-22T01:08:39.965-0600 [DEBUG] [org.gradle.launcher.daemon.server.DefaultIncomingConnectionHandler] Received finished message: org.gradle.launcher.daemon.protocol.Finished@95ff474
2024-02-22T01:08:39.965-0600 [DEBUG] [org.gradle.launcher.daemon.server.SynchronizedDispatchConnection] thread 32: stopping connection
2024-02-22T01:08:39.965-0600 [DEBUG] [org.gradle.internal.remote.internal.inet.SocketConnection] Discarding EOFException: java.io.EOFException
2024-02-22T01:08:39.965-0600 [DEBUG] [org.gradle.launcher.daemon.server.SynchronizedDispatchConnection] thread 33: received null
2024-02-22T01:08:39.966-0600 [DEBUG] [org.gradle.launcher.daemon.server.DefaultDaemonConnection] thread 33: Received end-of-input from client.
2024-02-22T01:08:39.966-0600 [DEBUG] [org.gradle.launcher.daemon.server.SynchronizedDispatchConnection] thread 32: stopping connection
2024-02-22T01:08:44.957-0600 [DEBUG] [org.gradle.cache.internal.DefaultFileLockManager] Waiting to acquire shared lock on daemon addresses registry.
2024-02-22T01:08:44.958-0600 [DEBUG] [org.gradle.cache.internal.DefaultFileLockManager] Lock acquired on daemon addresses registry.
2024-02-22T01:08:44.958-0600 [DEBUG] [org.gradle.cache.internal.DefaultFileLockManager] Releasing lock on daemon addresses registry.
2024-02-22T01:08:44.960-0600 [DEBUG] [org.gradle.cache.internal.DefaultFileLockManager] Waiting to acquire shared lock on daemon addresses registry.
2024-02-22T01:08:44.960-0600 [DEBUG] [org.gradle.cache.internal.DefaultFileLockManager] Lock acquired on daemon addresses registry.
2024-02-22T01:08:44.960-0600 [DEBUG] [org.gradle.cache.internal.DefaultFileLockManager] Releasing lock on daemon addresses registry.
2024-02-22T01:08:54.969-0600 [DEBUG] [org.gradle.cache.internal.DefaultFileLockManager] Waiting to acquire shared lock on daemon addresses registry.
2024-02-22T01:08:54.970-0600 [DEBUG] [org.gradle.cache.internal.DefaultFileLockManager] Lock acquired on daemon addresses registry.
2024-02-22T01:08:54.970-0600 [DEBUG] [org.gradle.cache.internal.DefaultFileLockManager] Releasing lock on daemon addresses registry.
2024-02-22T01:08:54.971-0600 [DEBUG] [org.gradle.cache.internal.DefaultFileLockManager] Waiting to acquire shared lock on daemon addresses registry.
2024-02-22T01:08:54.971-0600 [DEBUG] [org.gradle.cache.internal.DefaultFileLockManager] Lock acquired on daemon addresses registry.
2024-02-22T01:08:54.971-0600 [DEBUG] [org.gradle.cache.internal.DefaultFileLockManager] Releasing lock on daemon addresses registry.
2024-02-22T01:08:54.972-0600 [DEBUG] [org.gradle.cache.internal.DefaultFileLockManager] Waiting to acquire shared lock on daemon addresses registry.
2024-02-22T01:08:54.972-0600 [DEBUG] [org.gradle.cache.internal.DefaultFileLockManager] Lock acquired on daemon addresses registry.
2024-02-22T01:08:54.973-0600 [DEBUG] [org.gradle.cache.internal.DefaultFileLockManager] Releasing lock on daemon addresses registry.
2024-02-22T01:09:04.956-0600 [DEBUG] [org.gradle.cache.internal.DefaultFileLockManager] Waiting to acquire shared lock on daemon addresses registry.
2024-02-22T01:09:04.956-0600 [DEBUG] [org.gradle.cache.internal.DefaultFileLockManager] Lock acquired on daemon addresses registry.
2024-02-22T01:09:04.956-0600 [DEBUG] [org.gradle.cache.internal.DefaultFileLockManager] Releasing lock on daemon addresses registry.
2024-02-22T01:09:04.957-0600 [DEBUG] [org.gradle.cache.internal.DefaultFileLockManager] Waiting to acquire shared lock on daemon addresses registry.
2024-02-22T01:09:04.958-0600 [DEBUG] [org.gradle.cache.internal.DefaultFileLockManager] Lock acquired on daemon addresses registry.
2024-02-22T01:09:04.958-0600 [DEBUG] [org.gradle.cache.internal.DefaultFileLockManager] Releasing lock on daemon addresses registry.
2024-02-22T01:09:04.959-0600 [DEBUG] [org.gradle.cache.internal.DefaultFileLockManager] Waiting to acquire shared lock on daemon addresses registry.
2024-02-22T01:09:04.959-0600 [DEBUG] [org.gradle.cache.internal.DefaultFileLockManager] Lock acquired on daemon addresses registry.
2024-02-22T01:09:04.960-0600 [DEBUG] [org.gradle.cache.internal.DefaultFileLockManager] Releasing lock on daemon addresses registry.
2024-02-22T01:09:14.971-0600 [DEBUG] [org.gradle.cache.internal.DefaultFileLockManager] Waiting to acquire shared lock on daemon addresses registry.
2024-02-22T01:09:14.971-0600 [DEBUG] [org.gradle.cache.internal.DefaultFileLockManager] Lock acquired on daemon addresses registry.
2024-02-22T01:09:14.972-0600 [DEBUG] [org.gradle.cache.internal.DefaultFileLockManager] Releasing lock on daemon addresses registry.
2024-02-22T01:09:14.973-0600 [DEBUG] [org.gradle.cache.internal.DefaultFileLockManager] Waiting to acquire shared lock on daemon addresses registry.
2024-02-22T01:09:14.973-0600 [DEBUG] [org.gradle.cache.internal.DefaultFileLockManager] Lock acquired on daemon addresses registry.
2024-02-22T01:09:14.974-0600 [DEBUG] [org.gradle.cache.internal.DefaultFileLockManager] Releasing lock on daemon addresses registry.
2024-02-22T01:09:14.975-0600 [DEBUG] [org.gradle.cache.internal.DefaultFileLockManager] Waiting to acquire shared lock on daemon addresses registry.
2024-02-22T01:09:14.975-0600 [DEBUG] [org.gradle.cache.internal.DefaultFileLockManager] Lock acquired on daemon addresses registry.
2024-02-22T01:09:14.976-0600 [DEBUG] [org.gradle.cache.internal.DefaultFileLockManager] Releasing lock on daemon addresses registry.
2024-02-22T01:09:22.018-0600 [DEBUG] [org.gradle.internal.remote.internal.inet.TcpIncomingConnector] Accepted connection from /127.0.0.1:62851 to /127.0.0.1:62847.
2024-02-22T01:09:22.026-0600 [DEBUG] [org.gradle.launcher.daemon.server.SynchronizedDispatchConnection] thread 181: received class org.gradle.launcher.daemon.protocol.Build
2024-02-22T01:09:22.026-0600 [DEBUG] [org.gradle.launcher.daemon.server.DefaultDaemonConnection] thread 181: Received non-IO message from client: Build{id=a6fbd1e8-b54a-4b76-b322-3713c1de39f8, currentDir=C:\Users\natha\OneDrive\Desktop\seeing\Try2See\Try2}
2024-02-22T01:09:22.027-0600 [INFO] [org.gradle.launcher.daemon.server.DefaultIncomingConnectionHandler] Received command: Build{id=a6fbd1e8-b54a-4b76-b322-3713c1de39f8, currentDir=C:\Users\natha\OneDrive\Desktop\seeing\Try2See\Try2}.
2024-02-22T01:09:22.027-0600 [DEBUG] [org.gradle.launcher.daemon.server.DefaultIncomingConnectionHandler] Starting executing command: Build{id=a6fbd1e8-b54a-4b76-b322-3713c1de39f8, currentDir=C:\Users\natha\OneDrive\Desktop\seeing\Try2See\Try2} with connection: socket connection from /127.0.0.1:62847 to /127.0.0.1:62851.
2024-02-22T01:09:22.027-0600 [DEBUG] [org.gradle.launcher.daemon.server.DaemonStateCoordinator] Command execution: started DaemonCommandExecution[command = Build{id=a6fbd1e8-b54a-4b76-b322-3713c1de39f8, currentDir=C:\Users\natha\OneDrive\Desktop\seeing\Try2See\Try2}, connection = DefaultDaemonConnection: socket connection from /127.0.0.1:62847 to /127.0.0.1:62851] after 0.0 minutes of idle
2024-02-22T01:09:22.028-0600 [INFO] [org.gradle.launcher.daemon.server.DaemonRegistryUpdater] Marking the daemon as busy, address: [b3c63e0d-ebe8-42ac-903d-acfa3f3d2969 port:62847, addresses:[localhost/127.0.0.1]]
2024-02-22T01:09:22.028-0600 [DEBUG] [org.gradle.launcher.daemon.registry.PersistentDaemonRegistry] Marking busy by address: [b3c63e0d-ebe8-42ac-903d-acfa3f3d2969 port:62847, addresses:[localhost/127.0.0.1]]
2024-02-22T01:09:22.029-0600 [DEBUG] [org.gradle.cache.internal.DefaultFileLockManager] Waiting to acquire exclusive lock on daemon addresses registry.
2024-02-22T01:09:22.030-0600 [DEBUG] [org.gradle.cache.internal.DefaultFileLockManager] Lock acquired on daemon addresses registry.
2024-02-22T01:09:22.032-0600 [DEBUG] [org.gradle.cache.internal.DefaultFileLockManager] Releasing lock on daemon addresses registry.
2024-02-22T01:09:22.033-0600 [DEBUG] [org.gradle.launcher.daemon.server.DaemonStateCoordinator] resetting idle timer
2024-02-22T01:09:22.033-0600 [DEBUG] [org.gradle.launcher.daemon.server.DaemonStateCoordinator] daemon is running. Sleeping until state changes.
2024-02-22T01:09:22.033-0600 [INFO] [org.gradle.launcher.daemon.server.exec.StartBuildOrRespondWithBusy] Daemon is about to start building Build{id=a6fbd1e8-b54a-4b76-b322-3713c1de39f8, currentDir=C:\Users\natha\OneDrive\Desktop\seeing\Try2See\Try2}. Dispatching build started information...
2024-02-22T01:09:22.034-0600 [DEBUG] [org.gradle.launcher.daemon.server.SynchronizedDispatchConnection] thread 35: dispatching org.gradle.launcher.daemon.protocol.BuildStarted@4721db91
2024-02-22T01:09:22.035-0600 [DEBUG] [org.gradle.launcher.daemon.server.SynchronizedDispatchConnection] thread 181: received class org.gradle.launcher.daemon.protocol.CloseInput
2024-02-22T01:09:22.036-0600 [DEBUG] [org.gradle.launcher.daemon.server.DefaultDaemonConnection] thread 181: Received IO message from client: org.gradle.launcher.daemon.protocol.CloseInput@137c5408
2024-02-22T01:09:22.036-0600 [DEBUG] [org.gradle.launcher.daemon.server.exec.EstablishBuildEnvironment] Configuring env variables: [USERDOMAIN_ROAMINGPROFILE, configsetroot, LOCALAPPDATA, PROCESSOR_LEVEL, USERDOMAIN, LOGONSERVER, FPS_BROWSER_APP_PROFILE_STRING, JAVA_HOME, SESSIONNAME, ALLUSERSPROFILE, PROCESSOR_ARCHITECTURE, PSModulePath, SystemDrive, OneDrive, EFC_4104, APPDATA, USERNAME, ProgramFiles(x86), CommonProgramFiles, Path, FPS_BROWSER_USER_PROFILE_STRING, PATHEXT, DriverData, OS, COMPUTERNAME, PROCESSOR_REVISION, CommonProgramW6432, ComSpec, ProgramData, ProgramW6432, __PSLockDownPolicy, TEMP, HOMEPATH, SystemRoot, PROCESSOR_IDENTIFIER, HOMEDRIVE, USERPROFILE, TMP, CommonProgramFiles(x86), ProgramFiles, PUBLIC, windir, NUMBER_OF_PROCESSORS, =::, IDEA_INITIAL_DIRECTORY, ZES_ENABLE_SYSMAN]
2024-02-22T01:09:22.039-0600 [DEBUG] [org.gradle.launcher.daemon.server.exec.LogToClient] About to start relaying all logs to the client via the connection.
2024-02-22T01:09:22.040-0600 [INFO] [org.gradle.launcher.daemon.server.exec.LogToClient] The client will now receive all logging from the daemon (pid: 4628). The daemon log file: C:\Users\natha\AndroidStudioProjects\Try2\daemon\8.2\daemon-4628.out.log
2024-02-22T01:09:22.041-0600 [INFO] [org.gradle.launcher.daemon.server.exec.LogAndCheckHealth] Starting 2nd build in daemon [uptime: 57.365 secs, performance: 99%, GC rate: 0.00/s, heap usage: 0% of 2 GiB]
2024-02-22T01:09:22.042-0600 [DEBUG] [org.gradle.launcher.daemon.server.exec.ExecuteBuild] The daemon has started executing the build.
2024-02-22T01:09:22.042-0600 [INFO] [org.gradle.launcher.daemon.server.exec.ForwardClientInput] Closing daemon's stdin at end of input.
2024-02-22T01:09:22.042-0600 [INFO] [org.gradle.launcher.daemon.server.exec.ForwardClientInput] The daemon will no longer process any standard input.
2024-02-22T01:09:22.042-0600 [DEBUG] [org.gradle.launcher.daemon.server.exec.ExecuteBuild] Executing build with daemon context: DefaultDaemonContext[uid=9823908c-42fe-48b8-8145-a646017efe77,javaHome=C:\Program Files\Java\jdk-21,daemonRegistryDir=C:\Users\natha\AndroidStudioProjects\Try2\daemon,pid=4628,idleTimeout=10800000,priority=NORMAL,applyInstrumentationAgent=true,daemonOpts=--add-opens=java.base/java.util=ALL-UNNAMED,--add-opens=java.base/java.lang=ALL-UNNAMED,--add-opens=java.base/java.lang.invoke=ALL-UNNAMED,--add-opens=java.prefs/java.util.prefs=ALL-UNNAMED,--add-opens=java.base/java.nio.charset=ALL-UNNAMED,--add-opens=java.base/java.net=ALL-UNNAMED,--add-opens=java.base/java.util.concurrent.atomic=ALL-UNNAMED,-Xmx2048m,-Dfile.encoding=UTF-8,-Duser.country=US,-Duser.language=en,-Duser.variant]
warning: [options] source value 8 is obsolete and will be removed in a future release
warning: [options] target value 8 is obsolete and will be removed in a future release
warning: [options] To suppress warnings about obsolete options, use -Xlint:-options.
3 warnings

BUILD SUCCESSFUL in 17s
32 actionable tasks: 32 executed
2024-02-22T01:09:39.841-0600 [DEBUG] [org.gradle.launcher.daemon.server.exec.ExecuteBuild] The daemon has finished executing the build.
2024-02-22T01:09:39.857-0600 [DEBUG] [org.gradle.launcher.daemon.server.DaemonStateCoordinator] daemon is running. Sleeping until state changes.
2024-02-22T01:09:39.857-0600 [DEBUG] [org.gradle.launcher.daemon.server.DaemonStateCoordinator] Command execution: finished waiting for DaemonCommandExecution[command = Build{id=a6fbd1e8-b54a-4b76-b322-3713c1de39f8, currentDir=C:\Users\natha\OneDrive\Desktop\seeing\Try2See\Try2}, connection = DefaultDaemonConnection: socket connection from /127.0.0.1:62847 to /127.0.0.1:62851]. Result org.gradle.launcher.daemon.server.DaemonStateCoordinator@79c5405c with state Busy
2024-02-22T01:09:39.857-0600 [DEBUG] [org.gradle.launcher.daemon.server.DaemonStateCoordinator] Command execution: completed DaemonCommandExecution[command = Build{id=a6fbd1e8-b54a-4b76-b322-3713c1de39f8, currentDir=C:\Users\natha\OneDrive\Desktop\seeing\Try2See\Try2}, connection = DefaultDaemonConnection: socket connection from /127.0.0.1:62847 to /127.0.0.1:62851]
2024-02-22T01:09:39.857-0600 [DEBUG] [org.gradle.launcher.daemon.server.DaemonStateCoordinator] resetting idle timer
2024-02-22T01:09:39.857-0600 [INFO] [org.gradle.launcher.daemon.server.DaemonRegistryUpdater] Marking the daemon as idle, address: [b3c63e0d-ebe8-42ac-903d-acfa3f3d2969 port:62847, addresses:[localhost/127.0.0.1]]
2024-02-22T01:09:39.858-0600 [DEBUG] [org.gradle.launcher.daemon.registry.PersistentDaemonRegistry] Marking busy by address: [b3c63e0d-ebe8-42ac-903d-acfa3f3d2969 port:62847, addresses:[localhost/127.0.0.1]]
2024-02-22T01:09:39.859-0600 [DEBUG] [org.gradle.cache.internal.DefaultFileLockManager] Waiting to acquire exclusive lock on daemon addresses registry.
2024-02-22T01:09:39.860-0600 [DEBUG] [org.gradle.cache.internal.DefaultFileLockManager] Lock acquired on daemon addresses registry.
2024-02-22T01:09:39.861-0600 [DEBUG] [org.gradle.cache.internal.DefaultFileLockManager] Releasing lock on daemon addresses registry.
2024-02-22T01:09:39.862-0600 [DEBUG] [org.gradle.launcher.daemon.server.DaemonStateCoordinator] daemon is running. Sleeping until state changes.
2024-02-22T01:09:39.862-0600 [DEBUG] [org.gradle.launcher.daemon.server.exec.ReturnResult] Daemon is dispatching the build result: Success[value=org.gradle.launcher.exec.BuildActionResult@64146f98]
2024-02-22T01:09:39.862-0600 [DEBUG] [org.gradle.launcher.daemon.server.SynchronizedDispatchConnection] thread 32: dispatching Success[value=org.gradle.launcher.exec.BuildActionResult@64146f98]
2024-02-22T01:09:39.863-0600 [DEBUG] [org.gradle.launcher.daemon.server.DefaultIncomingConnectionHandler] Finishing executing command: Build{id=a6fbd1e8-b54a-4b76-b322-3713c1de39f8, currentDir=C:\Users\natha\OneDrive\Desktop\seeing\Try2See\Try2}
2024-02-22T01:09:39.864-0600 [DEBUG] [org.gradle.launcher.daemon.server.SynchronizedDispatchConnection] thread 181: received class org.gradle.launcher.daemon.protocol.Finished
2024-02-22T01:09:39.864-0600 [DEBUG] [org.gradle.launcher.daemon.server.DefaultDaemonConnection] thread 181: Received non-IO message from client: org.gradle.launcher.daemon.protocol.Finished@1dbba817
2024-02-22T01:09:39.864-0600 [DEBUG] [org.gradle.internal.remote.internal.inet.SocketConnection] Discarding EOFException: java.io.EOFException
2024-02-22T01:09:39.864-0600 [DEBUG] [org.gradle.launcher.daemon.server.SynchronizedDispatchConnection] thread 181: received null
2024-02-22T01:09:39.864-0600 [DEBUG] [org.gradle.launcher.daemon.server.DefaultIncomingConnectionHandler] Received finished message: org.gradle.launcher.daemon.protocol.Finished@1dbba817
2024-02-22T01:09:39.865-0600 [DEBUG] [org.gradle.launcher.daemon.server.DefaultDaemonConnection] thread 181: Received end-of-input from client.
2024-02-22T01:09:39.865-0600 [DEBUG] [org.gradle.launcher.daemon.server.SynchronizedDispatchConnection] thread 32: stopping connection
2024-02-22T01:09:39.866-0600 [DEBUG] [org.gradle.launcher.daemon.server.SynchronizedDispatchConnection] thread 32: stopping connection
2024-02-22T01:09:44.959-0600 [DEBUG] [org.gradle.cache.internal.DefaultFileLockManager] Waiting to acquire shared lock on daemon addresses registry.
2024-02-22T01:09:44.959-0600 [DEBUG] [org.gradle.cache.internal.DefaultFileLockManager] Lock acquired on daemon addresses registry.
2024-02-22T01:09:44.960-0600 [DEBUG] [org.gradle.cache.internal.DefaultFileLockManager] Releasing lock on daemon addresses registry.
2024-02-22T01:09:44.961-0600 [DEBUG] [org.gradle.cache.internal.DefaultFileLockManager] Waiting to acquire shared lock on daemon addresses registry.
2024-02-22T01:09:44.962-0600 [DEBUG] [org.gradle.cache.internal.DefaultFileLockManager] Lock acquired on daemon addresses registry.
2024-02-22T01:09:44.962-0600 [DEBUG] [org.gradle.cache.internal.DefaultFileLockManager] Releasing lock on daemon addresses registry.
2024-02-22T01:09:54.960-0600 [DEBUG] [org.gradle.cache.internal.DefaultFileLockManager] Waiting to acquire shared lock on daemon addresses registry.
2024-02-22T01:09:54.961-0600 [DEBUG] [org.gradle.cache.internal.DefaultFileLockManager] Lock acquired on daemon addresses registry.
2024-02-22T01:09:54.961-0600 [DEBUG] [org.gradle.cache.internal.DefaultFileLockManager] Releasing lock on daemon addresses registry.
2024-02-22T01:09:54.962-0600 [DEBUG] [org.gradle.cache.internal.DefaultFileLockManager] Waiting to acquire shared lock on daemon addresses registry.
2024-02-22T01:09:54.963-0600 [DEBUG] [org.gradle.cache.internal.DefaultFileLockManager] Lock acquired on daemon addresses registry.
2024-02-22T01:09:54.963-0600 [DEBUG] [org.gradle.cache.internal.DefaultFileLockManager] Releasing lock on daemon addresses registry.
2024-02-22T01:09:54.964-0600 [DEBUG] [org.gradle.cache.internal.DefaultFileLockManager] Waiting to acquire shared lock on daemon addresses registry.
2024-02-22T01:09:54.964-0600 [DEBUG] [org.gradle.cache.internal.DefaultFileLockManager] Lock acquired on daemon addresses registry.
2024-02-22T01:09:54.964-0600 [DEBUG] [org.gradle.cache.internal.DefaultFileLockManager] Releasing lock on daemon addresses registry.
2024-02-22T01:10:01.036-0600 [DEBUG] [org.gradle.process.internal.health.memory.DefaultMemoryManager] 1701602099 memory requested, 1377697792 free
2024-02-22T01:10:01.036-0600 [DEBUG] [org.gradle.workers.internal.WorkerDaemonExpiration] Will attempt to release 1622 of memory
2024-02-22T01:10:01.039-0600 [DEBUG] [org.gradle.process.internal.health.memory.DefaultMemoryManager] 1701602099 memory requested, 0 released, 1377697792 free
2024-02-22T01:10:04.961-0600 [DEBUG] [org.gradle.cache.internal.DefaultFileLockManager] Waiting to acquire shared lock on daemon addresses registry.
2024-02-22T01:10:04.961-0600 [DEBUG] [org.gradle.cache.internal.DefaultFileLockManager] Lock acquired on daemon addresses registry.
2024-02-22T01:10:04.962-0600 [DEBUG] [org.gradle.cache.internal.DefaultFileLockManager] Releasing lock on daemon addresses registry.
2024-02-22T01:10:04.964-0600 [DEBUG] [org.gradle.cache.internal.DefaultFileLockManager] Waiting to acquire shared lock on daemon addresses registry.
2024-02-22T01:10:04.964-0600 [DEBUG] [org.gradle.cache.internal.DefaultFileLockManager] Lock acquired on daemon addresses registry.
2024-02-22T01:10:04.964-0600 [DEBUG] [org.gradle.cache.internal.DefaultFileLockManager] Releasing lock on daemon addresses registry.
2024-02-22T01:10:04.966-0600 [DEBUG] [org.gradle.cache.internal.DefaultFileLockManager] Waiting to acquire shared lock on daemon addresses registry.
2024-02-22T01:10:04.967-0600 [DEBUG] [org.gradle.cache.internal.DefaultFileLockManager] Lock acquired on daemon addresses registry.
2024-02-22T01:10:04.967-0600 [DEBUG] [org.gradle.cache.internal.DefaultFileLockManager] Releasing lock on daemon addresses registry.
2024-02-22T01:10:06.037-0600 [DEBUG] [org.gradle.process.internal.health.memory.DefaultMemoryManager] 1701602099 memory requested, 1206358016 free
2024-02-22T01:10:06.037-0600 [DEBUG] [org.gradle.workers.internal.WorkerDaemonExpiration] Will attempt to release 1622 of memory
2024-02-22T01:10:06.038-0600 [DEBUG] [org.gradle.process.internal.health.memory.DefaultMemoryManager] 1701602099 memory requested, 0 released, 1206358016 free
2024-02-22T01:10:11.037-0600 [DEBUG] [org.gradle.process.internal.health.memory.DefaultMemoryManager] 1701602099 memory requested, 1014190080 free
2024-02-22T01:10:11.037-0600 [DEBUG] [org.gradle.workers.internal.WorkerDaemonExpiration] Will attempt to release 1622 of memory
2024-02-22T01:10:11.037-0600 [DEBUG] [org.gradle.process.internal.health.memory.DefaultMemoryManager] 1701602099 memory requested, 0 released, 1014190080 free
2024-02-22T01:10:14.963-0600 [DEBUG] [org.gradle.cache.internal.DefaultFileLockManager] Waiting to acquire shared lock on daemon addresses registry.
2024-02-22T01:10:14.964-0600 [DEBUG] [org.gradle.cache.internal.DefaultFileLockManager] Lock acquired on daemon addresses registry.
2024-02-22T01:10:14.964-0600 [DEBUG] [org.gradle.cache.internal.DefaultFileLockManager] Releasing lock on daemon addresses registry.
2024-02-22T01:10:14.966-0600 [DEBUG] [org.gradle.cache.internal.DefaultFileLockManager] Waiting to acquire shared lock on daemon addresses registry.
2024-02-22T01:10:14.966-0600 [DEBUG] [org.gradle.cache.internal.DefaultFileLockManager] Lock acquired on daemon addresses registry.
2024-02-22T01:10:14.967-0600 [DEBUG] [org.gradle.cache.internal.DefaultFileLockManager] Releasing lock on daemon addresses registry.
2024-02-22T01:10:14.968-0600 [DEBUG] [org.gradle.cache.internal.DefaultFileLockManager] Waiting to acquire shared lock on daemon addresses registry.
2024-02-22T01:10:14.968-0600 [DEBUG] [org.gradle.cache.internal.DefaultFileLockManager] Lock acquired on daemon addresses registry.
2024-02-22T01:10:14.969-0600 [DEBUG] [org.gradle.cache.internal.DefaultFileLockManager] Releasing lock on daemon addresses registry.
2024-02-22T01:10:16.030-0600 [DEBUG] [org.gradle.process.internal.health.memory.DefaultMemoryManager] 1701602099 memory requested, 787337216 free
2024-02-22T01:10:16.030-0600 [DEBUG] [org.gradle.workers.internal.WorkerDaemonExpiration] Will attempt to release 1622 of memory
2024-02-22T01:10:16.030-0600 [DEBUG] [org.gradle.process.internal.health.memory.DefaultMemoryManager] 1701602099 memory requested, 0 released, 787337216 free
2024-02-22T01:10:21.031-0600 [DEBUG] [org.gradle.process.internal.health.memory.DefaultMemoryManager] 1701602099 memory requested, 559214592 free
2024-02-22T01:10:21.032-0600 [DEBUG] [org.gradle.workers.internal.WorkerDaemonExpiration] Will attempt to release 1622 of memory
2024-02-22T01:10:21.032-0600 [DEBUG] [org.gradle.process.internal.health.memory.DefaultMemoryManager] 1701602099 memory requested, 0 released, 559214592 free
2024-02-22T01:10:24.963-0600 [DEBUG] [org.gradle.cache.internal.DefaultFileLockManager] Waiting to acquire shared lock on daemon addresses registry.
2024-02-22T01:10:24.963-0600 [DEBUG] [org.gradle.cache.internal.DefaultFileLockManager] Lock acquired on daemon addresses registry.
2024-02-22T01:10:24.963-0600 [DEBUG] [org.gradle.cache.internal.DefaultFileLockManager] Releasing lock on daemon addresses registry.
2024-02-22T01:10:24.964-0600 [DEBUG] [org.gradle.cache.internal.DefaultFileLockManager] Waiting to acquire shared lock on daemon addresses registry.
2024-02-22T01:10:24.964-0600 [DEBUG] [org.gradle.cache.internal.DefaultFileLockManager] Lock acquired on daemon addresses registry.
2024-02-22T01:10:24.964-0600 [DEBUG] [org.gradle.cache.internal.DefaultFileLockManager] Releasing lock on daemon addresses registry.
2024-02-22T01:10:24.965-0600 [DEBUG] [org.gradle.cache.internal.DefaultFileLockManager] Waiting to acquire shared lock on daemon addresses registry.
2024-02-22T01:10:24.965-0600 [DEBUG] [org.gradle.cache.internal.DefaultFileLockManager] Lock acquired on daemon addresses registry.
2024-02-22T01:10:24.965-0600 [DEBUG] [org.gradle.cache.internal.DefaultFileLockManager] Releasing lock on daemon addresses registry.
2024-02-22T01:10:26.034-0600 [DEBUG] [org.gradle.process.internal.health.memory.DefaultMemoryManager] 1701602099 memory requested, 584028160 free
2024-02-22T01:10:26.034-0600 [DEBUG] [org.gradle.workers.internal.WorkerDaemonExpiration] Will attempt to release 1622 of memory
2024-02-22T01:10:26.034-0600 [DEBUG] [org.gradle.process.internal.health.memory.DefaultMemoryManager] 1701602099 memory requested, 0 released, 584028160 free
2024-02-22T01:10:31.038-0600 [DEBUG] [org.gradle.process.internal.health.memory.DefaultMemoryManager] 1701602099 memory requested, 636592128 free
2024-02-22T01:10:31.038-0600 [DEBUG] [org.gradle.workers.internal.WorkerDaemonExpiration] Will attempt to release 1622 of memory
2024-02-22T01:10:31.038-0600 [DEBUG] [org.gradle.process.internal.health.memory.DefaultMemoryManager] 1701602099 memory requested, 0 released, 636592128 free
2024-02-22T01:10:34.967-0600 [DEBUG] [org.gradle.cache.internal.DefaultFileLockManager] Waiting to acquire shared lock on daemon addresses registry.
2024-02-22T01:10:34.968-0600 [DEBUG] [org.gradle.cache.internal.DefaultFileLockManager] Lock acquired on daemon addresses registry.
2024-02-22T01:10:34.968-0600 [DEBUG] [org.gradle.cache.internal.DefaultFileLockManager] Releasing lock on daemon addresses registry.
2024-02-22T01:10:34.969-0600 [DEBUG] [org.gradle.cache.internal.DefaultFileLockManager] Waiting to acquire shared lock on daemon addresses registry.
2024-02-22T01:10:34.969-0600 [DEBUG] [org.gradle.cache.internal.DefaultFileLockManager] Lock acquired on daemon addresses registry.
2024-02-22T01:10:34.969-0600 [DEBUG] [org.gradle.cache.internal.DefaultFileLockManager] Releasing lock on daemon addresses registry.
2024-02-22T01:10:34.970-0600 [DEBUG] [org.gradle.cache.internal.DefaultFileLockManager] Waiting to acquire shared lock on daemon addresses registry.
2024-02-22T01:10:34.970-0600 [DEBUG] [org.gradle.cache.internal.DefaultFileLockManager] Lock acquired on daemon addresses registry.
2024-02-22T01:10:34.970-0600 [DEBUG] [org.gradle.cache.internal.DefaultFileLockManager] Releasing lock on daemon addresses registry.
2024-02-22T01:10:36.026-0600 [DEBUG] [org.gradle.process.internal.health.memory.DefaultMemoryManager] 1701602099 memory requested, 652918784 free
2024-02-22T01:10:36.026-0600 [DEBUG] [org.gradle.workers.internal.WorkerDaemonExpiration] Will attempt to release 1622 of memory
2024-02-22T01:10:36.026-0600 [DEBUG] [org.gradle.process.internal.health.memory.DefaultMemoryManager] 1701602099 memory requested, 0 released, 652918784 free
2024-02-22T01:10:41.026-0600 [DEBUG] [org.gradle.process.internal.health.memory.DefaultMemoryManager] 1701602099 memory requested, 893558784 free
2024-02-22T01:10:41.026-0600 [DEBUG] [org.gradle.workers.internal.WorkerDaemonExpiration] Will attempt to release 1622 of memory
2024-02-22T01:10:41.026-0600 [DEBUG] [org.gradle.process.internal.health.memory.DefaultMemoryManager] 1701602099 memory requested, 0 released, 893558784 free
2024-02-22T01:10:44.959-0600 [DEBUG] [org.gradle.cache.internal.DefaultFileLockManager] Waiting to acquire shared lock on daemon addresses registry.
2024-02-22T01:10:44.959-0600 [DEBUG] [org.gradle.cache.internal.DefaultFileLockManager] Lock acquired on daemon addresses registry.
2024-02-22T01:10:44.959-0600 [DEBUG] [org.gradle.cache.internal.DefaultFileLockManager] Releasing lock on daemon addresses registry.
2024-02-22T01:10:44.961-0600 [DEBUG] [org.gradle.cache.internal.DefaultFileLockManager] Waiting to acquire shared lock on daemon addresses registry.
2024-02-22T01:10:44.961-0600 [DEBUG] [org.gradle.cache.internal.DefaultFileLockManager] Lock acquired on daemon addresses registry.
2024-02-22T01:10:44.961-0600 [DEBUG] [org.gradle.cache.internal.DefaultFileLockManager] Releasing lock on daemon addresses registry.
2024-02-22T01:10:44.962-0600 [DEBUG] [org.gradle.cache.internal.DefaultFileLockManager] Waiting to acquire shared lock on daemon addresses registry.
2024-02-22T01:10:44.962-0600 [DEBUG] [org.gradle.cache.internal.DefaultFileLockManager] Lock acquired on daemon addresses registry.
2024-02-22T01:10:44.963-0600 [DEBUG] [org.gradle.cache.internal.DefaultFileLockManager] Releasing lock on daemon addresses registry.
2024-02-22T01:10:46.040-0600 [DEBUG] [org.gradle.process.internal.health.memory.DefaultMemoryManager] 1701602099 memory requested, 855420928 free
2024-02-22T01:10:46.041-0600 [DEBUG] [org.gradle.workers.internal.WorkerDaemonExpiration] Will attempt to release 1622 of memory
2024-02-22T01:10:46.041-0600 [DEBUG] [org.gradle.process.internal.health.memory.DefaultMemoryManager] 1701602099 memory requested, 0 released, 855420928 free
2024-02-22T01:10:51.030-0600 [DEBUG] [org.gradle.process.internal.health.memory.DefaultMemoryManager] 1701602099 memory requested, 797036544 free
2024-02-22T01:10:51.031-0600 [DEBUG] [org.gradle.workers.internal.WorkerDaemonExpiration] Will attempt to release 1622 of memory
2024-02-22T01:10:51.031-0600 [DEBUG] [org.gradle.process.internal.health.memory.DefaultMemoryManager] 1701602099 memory requested, 0 released, 797036544 free
2024-02-22T01:10:54.960-0600 [DEBUG] [org.gradle.cache.internal.DefaultFileLockManager] Waiting to acquire shared lock on daemon addresses registry.
2024-02-22T01:10:54.960-0600 [DEBUG] [org.gradle.cache.internal.DefaultFileLockManager] Lock acquired on daemon addresses registry.
2024-02-22T01:10:54.961-0600 [DEBUG] [org.gradle.cache.internal.DefaultFileLockManager] Releasing lock on daemon addresses registry.
2024-02-22T01:10:54.962-0600 [DEBUG] [org.gradle.cache.internal.DefaultFileLockManager] Waiting to acquire shared lock on daemon addresses registry.
2024-02-22T01:10:54.962-0600 [DEBUG] [org.gradle.cache.internal.DefaultFileLockManager] Lock acquired on daemon addresses registry.
2024-02-22T01:10:54.962-0600 [DEBUG] [org.gradle.cache.internal.DefaultFileLockManager] Releasing lock on daemon addresses registry.
2024-02-22T01:10:54.963-0600 [DEBUG] [org.gradle.cache.internal.DefaultFileLockManager] Waiting to acquire shared lock on daemon addresses registry.
2024-02-22T01:10:54.963-0600 [DEBUG] [org.gradle.cache.internal.DefaultFileLockManager] Lock acquired on daemon addresses registry.
2024-02-22T01:10:54.963-0600 [DEBUG] [org.gradle.cache.internal.DefaultFileLockManager] Releasing lock on daemon addresses registry.
2024-02-22T01:10:56.029-0600 [DEBUG] [org.gradle.process.internal.health.memory.DefaultMemoryManager] 1701602099 memory requested, 745701376 free
2024-02-22T01:10:56.029-0600 [DEBUG] [org.gradle.workers.internal.WorkerDaemonExpiration] Will attempt to release 1622 of memory
2024-02-22T01:10:56.029-0600 [DEBUG] [org.gradle.process.internal.health.memory.DefaultMemoryManager] 1701602099 memory requested, 0 released, 745701376 free
2024-02-22T01:11:01.031-0600 [DEBUG] [org.gradle.process.internal.health.memory.DefaultMemoryManager] 1701602099 memory requested, 751357952 free
2024-02-22T01:11:01.031-0600 [DEBUG] [org.gradle.workers.internal.WorkerDaemonExpiration] Will attempt to release 1622 of memory
2024-02-22T01:11:01.031-0600 [DEBUG] [org.gradle.process.internal.health.memory.DefaultMemoryManager] 1701602099 memory requested, 0 released, 751357952 free
2024-02-22T01:11:04.966-0600 [DEBUG] [org.gradle.cache.internal.DefaultFileLockManager] Waiting to acquire shared lock on daemon addresses registry.
2024-02-22T01:11:04.967-0600 [DEBUG] [org.gradle.cache.internal.DefaultFileLockManager] Lock acquired on daemon addresses registry.
2024-02-22T01:11:04.967-0600 [DEBUG] [org.gradle.cache.internal.DefaultFileLockManager] Releasing lock on daemon addresses registry.
2024-02-22T01:11:04.971-0600 [DEBUG] [org.gradle.cache.internal.DefaultFileLockManager] Waiting to acquire shared lock on daemon addresses registry.
2024-02-22T01:11:04.972-0600 [DEBUG] [org.gradle.cache.internal.DefaultFileLockManager] Lock acquired on daemon addresses registry.
2024-02-22T01:11:04.973-0600 [DEBUG] [org.gradle.cache.internal.DefaultFileLockManager] Releasing lock on daemon addresses registry.
2024-02-22T01:11:04.976-0600 [DEBUG] [org.gradle.cache.internal.DefaultFileLockManager] Waiting to acquire shared lock on daemon addresses registry.
2024-02-22T01:11:04.976-0600 [DEBUG] [org.gradle.cache.internal.DefaultFileLockManager] Lock acquired on daemon addresses registry.
2024-02-22T01:11:04.980-0600 [DEBUG] [org.gradle.cache.internal.DefaultFileLockManager] Releasing lock on daemon addresses registry.
2024-02-22T01:11:06.040-0600 [DEBUG] [org.gradle.process.internal.health.memory.DefaultMemoryManager] 1701602099 memory requested, 562720768 free
2024-02-22T01:11:06.040-0600 [DEBUG] [org.gradle.workers.internal.WorkerDaemonExpiration] Will attempt to release 1622 of memory
2024-02-22T01:11:06.040-0600 [DEBUG] [org.gradle.process.internal.health.memory.DefaultMemoryManager] 1701602099 memory requested, 0 released, 562720768 free
2024-02-22T01:11:11.035-0600 [DEBUG] [org.gradle.process.internal.health.memory.DefaultMemoryManager] 1701602099 memory requested, 564543488 free
2024-02-22T01:11:11.035-0600 [DEBUG] [org.gradle.workers.internal.WorkerDaemonExpiration] Will attempt to release 1622 of memory
2024-02-22T01:11:11.035-0600 [DEBUG] [org.gradle.process.internal.health.memory.DefaultMemoryManager] 1701602099 memory requested, 0 released, 564543488 free
2024-02-22T01:11:14.967-0600 [DEBUG] [org.gradle.cache.internal.DefaultFileLockManager] Waiting to acquire shared lock on daemon addresses registry.
2024-02-22T01:11:14.967-0600 [DEBUG] [org.gradle.cache.internal.DefaultFileLockManager] Lock acquired on daemon addresses registry.
2024-02-22T01:11:14.967-0600 [DEBUG] [org.gradle.cache.internal.DefaultFileLockManager] Releasing lock on daemon addresses registry.
2024-02-22T01:11:14.968-0600 [DEBUG] [org.gradle.cache.internal.DefaultFileLockManager] Waiting to acquire shared lock on daemon addresses registry.
2024-02-22T01:11:14.968-0600 [DEBUG] [org.gradle.cache.internal.DefaultFileLockManager] Lock acquired on daemon addresses registry.
2024-02-22T01:11:14.969-0600 [DEBUG] [org.gradle.cache.internal.DefaultFileLockManager] Releasing lock on daemon addresses registry.
2024-02-22T01:11:14.969-0600 [DEBUG] [org.gradle.cache.internal.DefaultFileLockManager] Waiting to acquire shared lock on daemon addresses registry.
2024-02-22T01:11:14.970-0600 [DEBUG] [org.gradle.cache.internal.DefaultFileLockManager] Lock acquired on daemon addresses registry.
2024-02-22T01:11:14.970-0600 [DEBUG] [org.gradle.cache.internal.DefaultFileLockManager] Releasing lock on daemon addresses registry.
2024-02-22T01:11:16.027-0600 [DEBUG] [org.gradle.process.internal.health.memory.DefaultMemoryManager] 1701602099 memory requested, 628469760 free
2024-02-22T01:11:16.027-0600 [DEBUG] [org.gradle.workers.internal.WorkerDaemonExpiration] Will attempt to release 1622 of memory
2024-02-22T01:11:16.027-0600 [DEBUG] [org.gradle.process.internal.health.memory.DefaultMemoryManager] 1701602099 memory requested, 0 released, 628469760 free
2024-02-22T01:11:21.035-0600 [DEBUG] [org.gradle.process.internal.health.memory.DefaultMemoryManager] 1701602099 memory requested, 634679296 free
2024-02-22T01:11:21.035-0600 [DEBUG] [org.gradle.workers.internal.WorkerDaemonExpiration] Will attempt to release 1622 of memory
2024-02-22T01:11:21.035-0600 [DEBUG] [org.gradle.process.internal.health.memory.DefaultMemoryManager] 1701602099 memory requested, 0 released, 634679296 free
2024-02-22T01:11:24.961-0600 [DEBUG] [org.gradle.cache.internal.DefaultFileLockManager] Waiting to acquire shared lock on daemon addresses registry.
2024-02-22T01:11:24.961-0600 [DEBUG] [org.gradle.cache.internal.DefaultFileLockManager] Lock acquired on daemon addresses registry.
2024-02-22T01:11:24.961-0600 [DEBUG] [org.gradle.cache.internal.DefaultFileLockManager] Releasing lock on daemon addresses registry.
2024-02-22T01:11:24.962-0600 [DEBUG] [org.gradle.cache.internal.DefaultFileLockManager] Waiting to acquire shared lock on daemon addresses registry.
2024-02-22T01:11:24.963-0600 [DEBUG] [org.gradle.cache.internal.DefaultFileLockManager] Lock acquired on daemon addresses registry.
2024-02-22T01:11:24.963-0600 [DEBUG] [org.gradle.cache.internal.DefaultFileLockManager] Releasing lock on daemon addresses registry.
2024-02-22T01:11:24.964-0600 [DEBUG] [org.gradle.cache.internal.DefaultFileLockManager] Waiting to acquire shared lock on daemon addresses registry.
2024-02-22T01:11:24.964-0600 [DEBUG] [org.gradle.cache.internal.DefaultFileLockManager] Lock acquired on daemon addresses registry.
2024-02-22T01:11:24.965-0600 [DEBUG] [org.gradle.cache.internal.DefaultFileLockManager] Releasing lock on daemon addresses registry.
2024-02-22T01:11:25.801-0600 [DEBUG] [org.gradle.internal.remote.internal.inet.TcpIncomingConnector] Accepted connection from /127.0.0.1:62548 to /127.0.0.1:62847.
2024-02-22T01:11:25.807-0600 [DEBUG] [org.gradle.internal.remote.internal.inet.TcpIncomingConnector] Accepted connection from /127.0.0.1:62549 to /127.0.0.1:62847.
2024-02-22T01:11:25.816-0600 [DEBUG] [org.gradle.launcher.daemon.server.SynchronizedDispatchConnection] thread 384: received class org.gradle.launcher.daemon.protocol.StopWhenIdle
2024-02-22T01:11:25.816-0600 [DEBUG] [org.gradle.launcher.daemon.server.SynchronizedDispatchConnection] thread 386: received class org.gradle.launcher.daemon.protocol.StopWhenIdle
2024-02-22T01:11:25.817-0600 [DEBUG] [org.gradle.launcher.daemon.server.DefaultDaemonConnection] thread 384: Received non-IO message from client: StopWhenIdle[id=86f83770-af06-4f8d-91a9-1cbe2502e4b7]
2024-02-22T01:11:25.817-0600 [DEBUG] [org.gradle.launcher.daemon.server.DefaultDaemonConnection] thread 386: Received non-IO message from client: StopWhenIdle[id=5e45bd54-5fe4-467e-9dbc-8193bb0f90b9]
2024-02-22T01:11:25.817-0600 [INFO] [org.gradle.launcher.daemon.server.DefaultIncomingConnectionHandler] Received command: StopWhenIdle[id=86f83770-af06-4f8d-91a9-1cbe2502e4b7].
2024-02-22T01:11:25.817-0600 [INFO] [org.gradle.launcher.daemon.server.DefaultIncomingConnectionHandler] Received command: StopWhenIdle[id=5e45bd54-5fe4-467e-9dbc-8193bb0f90b9].
2024-02-22T01:11:25.817-0600 [DEBUG] [org.gradle.launcher.daemon.server.DefaultIncomingConnectionHandler] Starting executing command: StopWhenIdle[id=86f83770-af06-4f8d-91a9-1cbe2502e4b7] with connection: socket connection from /127.0.0.1:62847 to /127.0.0.1:62548.
2024-02-22T01:11:25.818-0600 [DEBUG] [org.gradle.launcher.daemon.server.DefaultIncomingConnectionHandler] Starting executing command: StopWhenIdle[id=5e45bd54-5fe4-467e-9dbc-8193bb0f90b9] with connection: socket connection from /127.0.0.1:62847 to /127.0.0.1:62549.
2024-02-22T01:11:25.818-0600 [DEBUG] [org.gradle.launcher.daemon.server.DaemonRegistryUpdater] Storing daemon stop event: stop command received
2024-02-22T01:11:25.818-0600 [DEBUG] [org.gradle.launcher.daemon.registry.PersistentDaemonRegistry] Storing daemon stop event with timestamp 1708585885818
2024-02-22T01:11:25.820-0600 [DEBUG] [org.gradle.cache.internal.DefaultFileLockManager] Waiting to acquire exclusive lock on daemon addresses registry.
2024-02-22T01:11:25.821-0600 [DEBUG] [org.gradle.cache.internal.DefaultFileLockManager] Lock acquired on daemon addresses registry.
2024-02-22T01:11:25.823-0600 [DEBUG] [org.gradle.cache.internal.DefaultFileLockManager] Releasing lock on daemon addresses registry.
2024-02-22T01:11:25.824-0600 [LIFECYCLE] [org.gradle.launcher.daemon.server.DaemonStateCoordinator] Daemon will be stopped at the end of the build stop command received
2024-02-22T01:11:25.825-0600 [DEBUG] [org.gradle.launcher.daemon.server.DaemonStateCoordinator] Marking daemon stopped due to stop command received. The daemon is running a build: false
2024-02-22T01:11:25.825-0600 [DEBUG] [org.gradle.launcher.daemon.server.DaemonStateCoordinator] daemon has stopped.
2024-02-22T01:11:25.825-0600 [DEBUG] [org.gradle.launcher.daemon.server.SynchronizedDispatchConnection] thread 383: dispatching Success[value=null]
2024-02-22T01:11:25.825-0600 [DEBUG] [org.gradle.launcher.daemon.server.DaemonRegistryUpdater] Storing daemon stop event: stop command received
2024-02-22T01:11:25.826-0600 [DEBUG] [org.gradle.launcher.daemon.registry.PersistentDaemonRegistry] Storing daemon stop event with timestamp 1708585885827
2024-02-22T01:11:25.826-0600 [DEBUG] [org.gradle.launcher.daemon.server.SynchronizedDispatchConnection] thread 384: received class org.gradle.launcher.daemon.protocol.Finished
2024-02-22T01:11:25.826-0600 [DEBUG] [org.gradle.launcher.daemon.server.DefaultDaemonConnection] thread 384: Received non-IO message from client: org.gradle.launcher.daemon.protocol.Finished@614eabf8
2024-02-22T01:11:25.827-0600 [DEBUG] [org.gradle.internal.remote.internal.inet.SocketConnection] Discarding EOFException: java.io.EOFException
2024-02-22T01:11:25.827-0600 [DEBUG] [org.gradle.launcher.daemon.server.SynchronizedDispatchConnection] thread 384: received null
2024-02-22T01:11:25.826-0600 [DEBUG] [org.gradle.launcher.daemon.server.Daemon] stop() called on daemon
2024-02-22T01:11:25.827-0600 [DEBUG] [org.gradle.launcher.daemon.server.DefaultDaemonConnection] thread 384: Received end-of-input from client.
2024-02-22T01:11:25.826-0600 [DEBUG] [org.gradle.launcher.daemon.server.DefaultIncomingConnectionHandler] Finishing executing command: StopWhenIdle[id=86f83770-af06-4f8d-91a9-1cbe2502e4b7]
2024-02-22T01:11:25.827-0600 [INFO] [org.gradle.launcher.daemon.server.Daemon] Stop requested. Daemon is removing its presence from the registry...
2024-02-22T01:11:25.827-0600 [DEBUG] [org.gradle.launcher.daemon.server.DefaultIncomingConnectionHandler] Received finished message: null
2024-02-22T01:11:25.828-0600 [DEBUG] [org.gradle.launcher.daemon.server.SynchronizedDispatchConnection] thread 383: stopping connection
2024-02-22T01:11:25.828-0600 [DEBUG] [org.gradle.cache.internal.DefaultFileLockManager] Waiting to acquire exclusive lock on daemon addresses registry.
2024-02-22T01:11:25.828-0600 [DEBUG] [org.gradle.launcher.daemon.server.DaemonRegistryUpdater] Removing our presence to clients, eg. removing this address from the registry: [b3c63e0d-ebe8-42ac-903d-acfa3f3d2969 port:62847, addresses:[localhost/127.0.0.1]]
2024-02-22T01:11:25.828-0600 [DEBUG] [org.gradle.launcher.daemon.server.SynchronizedDispatchConnection] thread 383: stopping connection
2024-02-22T01:11:25.829-0600 [DEBUG] [org.gradle.cache.internal.DefaultFileLockManager] Lock acquired on daemon addresses registry.
2024-02-22T01:11:25.831-0600 [DEBUG] [org.gradle.cache.internal.DefaultFileLockManager] Releasing lock on daemon addresses registry.
2024-02-22T01:11:25.832-0600 [DEBUG] [org.gradle.launcher.daemon.server.SynchronizedDispatchConnection] thread 385: dispatching Success[value=null]
2024-02-22T01:11:25.832-0600 [DEBUG] [org.gradle.launcher.daemon.registry.PersistentDaemonRegistry] Removing daemon address: [b3c63e0d-ebe8-42ac-903d-acfa3f3d2969 port:62847, addresses:[localhost/127.0.0.1]]
2024-02-22T01:11:25.832-0600 [DEBUG] [org.gradle.launcher.daemon.server.DefaultIncomingConnectionHandler] Finishing executing command: StopWhenIdle[id=5e45bd54-5fe4-467e-9dbc-8193bb0f90b9]
2024-02-22T01:11:25.833-0600 [DEBUG] [org.gradle.launcher.daemon.server.SynchronizedDispatchConnection] thread 386: received class org.gradle.launcher.daemon.protocol.Finished
2024-02-22T01:11:25.833-0600 [DEBUG] [org.gradle.launcher.daemon.server.DefaultDaemonConnection] thread 386: Received non-IO message from client: org.gradle.launcher.daemon.protocol.Finished@7b55036a
2024-02-22T01:11:25.833-0600 [DEBUG] [org.gradle.launcher.daemon.server.DefaultIncomingConnectionHandler] Received finished message: org.gradle.launcher.daemon.protocol.Finished@7b55036a
2024-02-22T01:11:25.833-0600 [DEBUG] [org.gradle.internal.remote.internal.inet.SocketConnection] Discarding EOFException: java.io.EOFException
2024-02-22T01:11:25.834-0600 [DEBUG] [org.gradle.launcher.daemon.server.SynchronizedDispatchConnection] thread 386: received null
2024-02-22T01:11:25.833-0600 [DEBUG] [org.gradle.launcher.daemon.server.SynchronizedDispatchConnection] thread 385: stopping connection
2024-02-22T01:11:25.834-0600 [DEBUG] [org.gradle.launcher.daemon.server.DefaultDaemonConnection] thread 386: Received end-of-input from client.
2024-02-22T01:11:25.834-0600 [DEBUG] [org.gradle.launcher.daemon.server.SynchronizedDispatchConnection] thread 385: stopping connection
2024-02-22T01:11:25.834-0600 [DEBUG] [org.gradle.cache.internal.DefaultFileLockManager] Waiting to acquire exclusive lock on daemon addresses registry.
2024-02-22T01:11:25.835-0600 [DEBUG] [org.gradle.cache.internal.DefaultFileLockManager] Lock acquired on daemon addresses registry.
2024-02-22T01:11:25.837-0600 [DEBUG] [org.gradle.cache.internal.DefaultFileLockManager] Releasing lock on daemon addresses registry.
2024-02-22T01:11:25.838-0600 [DEBUG] [org.gradle.launcher.daemon.server.DaemonRegistryUpdater] Address removed from registry.
2024-02-22T01:11:25.840-0600 [DEBUG] [org.gradle.cache.internal.LockOnDemandCrossProcessCacheAccess] Releasing file lock for jars (C:\Users\natha\AndroidStudioProjects\Try2\caches\jars-9)
2024-02-22T01:11:25.840-0600 [DEBUG] [org.gradle.cache.internal.DefaultFileLockManager] Releasing lock on jars (C:\Users\natha\AndroidStudioProjects\Try2\caches\jars-9).
2024-02-22T01:11:25.841-0600 [DEBUG] [org.gradle.cache.internal.DefaultPersistentDirectoryStore] jars (C:\Users\natha\AndroidStudioProjects\Try2\caches\jars-9) has last been fully cleaned up 0 hours ago
2024-02-22T01:11:25.842-0600 [DEBUG] [org.gradle.cache.internal.LockOnDemandCrossProcessCacheAccess] Releasing file lock for Artifact transforms cache (C:\Users\natha\AndroidStudioProjects\Try2\caches\transforms-3)
2024-02-22T01:11:25.842-0600 [DEBUG] [org.gradle.cache.internal.DefaultFileLockManager] Releasing lock on Artifact transforms cache (C:\Users\natha\AndroidStudioProjects\Try2\caches\transforms-3).
2024-02-22T01:11:25.843-0600 [DEBUG] [org.gradle.cache.internal.DefaultPersistentDirectoryStore] Artifact transforms cache (C:\Users\natha\AndroidStudioProjects\Try2\caches\transforms-3) has last been fully cleaned up 0 hours ago
2024-02-22T01:11:25.844-0600 [DEBUG] [org.gradle.cache.internal.LockOnDemandCrossProcessCacheAccess] Releasing file lock for kotlin-dsl (C:\Users\natha\AndroidStudioProjects\Try2\caches\8.2\kotlin-dsl)
2024-02-22T01:11:25.845-0600 [DEBUG] [org.gradle.cache.internal.btree.BTreePersistentIndexedCache] Closing cache executionHistory.bin (C:\Users\natha\AndroidStudioProjects\Try2\caches\8.2\kotlin-dsl\executionHistory.bin)
2024-02-22T01:11:25.845-0600 [DEBUG] [org.gradle.cache.internal.DefaultFileLockManager] Releasing lock on kotlin-dsl (C:\Users\natha\AndroidStudioProjects\Try2\caches\8.2\kotlin-dsl).
2024-02-22T01:11:25.846-0600 [DEBUG] [org.gradle.cache.internal.DefaultPersistentDirectoryStore] kotlin-dsl (C:\Users\natha\AndroidStudioProjects\Try2\caches\8.2\kotlin-dsl) has last been fully cleaned up 0 hours ago
2024-02-22T01:11:25.854-0600 [DEBUG] [org.gradle.cache.internal.LockOnDemandCrossProcessCacheAccess] Releasing file lock for file content cache (C:\Users\natha\AndroidStudioProjects\Try2\caches\8.2\fileContent)
2024-02-22T01:11:25.854-0600 [DEBUG] [org.gradle.cache.internal.btree.BTreePersistentIndexedCache] Closing cache annotation-processors.bin (C:\Users\natha\AndroidStudioProjects\Try2\caches\8.2\fileContent\annotation-processors.bin)
2024-02-22T01:11:25.855-0600 [DEBUG] [org.gradle.cache.internal.DefaultFileLockManager] Releasing lock on file content cache (C:\Users\natha\AndroidStudioProjects\Try2\caches\8.2\fileContent).
2024-02-22T01:11:25.856-0600 [DEBUG] [org.gradle.internal.watch.vfs.impl.WatchingVirtualFileSystem] Closing VFS, dropping state
2024-02-22T01:11:25.857-0600 [DEBUG] [org.gradle.cache.internal.LockOnDemandCrossProcessCacheAccess] Releasing file lock for Generated Gradle JARs cache (C:\Users\natha\AndroidStudioProjects\Try2\caches\8.2\generated-gradle-jars)
2024-02-22T01:11:25.857-0600 [DEBUG] [org.gradle.internal.watch.registry.impl.DefaultFileWatcherRegistry] Finished listening to file system change events
2024-02-22T01:11:25.858-0600 [DEBUG] [org.gradle.cache.internal.DefaultFileLockManager] Releasing lock on Generated Gradle JARs cache (C:\Users\natha\AndroidStudioProjects\Try2\caches\8.2\generated-gradle-jars).
2024-02-22T01:11:25.859-0600 [DEBUG] [org.gradle.cache.internal.LockOnDemandCrossProcessCacheAccess] Releasing file lock for artifact cache (C:\Users\natha\AndroidStudioProjects\Try2\caches\modules-2)
2024-02-22T01:11:25.859-0600 [DEBUG] [org.gradle.cache.internal.btree.BTreePersistentIndexedCache] Closing cache module-artifact.bin (C:\Users\natha\AndroidStudioProjects\Try2\caches\modules-2\metadata-2.106\module-artifact.bin)
2024-02-22T01:11:25.860-0600 [DEBUG] [org.gradle.cache.internal.btree.BTreePersistentIndexedCache] Closing cache module-metadata.bin (C:\Users\natha\AndroidStudioProjects\Try2\caches\modules-2\metadata-2.106\module-metadata.bin)
2024-02-22T01:11:25.860-0600 [DEBUG] [org.gradle.cache.internal.btree.BTreePersistentIndexedCache] Closing cache module-artifacts.bin (C:\Users\natha\AndroidStudioProjects\Try2\caches\modules-2\metadata-2.106\module-artifacts.bin)
2024-02-22T01:11:25.861-0600 [DEBUG] [org.gradle.cache.internal.DefaultFileLockManager] Releasing lock on artifact cache (C:\Users\natha\AndroidStudioProjects\Try2\caches\modules-2).
2024-02-22T01:11:25.862-0600 [DEBUG] [org.gradle.cache.internal.DefaultPersistentDirectoryStore] artifact cache (C:\Users\natha\AndroidStudioProjects\Try2\caches\modules-2) has last been fully cleaned up 0 hours ago
2024-02-22T01:11:25.863-0600 [DEBUG] [org.gradle.cache.internal.LockOnDemandCrossProcessCacheAccess] Releasing file lock for journal cache (C:\Users\natha\AndroidStudioProjects\Try2\caches\journal-1)
2024-02-22T01:11:25.863-0600 [DEBUG] [org.gradle.cache.internal.btree.BTreePersistentIndexedCache] Closing cache file-access.bin (C:\Users\natha\AndroidStudioProjects\Try2\caches\journal-1\file-access.bin)
2024-02-22T01:11:25.863-0600 [DEBUG] [org.gradle.cache.internal.DefaultFileLockManager] Releasing lock on journal cache (C:\Users\natha\AndroidStudioProjects\Try2\caches\journal-1).
2024-02-22T01:11:25.864-0600 [DEBUG] [org.gradle.cache.internal.LockOnDemandCrossProcessCacheAccess] Releasing file lock for file hash cache (C:\Users\natha\AndroidStudioProjects\Try2\caches\8.2\fileHashes)
2024-02-22T01:11:25.865-0600 [DEBUG] [org.gradle.cache.internal.btree.BTreePersistentIndexedCache] Closing cache fileHashes.bin (C:\Users\natha\AndroidStudioProjects\Try2\caches\8.2\fileHashes\fileHashes.bin)
2024-02-22T01:11:25.865-0600 [DEBUG] [org.gradle.cache.internal.btree.BTreePersistentIndexedCache] Closing cache resourceHashesCache.bin (C:\Users\natha\AndroidStudioProjects\Try2\caches\8.2\fileHashes\resourceHashesCache.bin)
2024-02-22T01:11:25.865-0600 [DEBUG] [org.gradle.cache.internal.DefaultFileLockManager] Releasing lock on file hash cache (C:\Users\natha\AndroidStudioProjects\Try2\caches\8.2\fileHashes).
2024-02-22T01:11:25.866-0600 [DEBUG] [org.gradle.cache.internal.LockOnDemandCrossProcessCacheAccess] Releasing file lock for execution history cache (C:\Users\natha\AndroidStudioProjects\Try2\caches\8.2\executionHistory)
2024-02-22T01:11:25.867-0600 [DEBUG] [org.gradle.cache.internal.btree.BTreePersistentIndexedCache] Closing cache executionHistory.bin (C:\Users\natha\AndroidStudioProjects\Try2\caches\8.2\executionHistory\executionHistory.bin)
2024-02-22T01:11:25.867-0600 [DEBUG] [org.gradle.cache.internal.DefaultFileLockManager] Releasing lock on execution history cache (C:\Users\natha\AndroidStudioProjects\Try2\caches\8.2\executionHistory).
2024-02-22T01:11:25.868-0600 [DEBUG] [org.gradle.cache.internal.LockOnDemandCrossProcessCacheAccess] Releasing file lock for Java compile cache (C:\Users\natha\AndroidStudioProjects\Try2\caches\8.2\javaCompile)
2024-02-22T01:11:25.868-0600 [DEBUG] [org.gradle.cache.internal.btree.BTreePersistentIndexedCache] Closing cache jarAnalysis.bin (C:\Users\natha\AndroidStudioProjects\Try2\caches\8.2\javaCompile\jarAnalysis.bin)
2024-02-22T01:11:25.868-0600 [DEBUG] [org.gradle.cache.internal.btree.BTreePersistentIndexedCache] Closing cache classAnalysis.bin (C:\Users\natha\AndroidStudioProjects\Try2\caches\8.2\javaCompile\classAnalysis.bin)
2024-02-22T01:11:25.869-0600 [DEBUG] [org.gradle.cache.internal.DefaultFileLockManager] Releasing lock on Java compile cache (C:\Users\natha\AndroidStudioProjects\Try2\caches\8.2\javaCompile).
2024-02-22T01:11:25.873-0600 [DEBUG] [java.lang.Runtime] Runtime.exit() called with status: 0
java.lang.Throwable: Runtime.exit(0)
	at java.base/java.lang.Shutdown.logRuntimeExit(Shutdown.java:179)
	at java.base/java.lang.Shutdown.exit(Shutdown.java:160)
	at java.base/java.lang.Runtime.exit(Runtime.java:188)
	at java.base/java.lang.System.exit(System.java:1920)
	at org.gradle.launcher.bootstrap.ProcessCompleter.complete(ProcessCompleter.java:21)
	at org.gradle.launcher.bootstrap.EntryPoint.run(EntryPoint.java:59)
	at java.base/jdk.internal.reflect.DirectMethodHandleAccessor.invoke(DirectMethodHandleAccessor.java:103)
	at java.base/java.lang.reflect.Method.invoke(Method.java:580)
	at org.gradle.launcher.bootstrap.ProcessBootstrap.runNoExit(ProcessBootstrap.java:60)
	at org.gradle.launcher.bootstrap.ProcessBootstrap.run(ProcessBootstrap.java:37)
	at org.gradle.launcher.daemon.bootstrap.GradleDaemon.main(GradleDaemon.java:22)
Daemon vm is shutting down... The daemon has exited normally or was terminated in response to a user interrupt.
2024-02-22T01:11:25.874-0600 [DEBUG] [org.gradle.launcher.daemon.registry.PersistentDaemonRegistry] Removing daemon address: [b3c63e0d-ebe8-42ac-903d-acfa3f3d2969 port:62847, addresses:[localhost/127.0.0.1]]
2024-02-22T01:11:25.876-0600 [DEBUG] [org.gradle.cache.internal.DefaultFileLockManager] Waiting to acquire exclusive lock on daemon addresses registry.
2024-02-22T01:11:25.876-0600 [DEBUG] [org.gradle.cache.internal.DefaultFileLockManager] Lock acquired on daemon addresses registry.
2024-02-22T01:11:25.878-0600 [DEBUG] [org.gradle.cache.internal.DefaultFileLockManager] Releasing lock on daemon addresses registry.
