2024-02-23T00:43:36.625-0600 [DEBUG] [org.gradle.launcher.daemon.bootstrap.DaemonMain] Assuming the daemon was started with following jvm opts: [--add-opens=java.base/java.util=ALL-UNNAMED, --add-opens=java.base/java.lang=ALL-UNNAMED, --add-opens=java.base/java.lang.invoke=ALL-UNNAMED, --add-opens=java.prefs/java.util.prefs=ALL-UNNAMED, --add-opens=java.base/java.nio.charset=ALL-UNNAMED, --add-opens=java.base/java.net=ALL-UNNAMED, --add-opens=java.base/java.util.concurrent.atomic=ALL-UNNAMED, -Xmx2048m, -Dfile.encoding=UTF-8, -Duser.country=US, -Duser.language=en, -Duser.variant]
2024-02-23T00:43:36.858-0600 [DEBUG] [org.gradle.internal.nativeintegration.services.NativeServices] Native-platform posix files integration is not available. Continuing with fallback.
2024-02-23T00:43:36.877-0600 [INFO] [org.gradle.launcher.daemon.server.Daemon] start() called on daemon - DefaultDaemonContext[uid=e14ff1a9-e19c-438c-9e41-772efaa596bf,javaHome=C:\Program Files\Android\Android Studio\jbr,daemonRegistryDir=C:\Users\natha\AndroidStudioProjects\Try2\daemon,pid=15952,idleTimeout=10800000,priority=NORMAL,applyInstrumentationAgent=true,daemonOpts=--add-opens=java.base/java.util=ALL-UNNAMED,--add-opens=java.base/java.lang=ALL-UNNAMED,--add-opens=java.base/java.lang.invoke=ALL-UNNAMED,--add-opens=java.prefs/java.util.prefs=ALL-UNNAMED,--add-opens=java.base/java.nio.charset=ALL-UNNAMED,--add-opens=java.base/java.net=ALL-UNNAMED,--add-opens=java.base/java.util.concurrent.atomic=ALL-UNNAMED,-Xmx2048m,-Dfile.encoding=UTF-8,-Duser.country=US,-Duser.language=en,-Duser.variant]
2024-02-23T00:43:36.981-0600 [DEBUG] [org.gradle.internal.remote.internal.inet.InetAddresses] Adding IP addresses for network interface Software Loopback Interface 1
2024-02-23T00:43:36.985-0600 [DEBUG] [org.gradle.internal.remote.internal.inet.InetAddresses] Is this a loopback interface? true
2024-02-23T00:43:36.986-0600 [DEBUG] [org.gradle.internal.remote.internal.inet.InetAddresses] Adding loopback address /127.0.0.1
2024-02-23T00:43:36.986-0600 [DEBUG] [org.gradle.internal.remote.internal.inet.InetAddresses] Adding loopback address /0:0:0:0:0:0:0:1
2024-02-23T00:43:36.988-0600 [DEBUG] [org.gradle.internal.remote.internal.inet.InetAddresses] Adding IP addresses for network interface Bluetooth Device (Personal Area Network)
2024-02-23T00:43:36.992-0600 [DEBUG] [org.gradle.internal.remote.internal.inet.InetAddresses] Is this a loopback interface? false
2024-02-23T00:43:36.992-0600 [DEBUG] [org.gradle.internal.remote.internal.inet.InetAddresses] Adding IP addresses for network interface Microsoft 6to4 Adapter
2024-02-23T00:43:36.996-0600 [DEBUG] [org.gradle.internal.remote.internal.inet.InetAddresses] Is this a loopback interface? false
2024-02-23T00:43:36.996-0600 [DEBUG] [org.gradle.internal.remote.internal.inet.InetAddresses] Adding IP addresses for network interface WAN Miniport (SSTP)
2024-02-23T00:43:37.000-0600 [DEBUG] [org.gradle.internal.remote.internal.inet.InetAddresses] Is this a loopback interface? false
2024-02-23T00:43:37.000-0600 [DEBUG] [org.gradle.internal.remote.internal.inet.InetAddresses] Adding IP addresses for network interface WAN Miniport (IP)
2024-02-23T00:43:37.003-0600 [DEBUG] [org.gradle.internal.remote.internal.inet.InetAddresses] Is this a loopback interface? false
2024-02-23T00:43:37.003-0600 [DEBUG] [org.gradle.internal.remote.internal.inet.InetAddresses] Adding IP addresses for network interface Microsoft IP-HTTPS Platform Adapter
2024-02-23T00:43:37.007-0600 [DEBUG] [org.gradle.internal.remote.internal.inet.InetAddresses] Is this a loopback interface? false
2024-02-23T00:43:37.007-0600 [DEBUG] [org.gradle.internal.remote.internal.inet.InetAddresses] Adding IP addresses for network interface WAN Miniport (L2TP)
2024-02-23T00:43:37.010-0600 [DEBUG] [org.gradle.internal.remote.internal.inet.InetAddresses] Is this a loopback interface? false
2024-02-23T00:43:37.011-0600 [DEBUG] [org.gradle.internal.remote.internal.inet.InetAddresses] Adding IP addresses for network interface WAN Miniport (PPTP)
2024-02-23T00:43:37.013-0600 [DEBUG] [org.gradle.internal.remote.internal.inet.InetAddresses] Is this a loopback interface? false
2024-02-23T00:43:37.014-0600 [DEBUG] [org.gradle.internal.remote.internal.inet.InetAddresses] Adding IP addresses for network interface Microsoft Wi-Fi Direct Virtual Adapter #2
2024-02-23T00:43:37.017-0600 [DEBUG] [org.gradle.internal.remote.internal.inet.InetAddresses] Is this a loopback interface? false
2024-02-23T00:43:37.017-0600 [DEBUG] [org.gradle.internal.remote.internal.inet.InetAddresses] Adding remote address /fe80:0:0:0:dd30:26fd:1997:e9f0%wlan0
2024-02-23T00:43:37.017-0600 [DEBUG] [org.gradle.internal.remote.internal.inet.InetAddresses] Adding IP addresses for network interface Microsoft Wi-Fi Direct Virtual Adapter
2024-02-23T00:43:37.020-0600 [DEBUG] [org.gradle.internal.remote.internal.inet.InetAddresses] Is this a loopback interface? false
2024-02-23T00:43:37.020-0600 [DEBUG] [org.gradle.internal.remote.internal.inet.InetAddresses] Adding IP addresses for network interface Killer(R) Wireless-AC 1550i Wireless Network Adapter (9560NGW) 160MHz
2024-02-23T00:43:37.023-0600 [DEBUG] [org.gradle.internal.remote.internal.inet.InetAddresses] Is this a loopback interface? false
2024-02-23T00:43:37.024-0600 [DEBUG] [org.gradle.internal.remote.internal.inet.InetAddresses] Adding remote address /192.168.1.170
2024-02-23T00:43:37.024-0600 [DEBUG] [org.gradle.internal.remote.internal.inet.InetAddresses] Adding IP addresses for network interface TAP-NordVPN Windows Adapter V9
2024-02-23T00:43:37.027-0600 [DEBUG] [org.gradle.internal.remote.internal.inet.InetAddresses] Is this a loopback interface? false
2024-02-23T00:43:37.027-0600 [DEBUG] [org.gradle.internal.remote.internal.inet.InetAddresses] Adding IP addresses for network interface Microsoft Teredo Tunneling Adapter
2024-02-23T00:43:37.031-0600 [DEBUG] [org.gradle.internal.remote.internal.inet.InetAddresses] Is this a loopback interface? false
2024-02-23T00:43:37.031-0600 [DEBUG] [org.gradle.internal.remote.internal.inet.InetAddresses] Adding IP addresses for network interface Killer E2500 Gigabit Ethernet Controller
2024-02-23T00:43:37.034-0600 [DEBUG] [org.gradle.internal.remote.internal.inet.InetAddresses] Is this a loopback interface? false
2024-02-23T00:43:37.035-0600 [DEBUG] [org.gradle.internal.remote.internal.inet.InetAddresses] Adding IP addresses for network interface WAN Miniport (IPv6)
2024-02-23T00:43:37.038-0600 [DEBUG] [org.gradle.internal.remote.internal.inet.InetAddresses] Is this a loopback interface? false
2024-02-23T00:43:37.038-0600 [DEBUG] [org.gradle.internal.remote.internal.inet.InetAddresses] Adding IP addresses for network interface WAN Miniport (PPPOE)
2024-02-23T00:43:37.041-0600 [DEBUG] [org.gradle.internal.remote.internal.inet.InetAddresses] Is this a loopback interface? false
2024-02-23T00:43:37.041-0600 [DEBUG] [org.gradle.internal.remote.internal.inet.InetAddresses] Adding IP addresses for network interface WAN Miniport (IKEv2)
2024-02-23T00:43:37.044-0600 [DEBUG] [org.gradle.internal.remote.internal.inet.InetAddresses] Is this a loopback interface? false
2024-02-23T00:43:37.044-0600 [DEBUG] [org.gradle.internal.remote.internal.inet.InetAddresses] Adding IP addresses for network interface Microsoft Kernel Debug Network Adapter
2024-02-23T00:43:37.047-0600 [DEBUG] [org.gradle.internal.remote.internal.inet.InetAddresses] Is this a loopback interface? false
2024-02-23T00:43:37.047-0600 [DEBUG] [org.gradle.internal.remote.internal.inet.InetAddresses] Adding IP addresses for network interface WAN Miniport (Network Monitor)
2024-02-23T00:43:37.050-0600 [DEBUG] [org.gradle.internal.remote.internal.inet.InetAddresses] Is this a loopback interface? false
2024-02-23T00:43:37.050-0600 [DEBUG] [org.gradle.internal.remote.internal.inet.InetAddresses] Adding IP addresses for network interface NordLynx Tunnel
2024-02-23T00:43:37.053-0600 [DEBUG] [org.gradle.internal.remote.internal.inet.InetAddresses] Is this a loopback interface? false
2024-02-23T00:43:37.053-0600 [DEBUG] [org.gradle.internal.remote.internal.inet.InetAddresses] Adding IP addresses for network interface TAP-NordVPN Windows Adapter V9-WFP Native MAC Layer LightWeight Filter-0000
2024-02-23T00:43:37.056-0600 [DEBUG] [org.gradle.internal.remote.internal.inet.InetAddresses] Is this a loopback interface? false
2024-02-23T00:43:37.057-0600 [DEBUG] [org.gradle.internal.remote.internal.inet.InetAddresses] Adding IP addresses for network interface Killer E2500 Gigabit Ethernet Controller-WFP Native MAC Layer LightWeight Filter-0000
2024-02-23T00:43:37.059-0600 [DEBUG] [org.gradle.internal.remote.internal.inet.InetAddresses] Is this a loopback interface? false
2024-02-23T00:43:37.060-0600 [DEBUG] [org.gradle.internal.remote.internal.inet.InetAddresses] Adding IP addresses for network interface Killer(R) Wireless-AC 1550i Wireless Network Adapter (9560NGW) 160MHz-WFP Native MAC Layer LightWeight Filter-0000
2024-02-23T00:43:37.063-0600 [DEBUG] [org.gradle.internal.remote.internal.inet.InetAddresses] Is this a loopback interface? false
2024-02-23T00:43:37.064-0600 [DEBUG] [org.gradle.internal.remote.internal.inet.InetAddresses] Adding IP addresses for network interface Killer(R) Wireless-AC 1550i Wireless Network Adapter (9560NGW) 160MHz-Virtual WiFi Filter Driver-0000
2024-02-23T00:43:37.067-0600 [DEBUG] [org.gradle.internal.remote.internal.inet.InetAddresses] Is this a loopback interface? false
2024-02-23T00:43:37.068-0600 [DEBUG] [org.gradle.internal.remote.internal.inet.InetAddresses] Adding IP addresses for network interface Killer(R) Wireless-AC 1550i Wireless Network Adapter (9560NGW) 160MHz-Native WiFi Filter Driver-0000
2024-02-23T00:43:37.071-0600 [DEBUG] [org.gradle.internal.remote.internal.inet.InetAddresses] Is this a loopback interface? false
2024-02-23T00:43:37.072-0600 [DEBUG] [org.gradle.internal.remote.internal.inet.InetAddresses] Adding IP addresses for network interface Microsoft Wi-Fi Direct Virtual Adapter-WFP Native MAC Layer LightWeight Filter-0000
2024-02-23T00:43:37.075-0600 [DEBUG] [org.gradle.internal.remote.internal.inet.InetAddresses] Is this a loopback interface? false
2024-02-23T00:43:37.075-0600 [DEBUG] [org.gradle.internal.remote.internal.inet.InetAddresses] Adding IP addresses for network interface Microsoft Wi-Fi Direct Virtual Adapter-Native WiFi Filter Driver-0000
2024-02-23T00:43:37.078-0600 [DEBUG] [org.gradle.internal.remote.internal.inet.InetAddresses] Is this a loopback interface? false
2024-02-23T00:43:37.078-0600 [DEBUG] [org.gradle.internal.remote.internal.inet.InetAddresses] Adding IP addresses for network interface TAP-NordVPN Windows Adapter V9-QoS Packet Scheduler-0000
2024-02-23T00:43:37.081-0600 [DEBUG] [org.gradle.internal.remote.internal.inet.InetAddresses] Is this a loopback interface? false
2024-02-23T00:43:37.081-0600 [DEBUG] [org.gradle.internal.remote.internal.inet.InetAddresses] Adding IP addresses for network interface TAP-NordVPN Windows Adapter V9-WFP 802.3 MAC Layer LightWeight Filter-0000
2024-02-23T00:43:37.083-0600 [DEBUG] [org.gradle.internal.remote.internal.inet.InetAddresses] Is this a loopback interface? false
2024-02-23T00:43:37.084-0600 [DEBUG] [org.gradle.internal.remote.internal.inet.InetAddresses] Adding IP addresses for network interface Killer E2500 Gigabit Ethernet Controller-QoS Packet Scheduler-0000
2024-02-23T00:43:37.086-0600 [DEBUG] [org.gradle.internal.remote.internal.inet.InetAddresses] Is this a loopback interface? false
2024-02-23T00:43:37.087-0600 [DEBUG] [org.gradle.internal.remote.internal.inet.InetAddresses] Adding IP addresses for network interface Killer E2500 Gigabit Ethernet Controller-WFP 802.3 MAC Layer LightWeight Filter-0000
2024-02-23T00:43:37.090-0600 [DEBUG] [org.gradle.internal.remote.internal.inet.InetAddresses] Is this a loopback interface? false
2024-02-23T00:43:37.090-0600 [DEBUG] [org.gradle.internal.remote.internal.inet.InetAddresses] Adding IP addresses for network interface Killer(R) Wireless-AC 1550i Wireless Network Adapter (9560NGW) 160MHz-QoS Packet Scheduler-0000
2024-02-23T00:43:37.093-0600 [DEBUG] [org.gradle.internal.remote.internal.inet.InetAddresses] Is this a loopback interface? false
2024-02-23T00:43:37.093-0600 [DEBUG] [org.gradle.internal.remote.internal.inet.InetAddresses] Adding IP addresses for network interface Killer(R) Wireless-AC 1550i Wireless Network Adapter (9560NGW) 160MHz-WFP 802.3 MAC Layer LightWeight Filter-0000
2024-02-23T00:43:37.096-0600 [DEBUG] [org.gradle.internal.remote.internal.inet.InetAddresses] Is this a loopback interface? false
2024-02-23T00:43:37.096-0600 [DEBUG] [org.gradle.internal.remote.internal.inet.InetAddresses] Adding IP addresses for network interface Microsoft Wi-Fi Direct Virtual Adapter-QoS Packet Scheduler-0000
2024-02-23T00:43:37.099-0600 [DEBUG] [org.gradle.internal.remote.internal.inet.InetAddresses] Is this a loopback interface? false
2024-02-23T00:43:37.099-0600 [DEBUG] [org.gradle.internal.remote.internal.inet.InetAddresses] Adding IP addresses for network interface Microsoft Wi-Fi Direct Virtual Adapter-WFP 802.3 MAC Layer LightWeight Filter-0000
2024-02-23T00:43:37.102-0600 [DEBUG] [org.gradle.internal.remote.internal.inet.InetAddresses] Is this a loopback interface? false
2024-02-23T00:43:37.102-0600 [DEBUG] [org.gradle.internal.remote.internal.inet.InetAddresses] Adding IP addresses for network interface Microsoft Wi-Fi Direct Virtual Adapter #2-WFP Native MAC Layer LightWeight Filter-0000
2024-02-23T00:43:37.105-0600 [DEBUG] [org.gradle.internal.remote.internal.inet.InetAddresses] Is this a loopback interface? false
2024-02-23T00:43:37.106-0600 [DEBUG] [org.gradle.internal.remote.internal.inet.InetAddresses] Adding IP addresses for network interface Microsoft Wi-Fi Direct Virtual Adapter #2-Native WiFi Filter Driver-0000
2024-02-23T00:43:37.108-0600 [DEBUG] [org.gradle.internal.remote.internal.inet.InetAddresses] Is this a loopback interface? false
2024-02-23T00:43:37.109-0600 [DEBUG] [org.gradle.internal.remote.internal.inet.InetAddresses] Adding IP addresses for network interface Microsoft Wi-Fi Direct Virtual Adapter #2-QoS Packet Scheduler-0000
2024-02-23T00:43:37.112-0600 [DEBUG] [org.gradle.internal.remote.internal.inet.InetAddresses] Is this a loopback interface? false
2024-02-23T00:43:37.112-0600 [DEBUG] [org.gradle.internal.remote.internal.inet.InetAddresses] Adding IP addresses for network interface Microsoft Wi-Fi Direct Virtual Adapter #2-WFP 802.3 MAC Layer LightWeight Filter-0000
2024-02-23T00:43:37.114-0600 [DEBUG] [org.gradle.internal.remote.internal.inet.InetAddresses] Is this a loopback interface? false
2024-02-23T00:43:37.115-0600 [DEBUG] [org.gradle.internal.remote.internal.inet.InetAddresses] Adding IP addresses for network interface WAN Miniport (IP)-WFP Native MAC Layer LightWeight Filter-0000
2024-02-23T00:43:37.117-0600 [DEBUG] [org.gradle.internal.remote.internal.inet.InetAddresses] Is this a loopback interface? false
2024-02-23T00:43:37.117-0600 [DEBUG] [org.gradle.internal.remote.internal.inet.InetAddresses] Adding IP addresses for network interface WAN Miniport (IP)-QoS Packet Scheduler-0000
2024-02-23T00:43:37.120-0600 [DEBUG] [org.gradle.internal.remote.internal.inet.InetAddresses] Is this a loopback interface? false
2024-02-23T00:43:37.120-0600 [DEBUG] [org.gradle.internal.remote.internal.inet.InetAddresses] Adding IP addresses for network interface WAN Miniport (IPv6)-WFP Native MAC Layer LightWeight Filter-0000
2024-02-23T00:43:37.123-0600 [DEBUG] [org.gradle.internal.remote.internal.inet.InetAddresses] Is this a loopback interface? false
2024-02-23T00:43:37.123-0600 [DEBUG] [org.gradle.internal.remote.internal.inet.InetAddresses] Adding IP addresses for network interface WAN Miniport (IPv6)-QoS Packet Scheduler-0000
2024-02-23T00:43:37.126-0600 [DEBUG] [org.gradle.internal.remote.internal.inet.InetAddresses] Is this a loopback interface? false
2024-02-23T00:43:37.126-0600 [DEBUG] [org.gradle.internal.remote.internal.inet.InetAddresses] Adding IP addresses for network interface WAN Miniport (Network Monitor)-WFP Native MAC Layer LightWeight Filter-0000
2024-02-23T00:43:37.129-0600 [DEBUG] [org.gradle.internal.remote.internal.inet.InetAddresses] Is this a loopback interface? false
2024-02-23T00:43:37.129-0600 [DEBUG] [org.gradle.internal.remote.internal.inet.InetAddresses] Adding IP addresses for network interface WAN Miniport (Network Monitor)-QoS Packet Scheduler-0000
2024-02-23T00:43:37.132-0600 [DEBUG] [org.gradle.internal.remote.internal.inet.InetAddresses] Is this a loopback interface? false
2024-02-23T00:43:37.139-0600 [DEBUG] [org.gradle.internal.remote.internal.inet.TcpIncomingConnector] Listening on [e0ead93c-0833-4680-99a5-c804269bb1f4 port:51172, addresses:[localhost/127.0.0.1]].
2024-02-23T00:43:37.146-0600 [DEBUG] [org.gradle.launcher.daemon.server.Daemon] Daemon starting at: Fri Feb 23 00:43:37 CST 2024, with address: [e0ead93c-0833-4680-99a5-c804269bb1f4 port:51172, addresses:[localhost/127.0.0.1]]
2024-02-23T00:43:37.146-0600 [INFO] [org.gradle.launcher.daemon.server.DaemonRegistryUpdater] Advertising the daemon address to the clients: [e0ead93c-0833-4680-99a5-c804269bb1f4 port:51172, addresses:[localhost/127.0.0.1]]
2024-02-23T00:43:37.147-0600 [DEBUG] [org.gradle.launcher.daemon.server.DaemonRegistryUpdater] Advertised daemon context: DefaultDaemonContext[uid=e14ff1a9-e19c-438c-9e41-772efaa596bf,javaHome=C:\Program Files\Android\Android Studio\jbr,daemonRegistryDir=C:\Users\natha\AndroidStudioProjects\Try2\daemon,pid=15952,idleTimeout=10800000,priority=NORMAL,applyInstrumentationAgent=true,daemonOpts=--add-opens=java.base/java.util=ALL-UNNAMED,--add-opens=java.base/java.lang=ALL-UNNAMED,--add-opens=java.base/java.lang.invoke=ALL-UNNAMED,--add-opens=java.prefs/java.util.prefs=ALL-UNNAMED,--add-opens=java.base/java.nio.charset=ALL-UNNAMED,--add-opens=java.base/java.net=ALL-UNNAMED,--add-opens=java.base/java.util.concurrent.atomic=ALL-UNNAMED,-Xmx2048m,-Dfile.encoding=UTF-8,-Duser.country=US,-Duser.language=en,-Duser.variant]
2024-02-23T00:43:37.148-0600 [DEBUG] [org.gradle.launcher.daemon.registry.PersistentDaemonRegistry] Storing daemon address: [e0ead93c-0833-4680-99a5-c804269bb1f4 port:51172, addresses:[localhost/127.0.0.1]], context: DefaultDaemonContext[uid=e14ff1a9-e19c-438c-9e41-772efaa596bf,javaHome=C:\Program Files\Android\Android Studio\jbr,daemonRegistryDir=C:\Users\natha\AndroidStudioProjects\Try2\daemon,pid=15952,idleTimeout=10800000,priority=NORMAL,applyInstrumentationAgent=true,daemonOpts=--add-opens=java.base/java.util=ALL-UNNAMED,--add-opens=java.base/java.lang=ALL-UNNAMED,--add-opens=java.base/java.lang.invoke=ALL-UNNAMED,--add-opens=java.prefs/java.util.prefs=ALL-UNNAMED,--add-opens=java.base/java.nio.charset=ALL-UNNAMED,--add-opens=java.base/java.net=ALL-UNNAMED,--add-opens=java.base/java.util.concurrent.atomic=ALL-UNNAMED,-Xmx2048m,-Dfile.encoding=UTF-8,-Duser.country=US,-Duser.language=en,-Duser.variant]
2024-02-23T00:43:37.161-0600 [DEBUG] [org.gradle.cache.internal.DefaultFileLockManager] Waiting to acquire exclusive lock on daemon addresses registry.
2024-02-23T00:43:37.166-0600 [DEBUG] [org.gradle.cache.internal.DefaultFileLockManager] Lock acquired on daemon addresses registry.
2024-02-23T00:43:37.172-0600 [DEBUG] [org.gradle.cache.internal.DefaultFileLockManager] Releasing lock on daemon addresses registry.
2024-02-23T00:43:37.173-0600 [LIFECYCLE] [org.gradle.launcher.daemon.server.Daemon] Daemon server started.
2024-02-23T00:43:37.174-0600 [DEBUG] [org.gradle.launcher.daemon.bootstrap.DaemonStartupCommunication] Completed writing the daemon greeting. Closing streams...
2024-02-23T00:43:37.181-0600 [DEBUG] [org.gradle.launcher.daemon.server.Daemon] stopOnExpiration() called on daemon
2024-02-23T00:43:37.182-0600 [DEBUG] [org.gradle.launcher.daemon.server.Daemon] awaitExpiration() called on daemon
2024-02-23T00:43:37.183-0600 [DEBUG] [org.gradle.launcher.daemon.server.DaemonStateCoordinator] daemon is running. Sleeping until state changes.
2024-02-23T00:43:37.187-0600 [DEBUG] [org.gradle.internal.remote.internal.inet.TcpIncomingConnector] Accepted connection from /127.0.0.1:51173 to /127.0.0.1:51172.
2024-02-23T00:43:37.321-0600 [DEBUG] [org.gradle.launcher.daemon.server.SynchronizedDispatchConnection] thread 22: received class org.gradle.launcher.daemon.protocol.Build
2024-02-23T00:43:37.321-0600 [DEBUG] [org.gradle.launcher.daemon.server.DefaultDaemonConnection] thread 22: Received non-IO message from client: Build{id=bf748f4a-3d3f-4ffb-9311-22a95c6d0d30, currentDir=C:\Users\natha\OneDrive\Desktop\extract Maybe\Try2\Try2}
2024-02-23T00:43:37.322-0600 [INFO] [org.gradle.launcher.daemon.server.DefaultIncomingConnectionHandler] Received command: Build{id=bf748f4a-3d3f-4ffb-9311-22a95c6d0d30, currentDir=C:\Users\natha\OneDrive\Desktop\extract Maybe\Try2\Try2}.
2024-02-23T00:43:37.322-0600 [DEBUG] [org.gradle.launcher.daemon.server.DefaultIncomingConnectionHandler] Starting executing command: Build{id=bf748f4a-3d3f-4ffb-9311-22a95c6d0d30, currentDir=C:\Users\natha\OneDrive\Desktop\extract Maybe\Try2\Try2} with connection: socket connection from /127.0.0.1:51172 to /127.0.0.1:51173.
2024-02-23T00:43:37.325-0600 [DEBUG] [org.gradle.launcher.daemon.server.DaemonStateCoordinator] Command execution: started DaemonCommandExecution[command = Build{id=bf748f4a-3d3f-4ffb-9311-22a95c6d0d30, currentDir=C:\Users\natha\OneDrive\Desktop\extract Maybe\Try2\Try2}, connection = DefaultDaemonConnection: socket connection from /127.0.0.1:51172 to /127.0.0.1:51173] after 0.0 minutes of idle
2024-02-23T00:43:37.325-0600 [INFO] [org.gradle.launcher.daemon.server.DaemonRegistryUpdater] Marking the daemon as busy, address: [e0ead93c-0833-4680-99a5-c804269bb1f4 port:51172, addresses:[localhost/127.0.0.1]]
2024-02-23T00:43:37.326-0600 [DEBUG] [org.gradle.launcher.daemon.registry.PersistentDaemonRegistry] Marking busy by address: [e0ead93c-0833-4680-99a5-c804269bb1f4 port:51172, addresses:[localhost/127.0.0.1]]
2024-02-23T00:43:37.328-0600 [DEBUG] [org.gradle.cache.internal.DefaultFileLockManager] Waiting to acquire exclusive lock on daemon addresses registry.
2024-02-23T00:43:37.328-0600 [DEBUG] [org.gradle.cache.internal.DefaultFileLockManager] Lock acquired on daemon addresses registry.
2024-02-23T00:43:37.330-0600 [DEBUG] [org.gradle.cache.internal.DefaultFileLockManager] Releasing lock on daemon addresses registry.
2024-02-23T00:43:37.330-0600 [DEBUG] [org.gradle.launcher.daemon.server.DaemonStateCoordinator] resetting idle timer
2024-02-23T00:43:37.331-0600 [DEBUG] [org.gradle.launcher.daemon.server.DaemonStateCoordinator] daemon is running. Sleeping until state changes.
2024-02-23T00:43:37.331-0600 [INFO] [org.gradle.launcher.daemon.server.exec.StartBuildOrRespondWithBusy] Daemon is about to start building Build{id=bf748f4a-3d3f-4ffb-9311-22a95c6d0d30, currentDir=C:\Users\natha\OneDrive\Desktop\extract Maybe\Try2\Try2}. Dispatching build started information...
2024-02-23T00:43:37.332-0600 [DEBUG] [org.gradle.launcher.daemon.server.SynchronizedDispatchConnection] thread 24: dispatching org.gradle.launcher.daemon.protocol.BuildStarted@67f4cb56
2024-02-23T00:43:37.333-0600 [DEBUG] [org.gradle.launcher.daemon.server.exec.EstablishBuildEnvironment] Configuring env variables: [USERDOMAIN_ROAMINGPROFILE, configsetroot, LOCALAPPDATA, PROCESSOR_LEVEL, USERDOMAIN, LOGONSERVER, FPS_BROWSER_APP_PROFILE_STRING, JAVA_HOME, SESSIONNAME, ALLUSERSPROFILE, PROCESSOR_ARCHITECTURE, PSModulePath, SystemDrive, OneDrive, APPDATA, USERNAME, ProgramFiles(x86), CommonProgramFiles, Path, FPS_BROWSER_USER_PROFILE_STRING, EFC_16892, PATHEXT, DriverData, OS, COMPUTERNAME, PROCESSOR_REVISION, CommonProgramW6432, ComSpec, ProgramData, ProgramW6432, __PSLockDownPolicy, TEMP, HOMEPATH, SystemRoot, PROCESSOR_IDENTIFIER, HOMEDRIVE, USERPROFILE, TMP, CommonProgramFiles(x86), ProgramFiles, PUBLIC, windir, NUMBER_OF_PROCESSORS, =::, IDEA_INITIAL_DIRECTORY, ZES_ENABLE_SYSMAN]
2024-02-23T00:43:37.337-0600 [DEBUG] [org.gradle.launcher.daemon.server.SynchronizedDispatchConnection] thread 22: received class org.gradle.launcher.daemon.protocol.CloseInput
2024-02-23T00:43:37.337-0600 [DEBUG] [org.gradle.launcher.daemon.server.DefaultDaemonConnection] thread 22: Received IO message from client: org.gradle.launcher.daemon.protocol.CloseInput@207cfcbd
2024-02-23T00:43:37.340-0600 [DEBUG] [org.gradle.launcher.daemon.server.exec.LogToClient] About to start relaying all logs to the client via the connection.
2024-02-23T00:43:37.340-0600 [INFO] [org.gradle.launcher.daemon.server.exec.LogToClient] The client will now receive all logging from the daemon (pid: 15952). The daemon log file: C:\Users\natha\AndroidStudioProjects\Try2\daemon\8.2\daemon-15952.out.log
2024-02-23T00:43:37.343-0600 [INFO] [org.gradle.launcher.daemon.server.exec.LogAndCheckHealth] Starting build in new daemon [memory: 2 GiB]
2024-02-23T00:43:37.344-0600 [INFO] [org.gradle.launcher.daemon.server.exec.ForwardClientInput] Closing daemon's stdin at end of input.
2024-02-23T00:43:37.345-0600 [INFO] [org.gradle.launcher.daemon.server.exec.ForwardClientInput] The daemon will no longer process any standard input.
2024-02-23T00:43:37.346-0600 [DEBUG] [org.gradle.launcher.daemon.server.exec.ExecuteBuild] The daemon has started executing the build.
2024-02-23T00:43:37.347-0600 [DEBUG] [org.gradle.launcher.daemon.server.exec.ExecuteBuild] Executing build with daemon context: DefaultDaemonContext[uid=e14ff1a9-e19c-438c-9e41-772efaa596bf,javaHome=C:\Program Files\Android\Android Studio\jbr,daemonRegistryDir=C:\Users\natha\AndroidStudioProjects\Try2\daemon,pid=15952,idleTimeout=10800000,priority=NORMAL,applyInstrumentationAgent=true,daemonOpts=--add-opens=java.base/java.util=ALL-UNNAMED,--add-opens=java.base/java.lang=ALL-UNNAMED,--add-opens=java.base/java.lang.invoke=ALL-UNNAMED,--add-opens=java.prefs/java.util.prefs=ALL-UNNAMED,--add-opens=java.base/java.nio.charset=ALL-UNNAMED,--add-opens=java.base/java.net=ALL-UNNAMED,--add-opens=java.base/java.util.concurrent.atomic=ALL-UNNAMED,-Xmx2048m,-Dfile.encoding=UTF-8,-Duser.country=US,-Duser.language=en,-Duser.variant]

Deprecated Gradle features were used in this build, making it incompatible with Gradle 9.0.

You can use '--warning-mode all' to show the individual deprecation warnings and determine if they come from your own scripts or plugins.

For more on this, please refer to https://docs.gradle.org/8.2/userguide/command_line_interface.html#sec:command_line_warnings in the Gradle documentation.

BUILD SUCCESSFUL in 23s
2024-02-23T00:43:54.761-0600 [DEBUG] [org.gradle.launcher.daemon.server.exec.ExecuteBuild] The daemon has finished executing the build.
2024-02-23T00:43:54.778-0600 [DEBUG] [org.gradle.launcher.daemon.server.DaemonStateCoordinator] daemon is running. Sleeping until state changes.
2024-02-23T00:43:54.778-0600 [DEBUG] [org.gradle.launcher.daemon.server.DaemonStateCoordinator] Command execution: finished waiting for DaemonCommandExecution[command = Build{id=bf748f4a-3d3f-4ffb-9311-22a95c6d0d30, currentDir=C:\Users\natha\OneDrive\Desktop\extract Maybe\Try2\Try2}, connection = DefaultDaemonConnection: socket connection from /127.0.0.1:51172 to /127.0.0.1:51173]. Result org.gradle.launcher.daemon.server.DaemonStateCoordinator@6826a519 with state Busy
2024-02-23T00:43:54.780-0600 [DEBUG] [org.gradle.launcher.daemon.server.DaemonStateCoordinator] Command execution: completed DaemonCommandExecution[command = Build{id=bf748f4a-3d3f-4ffb-9311-22a95c6d0d30, currentDir=C:\Users\natha\OneDrive\Desktop\extract Maybe\Try2\Try2}, connection = DefaultDaemonConnection: socket connection from /127.0.0.1:51172 to /127.0.0.1:51173]
2024-02-23T00:43:54.780-0600 [DEBUG] [org.gradle.launcher.daemon.server.DaemonStateCoordinator] resetting idle timer
2024-02-23T00:43:54.780-0600 [INFO] [org.gradle.launcher.daemon.server.DaemonRegistryUpdater] Marking the daemon as idle, address: [e0ead93c-0833-4680-99a5-c804269bb1f4 port:51172, addresses:[localhost/127.0.0.1]]
2024-02-23T00:43:54.780-0600 [DEBUG] [org.gradle.launcher.daemon.registry.PersistentDaemonRegistry] Marking busy by address: [e0ead93c-0833-4680-99a5-c804269bb1f4 port:51172, addresses:[localhost/127.0.0.1]]
2024-02-23T00:43:54.782-0600 [DEBUG] [org.gradle.cache.internal.DefaultFileLockManager] Waiting to acquire exclusive lock on daemon addresses registry.
2024-02-23T00:43:54.783-0600 [DEBUG] [org.gradle.cache.internal.DefaultFileLockManager] Lock acquired on daemon addresses registry.
2024-02-23T00:43:54.785-0600 [DEBUG] [org.gradle.cache.internal.DefaultFileLockManager] Releasing lock on daemon addresses registry.
2024-02-23T00:43:54.786-0600 [DEBUG] [org.gradle.launcher.daemon.server.DaemonStateCoordinator] daemon is running. Sleeping until state changes.
2024-02-23T00:43:54.786-0600 [DEBUG] [org.gradle.launcher.daemon.server.exec.ReturnResult] Daemon is dispatching the build result: Success[value=org.gradle.launcher.exec.BuildActionResult@7fea6456]
2024-02-23T00:43:54.786-0600 [DEBUG] [org.gradle.launcher.daemon.server.SynchronizedDispatchConnection] thread 21: dispatching Success[value=org.gradle.launcher.exec.BuildActionResult@7fea6456]
2024-02-23T00:43:54.787-0600 [DEBUG] [org.gradle.launcher.daemon.server.DefaultIncomingConnectionHandler] Finishing executing command: Build{id=bf748f4a-3d3f-4ffb-9311-22a95c6d0d30, currentDir=C:\Users\natha\OneDrive\Desktop\extract Maybe\Try2\Try2}
2024-02-23T00:43:54.788-0600 [DEBUG] [org.gradle.launcher.daemon.server.SynchronizedDispatchConnection] thread 22: received class org.gradle.launcher.daemon.protocol.Finished
2024-02-23T00:43:54.788-0600 [DEBUG] [org.gradle.launcher.daemon.server.DefaultDaemonConnection] thread 22: Received non-IO message from client: org.gradle.launcher.daemon.protocol.Finished@12ca6072
2024-02-23T00:43:54.789-0600 [DEBUG] [org.gradle.launcher.daemon.server.DefaultIncomingConnectionHandler] Received finished message: org.gradle.launcher.daemon.protocol.Finished@12ca6072
2024-02-23T00:43:54.789-0600 [DEBUG] [org.gradle.launcher.daemon.server.SynchronizedDispatchConnection] thread 21: stopping connection
2024-02-23T00:43:54.789-0600 [DEBUG] [org.gradle.internal.remote.internal.inet.SocketConnection] Discarding EOFException: java.io.EOFException
2024-02-23T00:43:54.790-0600 [DEBUG] [org.gradle.launcher.daemon.server.SynchronizedDispatchConnection] thread 22: received null
2024-02-23T00:43:54.790-0600 [DEBUG] [org.gradle.launcher.daemon.server.DefaultDaemonConnection] thread 22: Received end-of-input from client.
2024-02-23T00:43:54.790-0600 [DEBUG] [org.gradle.launcher.daemon.server.SynchronizedDispatchConnection] thread 21: stopping connection
2024-02-23T00:43:57.193-0600 [DEBUG] [org.gradle.cache.internal.DefaultFileLockManager] Waiting to acquire shared lock on daemon addresses registry.
2024-02-23T00:43:57.194-0600 [DEBUG] [org.gradle.cache.internal.DefaultFileLockManager] Lock acquired on daemon addresses registry.
2024-02-23T00:43:57.195-0600 [DEBUG] [org.gradle.cache.internal.DefaultFileLockManager] Releasing lock on daemon addresses registry.
2024-02-23T00:43:57.197-0600 [DEBUG] [org.gradle.cache.internal.DefaultFileLockManager] Waiting to acquire shared lock on daemon addresses registry.
2024-02-23T00:43:57.198-0600 [DEBUG] [org.gradle.cache.internal.DefaultFileLockManager] Lock acquired on daemon addresses registry.
2024-02-23T00:43:57.198-0600 [DEBUG] [org.gradle.cache.internal.DefaultFileLockManager] Releasing lock on daemon addresses registry.
2024-02-23T00:44:07.189-0600 [DEBUG] [org.gradle.cache.internal.DefaultFileLockManager] Waiting to acquire shared lock on daemon addresses registry.
2024-02-23T00:44:07.190-0600 [DEBUG] [org.gradle.cache.internal.DefaultFileLockManager] Lock acquired on daemon addresses registry.
2024-02-23T00:44:07.190-0600 [DEBUG] [org.gradle.cache.internal.DefaultFileLockManager] Releasing lock on daemon addresses registry.
2024-02-23T00:44:07.193-0600 [DEBUG] [org.gradle.cache.internal.DefaultFileLockManager] Waiting to acquire shared lock on daemon addresses registry.
2024-02-23T00:44:07.194-0600 [DEBUG] [org.gradle.cache.internal.DefaultFileLockManager] Lock acquired on daemon addresses registry.
2024-02-23T00:44:07.194-0600 [DEBUG] [org.gradle.cache.internal.DefaultFileLockManager] Releasing lock on daemon addresses registry.
2024-02-23T00:44:07.196-0600 [DEBUG] [org.gradle.cache.internal.DefaultFileLockManager] Waiting to acquire shared lock on daemon addresses registry.
2024-02-23T00:44:07.197-0600 [DEBUG] [org.gradle.cache.internal.DefaultFileLockManager] Lock acquired on daemon addresses registry.
2024-02-23T00:44:07.197-0600 [DEBUG] [org.gradle.cache.internal.DefaultFileLockManager] Releasing lock on daemon addresses registry.
2024-02-23T00:44:15.062-0600 [DEBUG] [org.gradle.internal.remote.internal.inet.TcpIncomingConnector] Accepted connection from /127.0.0.1:51183 to /127.0.0.1:51172.
2024-02-23T00:44:15.071-0600 [DEBUG] [org.gradle.launcher.daemon.server.SynchronizedDispatchConnection] thread 164: received class org.gradle.launcher.daemon.protocol.Build
2024-02-23T00:44:15.071-0600 [DEBUG] [org.gradle.launcher.daemon.server.DefaultDaemonConnection] thread 164: Received non-IO message from client: Build{id=047f9ce8-1c6e-44f3-87e9-3f17fed609a2, currentDir=C:\Users\natha\OneDrive\Desktop\extract Maybe\Try2\Try2}
2024-02-23T00:44:15.071-0600 [INFO] [org.gradle.launcher.daemon.server.DefaultIncomingConnectionHandler] Received command: Build{id=047f9ce8-1c6e-44f3-87e9-3f17fed609a2, currentDir=C:\Users\natha\OneDrive\Desktop\extract Maybe\Try2\Try2}.
2024-02-23T00:44:15.071-0600 [DEBUG] [org.gradle.launcher.daemon.server.DefaultIncomingConnectionHandler] Starting executing command: Build{id=047f9ce8-1c6e-44f3-87e9-3f17fed609a2, currentDir=C:\Users\natha\OneDrive\Desktop\extract Maybe\Try2\Try2} with connection: socket connection from /127.0.0.1:51172 to /127.0.0.1:51183.
2024-02-23T00:44:15.072-0600 [DEBUG] [org.gradle.launcher.daemon.server.DaemonStateCoordinator] Command execution: started DaemonCommandExecution[command = Build{id=047f9ce8-1c6e-44f3-87e9-3f17fed609a2, currentDir=C:\Users\natha\OneDrive\Desktop\extract Maybe\Try2\Try2}, connection = DefaultDaemonConnection: socket connection from /127.0.0.1:51172 to /127.0.0.1:51183] after 0.0 minutes of idle
2024-02-23T00:44:15.072-0600 [INFO] [org.gradle.launcher.daemon.server.DaemonRegistryUpdater] Marking the daemon as busy, address: [e0ead93c-0833-4680-99a5-c804269bb1f4 port:51172, addresses:[localhost/127.0.0.1]]
2024-02-23T00:44:15.073-0600 [DEBUG] [org.gradle.launcher.daemon.registry.PersistentDaemonRegistry] Marking busy by address: [e0ead93c-0833-4680-99a5-c804269bb1f4 port:51172, addresses:[localhost/127.0.0.1]]
2024-02-23T00:44:15.074-0600 [DEBUG] [org.gradle.cache.internal.DefaultFileLockManager] Waiting to acquire exclusive lock on daemon addresses registry.
2024-02-23T00:44:15.075-0600 [DEBUG] [org.gradle.cache.internal.DefaultFileLockManager] Lock acquired on daemon addresses registry.
2024-02-23T00:44:15.077-0600 [DEBUG] [org.gradle.cache.internal.DefaultFileLockManager] Releasing lock on daemon addresses registry.
2024-02-23T00:44:15.078-0600 [DEBUG] [org.gradle.launcher.daemon.server.DaemonStateCoordinator] resetting idle timer
2024-02-23T00:44:15.078-0600 [DEBUG] [org.gradle.launcher.daemon.server.DaemonStateCoordinator] daemon is running. Sleeping until state changes.
2024-02-23T00:44:15.078-0600 [INFO] [org.gradle.launcher.daemon.server.exec.StartBuildOrRespondWithBusy] Daemon is about to start building Build{id=047f9ce8-1c6e-44f3-87e9-3f17fed609a2, currentDir=C:\Users\natha\OneDrive\Desktop\extract Maybe\Try2\Try2}. Dispatching build started information...
2024-02-23T00:44:15.078-0600 [DEBUG] [org.gradle.launcher.daemon.server.SynchronizedDispatchConnection] thread 24: dispatching org.gradle.launcher.daemon.protocol.BuildStarted@6a776624
2024-02-23T00:44:15.080-0600 [DEBUG] [org.gradle.launcher.daemon.server.SynchronizedDispatchConnection] thread 164: received class org.gradle.launcher.daemon.protocol.CloseInput
2024-02-23T00:44:15.080-0600 [DEBUG] [org.gradle.launcher.daemon.server.exec.EstablishBuildEnvironment] Configuring env variables: [USERDOMAIN_ROAMINGPROFILE, configsetroot, LOCALAPPDATA, PROCESSOR_LEVEL, USERDOMAIN, LOGONSERVER, FPS_BROWSER_APP_PROFILE_STRING, JAVA_HOME, SESSIONNAME, ALLUSERSPROFILE, PROCESSOR_ARCHITECTURE, PSModulePath, SystemDrive, OneDrive, APPDATA, USERNAME, ProgramFiles(x86), CommonProgramFiles, Path, FPS_BROWSER_USER_PROFILE_STRING, EFC_16892, PATHEXT, DriverData, OS, COMPUTERNAME, PROCESSOR_REVISION, CommonProgramW6432, ComSpec, ProgramData, ProgramW6432, __PSLockDownPolicy, TEMP, HOMEPATH, SystemRoot, PROCESSOR_IDENTIFIER, HOMEDRIVE, USERPROFILE, TMP, CommonProgramFiles(x86), ProgramFiles, PUBLIC, windir, NUMBER_OF_PROCESSORS, =::, IDEA_INITIAL_DIRECTORY, ZES_ENABLE_SYSMAN]
2024-02-23T00:44:15.080-0600 [DEBUG] [org.gradle.launcher.daemon.server.DefaultDaemonConnection] thread 164: Received IO message from client: org.gradle.launcher.daemon.protocol.CloseInput@1fc77457
2024-02-23T00:44:15.082-0600 [DEBUG] [org.gradle.launcher.daemon.server.exec.LogToClient] About to start relaying all logs to the client via the connection.
2024-02-23T00:44:15.083-0600 [INFO] [org.gradle.launcher.daemon.server.exec.LogToClient] The client will now receive all logging from the daemon (pid: 15952). The daemon log file: C:\Users\natha\AndroidStudioProjects\Try2\daemon\8.2\daemon-15952.out.log
2024-02-23T00:44:15.085-0600 [INFO] [org.gradle.launcher.daemon.server.exec.LogAndCheckHealth] Starting 2nd build in daemon [uptime: 38.359 secs, performance: 99%, GC rate: 0.00/s, heap usage: 0% of 2 GiB]
2024-02-23T00:44:15.086-0600 [DEBUG] [org.gradle.launcher.daemon.server.exec.ExecuteBuild] The daemon has started executing the build.
2024-02-23T00:44:15.086-0600 [INFO] [org.gradle.launcher.daemon.server.exec.ForwardClientInput] Closing daemon's stdin at end of input.
2024-02-23T00:44:15.086-0600 [INFO] [org.gradle.launcher.daemon.server.exec.ForwardClientInput] The daemon will no longer process any standard input.
2024-02-23T00:44:15.086-0600 [DEBUG] [org.gradle.launcher.daemon.server.exec.ExecuteBuild] Executing build with daemon context: DefaultDaemonContext[uid=e14ff1a9-e19c-438c-9e41-772efaa596bf,javaHome=C:\Program Files\Android\Android Studio\jbr,daemonRegistryDir=C:\Users\natha\AndroidStudioProjects\Try2\daemon,pid=15952,idleTimeout=10800000,priority=NORMAL,applyInstrumentationAgent=true,daemonOpts=--add-opens=java.base/java.util=ALL-UNNAMED,--add-opens=java.base/java.lang=ALL-UNNAMED,--add-opens=java.base/java.lang.invoke=ALL-UNNAMED,--add-opens=java.prefs/java.util.prefs=ALL-UNNAMED,--add-opens=java.base/java.nio.charset=ALL-UNNAMED,--add-opens=java.base/java.net=ALL-UNNAMED,--add-opens=java.base/java.util.concurrent.atomic=ALL-UNNAMED,-Xmx2048m,-Dfile.encoding=UTF-8,-Duser.country=US,-Duser.language=en,-Duser.variant]

BUILD SUCCESSFUL in 23s
32 actionable tasks: 32 executed
2024-02-23T00:44:38.502-0600 [DEBUG] [org.gradle.launcher.daemon.server.exec.ExecuteBuild] The daemon has finished executing the build.
2024-02-23T00:44:38.519-0600 [DEBUG] [org.gradle.launcher.daemon.server.DaemonStateCoordinator] Command execution: finished waiting for DaemonCommandExecution[command = Build{id=047f9ce8-1c6e-44f3-87e9-3f17fed609a2, currentDir=C:\Users\natha\OneDrive\Desktop\extract Maybe\Try2\Try2}, connection = DefaultDaemonConnection: socket connection from /127.0.0.1:51172 to /127.0.0.1:51183]. Result org.gradle.launcher.daemon.server.DaemonStateCoordinator@6826a519 with state Busy
2024-02-23T00:44:38.520-0600 [DEBUG] [org.gradle.launcher.daemon.server.DaemonStateCoordinator] Command execution: completed DaemonCommandExecution[command = Build{id=047f9ce8-1c6e-44f3-87e9-3f17fed609a2, currentDir=C:\Users\natha\OneDrive\Desktop\extract Maybe\Try2\Try2}, connection = DefaultDaemonConnection: socket connection from /127.0.0.1:51172 to /127.0.0.1:51183]
2024-02-23T00:44:38.520-0600 [DEBUG] [org.gradle.launcher.daemon.server.DaemonStateCoordinator] resetting idle timer
2024-02-23T00:44:38.520-0600 [INFO] [org.gradle.launcher.daemon.server.DaemonRegistryUpdater] Marking the daemon as idle, address: [e0ead93c-0833-4680-99a5-c804269bb1f4 port:51172, addresses:[localhost/127.0.0.1]]
2024-02-23T00:44:38.520-0600 [DEBUG] [org.gradle.launcher.daemon.registry.PersistentDaemonRegistry] Marking busy by address: [e0ead93c-0833-4680-99a5-c804269bb1f4 port:51172, addresses:[localhost/127.0.0.1]]
2024-02-23T00:44:38.521-0600 [DEBUG] [org.gradle.cache.internal.DefaultFileLockManager] Waiting to acquire exclusive lock on daemon addresses registry.
2024-02-23T00:44:38.521-0600 [DEBUG] [org.gradle.cache.internal.DefaultFileLockManager] Lock acquired on daemon addresses registry.
2024-02-23T00:44:38.523-0600 [DEBUG] [org.gradle.cache.internal.DefaultFileLockManager] Releasing lock on daemon addresses registry.
2024-02-23T00:44:38.523-0600 [DEBUG] [org.gradle.launcher.daemon.server.exec.ReturnResult] Daemon is dispatching the build result: Success[value=org.gradle.launcher.exec.BuildActionResult@58be0f64]
2024-02-23T00:44:38.523-0600 [DEBUG] [org.gradle.launcher.daemon.server.DaemonStateCoordinator] daemon is running. Sleeping until state changes.
2024-02-23T00:44:38.524-0600 [DEBUG] [org.gradle.launcher.daemon.server.SynchronizedDispatchConnection] thread 21: dispatching Success[value=org.gradle.launcher.exec.BuildActionResult@58be0f64]
2024-02-23T00:44:38.524-0600 [DEBUG] [org.gradle.launcher.daemon.server.DefaultIncomingConnectionHandler] Finishing executing command: Build{id=047f9ce8-1c6e-44f3-87e9-3f17fed609a2, currentDir=C:\Users\natha\OneDrive\Desktop\extract Maybe\Try2\Try2}
2024-02-23T00:44:38.524-0600 [DEBUG] [org.gradle.launcher.daemon.server.SynchronizedDispatchConnection] thread 164: received class org.gradle.launcher.daemon.protocol.Finished
2024-02-23T00:44:38.525-0600 [DEBUG] [org.gradle.launcher.daemon.server.DefaultDaemonConnection] thread 164: Received non-IO message from client: org.gradle.launcher.daemon.protocol.Finished@110089df
2024-02-23T00:44:38.525-0600 [DEBUG] [org.gradle.launcher.daemon.server.DefaultIncomingConnectionHandler] Received finished message: org.gradle.launcher.daemon.protocol.Finished@110089df
2024-02-23T00:44:38.525-0600 [DEBUG] [org.gradle.launcher.daemon.server.SynchronizedDispatchConnection] thread 21: stopping connection
2024-02-23T00:44:38.525-0600 [DEBUG] [org.gradle.internal.remote.internal.inet.SocketConnection] Discarding EOFException: java.io.EOFException
2024-02-23T00:44:38.525-0600 [DEBUG] [org.gradle.launcher.daemon.server.SynchronizedDispatchConnection] thread 164: received null
2024-02-23T00:44:38.525-0600 [DEBUG] [org.gradle.launcher.daemon.server.DefaultDaemonConnection] thread 164: Received end-of-input from client.
2024-02-23T00:44:38.526-0600 [DEBUG] [org.gradle.launcher.daemon.server.SynchronizedDispatchConnection] thread 21: stopping connection
2024-02-23T00:44:38.675-0600 [DEBUG] [org.gradle.process.internal.health.memory.DefaultMemoryManager] 1701602099 memory requested, 1203818496 free
2024-02-23T00:44:38.675-0600 [DEBUG] [org.gradle.workers.internal.WorkerDaemonExpiration] Will attempt to release 1622 of memory
2024-02-23T00:44:38.675-0600 [DEBUG] [org.gradle.process.internal.health.memory.DefaultMemoryManager] 1701602099 memory requested, 0 released, 1203818496 free
2024-02-23T00:44:43.672-0600 [DEBUG] [org.gradle.process.internal.health.memory.DefaultMemoryManager] 1701602099 memory requested, 1097867264 free
2024-02-23T00:44:43.672-0600 [DEBUG] [org.gradle.workers.internal.WorkerDaemonExpiration] Will attempt to release 1622 of memory
2024-02-23T00:44:43.672-0600 [DEBUG] [org.gradle.process.internal.health.memory.DefaultMemoryManager] 1701602099 memory requested, 0 released, 1097867264 free
2024-02-23T00:44:47.193-0600 [DEBUG] [org.gradle.cache.internal.DefaultFileLockManager] Waiting to acquire shared lock on daemon addresses registry.
2024-02-23T00:44:47.193-0600 [DEBUG] [org.gradle.cache.internal.DefaultFileLockManager] Lock acquired on daemon addresses registry.
2024-02-23T00:44:47.193-0600 [DEBUG] [org.gradle.cache.internal.DefaultFileLockManager] Releasing lock on daemon addresses registry.
2024-02-23T00:44:47.195-0600 [DEBUG] [org.gradle.cache.internal.DefaultFileLockManager] Waiting to acquire shared lock on daemon addresses registry.
2024-02-23T00:44:47.195-0600 [DEBUG] [org.gradle.cache.internal.DefaultFileLockManager] Lock acquired on daemon addresses registry.
2024-02-23T00:44:47.195-0600 [DEBUG] [org.gradle.cache.internal.DefaultFileLockManager] Releasing lock on daemon addresses registry.
2024-02-23T00:44:48.672-0600 [DEBUG] [org.gradle.process.internal.health.memory.DefaultMemoryManager] 1701602099 memory requested, 1228148736 free
2024-02-23T00:44:48.674-0600 [DEBUG] [org.gradle.workers.internal.WorkerDaemonExpiration] Will attempt to release 1622 of memory
2024-02-23T00:44:48.675-0600 [DEBUG] [org.gradle.process.internal.health.memory.DefaultMemoryManager] 1701602099 memory requested, 0 released, 1228148736 free
2024-02-23T00:44:51.094-0600 [DEBUG] [org.gradle.internal.remote.internal.inet.TcpIncomingConnector] Accepted connection from /127.0.0.1:51249 to /127.0.0.1:51172.
2024-02-23T00:44:51.098-0600 [DEBUG] [org.gradle.internal.remote.internal.inet.TcpIncomingConnector] Accepted connection from /127.0.0.1:51250 to /127.0.0.1:51172.
2024-02-23T00:44:51.102-0600 [DEBUG] [org.gradle.launcher.daemon.server.SynchronizedDispatchConnection] thread 365: received class org.gradle.launcher.daemon.protocol.StopWhenIdle
2024-02-23T00:44:51.102-0600 [DEBUG] [org.gradle.launcher.daemon.server.DefaultDaemonConnection] thread 365: Received non-IO message from client: StopWhenIdle[id=744c2347-7b14-4b2c-9d5d-1c2cf60f89a3]
2024-02-23T00:44:51.102-0600 [INFO] [org.gradle.launcher.daemon.server.DefaultIncomingConnectionHandler] Received command: StopWhenIdle[id=744c2347-7b14-4b2c-9d5d-1c2cf60f89a3].
2024-02-23T00:44:51.102-0600 [DEBUG] [org.gradle.launcher.daemon.server.DefaultIncomingConnectionHandler] Starting executing command: StopWhenIdle[id=744c2347-7b14-4b2c-9d5d-1c2cf60f89a3] with connection: socket connection from /127.0.0.1:51172 to /127.0.0.1:51249.
2024-02-23T00:44:51.103-0600 [DEBUG] [org.gradle.launcher.daemon.server.DaemonRegistryUpdater] Storing daemon stop event: stop command received
2024-02-23T00:44:51.103-0600 [DEBUG] [org.gradle.launcher.daemon.registry.PersistentDaemonRegistry] Storing daemon stop event with timestamp 1708670691104
2024-02-23T00:44:51.104-0600 [DEBUG] [org.gradle.launcher.daemon.server.SynchronizedDispatchConnection] thread 367: received class org.gradle.launcher.daemon.protocol.StopWhenIdle
2024-02-23T00:44:51.105-0600 [DEBUG] [org.gradle.launcher.daemon.server.DefaultDaemonConnection] thread 367: Received non-IO message from client: StopWhenIdle[id=ec87c70a-d409-4eee-a643-8884888c5fe1]
2024-02-23T00:44:51.106-0600 [DEBUG] [org.gradle.cache.internal.DefaultFileLockManager] Waiting to acquire exclusive lock on daemon addresses registry.
2024-02-23T00:44:51.106-0600 [INFO] [org.gradle.launcher.daemon.server.DefaultIncomingConnectionHandler] Received command: StopWhenIdle[id=ec87c70a-d409-4eee-a643-8884888c5fe1].
2024-02-23T00:44:51.106-0600 [DEBUG] [org.gradle.launcher.daemon.server.DefaultIncomingConnectionHandler] Starting executing command: StopWhenIdle[id=ec87c70a-d409-4eee-a643-8884888c5fe1] with connection: socket connection from /127.0.0.1:51172 to /127.0.0.1:51250.
2024-02-23T00:44:51.107-0600 [DEBUG] [org.gradle.cache.internal.DefaultFileLockManager] Lock acquired on daemon addresses registry.
2024-02-23T00:44:51.109-0600 [DEBUG] [org.gradle.cache.internal.DefaultFileLockManager] Releasing lock on daemon addresses registry.
2024-02-23T00:44:51.110-0600 [LIFECYCLE] [org.gradle.launcher.daemon.server.DaemonStateCoordinator] Daemon will be stopped at the end of the build stop command received
2024-02-23T00:44:51.110-0600 [DEBUG] [org.gradle.launcher.daemon.server.DaemonStateCoordinator] Marking daemon stopped due to stop command received. The daemon is running a build: false
2024-02-23T00:44:51.110-0600 [DEBUG] [org.gradle.launcher.daemon.server.DaemonRegistryUpdater] Storing daemon stop event: stop command received
2024-02-23T00:44:51.110-0600 [DEBUG] [org.gradle.launcher.daemon.server.DaemonStateCoordinator] daemon has stopped.
2024-02-23T00:44:51.110-0600 [DEBUG] [org.gradle.launcher.daemon.server.SynchronizedDispatchConnection] thread 21: dispatching Success[value=null]
2024-02-23T00:44:51.111-0600 [DEBUG] [org.gradle.launcher.daemon.server.Daemon] stop() called on daemon
2024-02-23T00:44:51.110-0600 [DEBUG] [org.gradle.launcher.daemon.registry.PersistentDaemonRegistry] Storing daemon stop event with timestamp 1708670691111
2024-02-23T00:44:51.111-0600 [DEBUG] [org.gradle.launcher.daemon.server.SynchronizedDispatchConnection] thread 365: received class org.gradle.launcher.daemon.protocol.Finished
2024-02-23T00:44:51.111-0600 [INFO] [org.gradle.launcher.daemon.server.Daemon] Stop requested. Daemon is removing its presence from the registry...
2024-02-23T00:44:51.111-0600 [DEBUG] [org.gradle.launcher.daemon.server.DefaultIncomingConnectionHandler] Finishing executing command: StopWhenIdle[id=744c2347-7b14-4b2c-9d5d-1c2cf60f89a3]
2024-02-23T00:44:51.112-0600 [DEBUG] [org.gradle.launcher.daemon.server.DaemonRegistryUpdater] Removing our presence to clients, eg. removing this address from the registry: [e0ead93c-0833-4680-99a5-c804269bb1f4 port:51172, addresses:[localhost/127.0.0.1]]
2024-02-23T00:44:51.112-0600 [DEBUG] [org.gradle.launcher.daemon.server.DefaultDaemonConnection] thread 365: Received non-IO message from client: org.gradle.launcher.daemon.protocol.Finished@6939d1c9
2024-02-23T00:44:51.113-0600 [DEBUG] [org.gradle.launcher.daemon.server.DefaultIncomingConnectionHandler] Received finished message: org.gradle.launcher.daemon.protocol.Finished@6939d1c9
2024-02-23T00:44:51.113-0600 [DEBUG] [org.gradle.internal.remote.internal.inet.SocketConnection] Discarding EOFException: java.io.EOFException
2024-02-23T00:44:51.113-0600 [DEBUG] [org.gradle.launcher.daemon.server.SynchronizedDispatchConnection] thread 21: stopping connection
2024-02-23T00:44:51.113-0600 [DEBUG] [org.gradle.launcher.daemon.server.SynchronizedDispatchConnection] thread 365: received null
2024-02-23T00:44:51.114-0600 [DEBUG] [org.gradle.launcher.daemon.server.DefaultDaemonConnection] thread 365: Received end-of-input from client.
2024-02-23T00:44:51.114-0600 [DEBUG] [org.gradle.cache.internal.DefaultFileLockManager] Waiting to acquire exclusive lock on daemon addresses registry.
2024-02-23T00:44:51.114-0600 [DEBUG] [org.gradle.launcher.daemon.server.SynchronizedDispatchConnection] thread 21: stopping connection
2024-02-23T00:44:51.114-0600 [DEBUG] [org.gradle.cache.internal.DefaultFileLockManager] Lock acquired on daemon addresses registry.
2024-02-23T00:44:51.117-0600 [DEBUG] [org.gradle.cache.internal.DefaultFileLockManager] Releasing lock on daemon addresses registry.
2024-02-23T00:44:51.117-0600 [DEBUG] [org.gradle.launcher.daemon.registry.PersistentDaemonRegistry] Removing daemon address: [e0ead93c-0833-4680-99a5-c804269bb1f4 port:51172, addresses:[localhost/127.0.0.1]]
2024-02-23T00:44:51.118-0600 [DEBUG] [org.gradle.launcher.daemon.server.SynchronizedDispatchConnection] thread 366: dispatching Success[value=null]
2024-02-23T00:44:51.118-0600 [DEBUG] [org.gradle.launcher.daemon.server.DefaultIncomingConnectionHandler] Finishing executing command: StopWhenIdle[id=ec87c70a-d409-4eee-a643-8884888c5fe1]
2024-02-23T00:44:51.118-0600 [DEBUG] [org.gradle.launcher.daemon.server.SynchronizedDispatchConnection] thread 367: received class org.gradle.launcher.daemon.protocol.Finished
2024-02-23T00:44:51.119-0600 [DEBUG] [org.gradle.launcher.daemon.server.DefaultDaemonConnection] thread 367: Received non-IO message from client: org.gradle.launcher.daemon.protocol.Finished@66adda27
2024-02-23T00:44:51.119-0600 [DEBUG] [org.gradle.internal.remote.internal.inet.SocketConnection] Discarding EOFException: java.io.EOFException
2024-02-23T00:44:51.119-0600 [DEBUG] [org.gradle.launcher.daemon.server.DefaultIncomingConnectionHandler] Received finished message: org.gradle.launcher.daemon.protocol.Finished@66adda27
2024-02-23T00:44:51.119-0600 [DEBUG] [org.gradle.launcher.daemon.server.SynchronizedDispatchConnection] thread 367: received null
2024-02-23T00:44:51.120-0600 [DEBUG] [org.gradle.launcher.daemon.server.SynchronizedDispatchConnection] thread 366: stopping connection
2024-02-23T00:44:51.120-0600 [DEBUG] [org.gradle.launcher.daemon.server.DefaultDaemonConnection] thread 367: Received end-of-input from client.
2024-02-23T00:44:51.121-0600 [DEBUG] [org.gradle.launcher.daemon.server.SynchronizedDispatchConnection] thread 366: stopping connection
2024-02-23T00:44:51.121-0600 [DEBUG] [org.gradle.cache.internal.DefaultFileLockManager] Waiting to acquire exclusive lock on daemon addresses registry.
2024-02-23T00:44:51.121-0600 [DEBUG] [org.gradle.cache.internal.DefaultFileLockManager] Lock acquired on daemon addresses registry.
2024-02-23T00:44:51.123-0600 [DEBUG] [org.gradle.cache.internal.DefaultFileLockManager] Releasing lock on daemon addresses registry.
2024-02-23T00:44:51.124-0600 [DEBUG] [org.gradle.launcher.daemon.server.DaemonRegistryUpdater] Address removed from registry.
2024-02-23T00:44:51.126-0600 [DEBUG] [org.gradle.cache.internal.LockOnDemandCrossProcessCacheAccess] Releasing file lock for jars (C:\Users\natha\AndroidStudioProjects\Try2\caches\jars-9)
2024-02-23T00:44:51.126-0600 [DEBUG] [org.gradle.cache.internal.DefaultFileLockManager] Releasing lock on jars (C:\Users\natha\AndroidStudioProjects\Try2\caches\jars-9).
2024-02-23T00:44:51.127-0600 [DEBUG] [org.gradle.cache.internal.DefaultPersistentDirectoryStore] jars (C:\Users\natha\AndroidStudioProjects\Try2\caches\jars-9) has last been fully cleaned up 23 hours ago
2024-02-23T00:44:51.128-0600 [DEBUG] [org.gradle.cache.internal.LockOnDemandCrossProcessCacheAccess] Releasing file lock for Artifact transforms cache (C:\Users\natha\AndroidStudioProjects\Try2\caches\transforms-3)
2024-02-23T00:44:51.128-0600 [DEBUG] [org.gradle.cache.internal.DefaultFileLockManager] Releasing lock on Artifact transforms cache (C:\Users\natha\AndroidStudioProjects\Try2\caches\transforms-3).
2024-02-23T00:44:51.129-0600 [DEBUG] [org.gradle.cache.internal.DefaultPersistentDirectoryStore] Artifact transforms cache (C:\Users\natha\AndroidStudioProjects\Try2\caches\transforms-3) has last been fully cleaned up 23 hours ago
2024-02-23T00:44:51.130-0600 [DEBUG] [org.gradle.cache.internal.LockOnDemandCrossProcessCacheAccess] Releasing file lock for kotlin-dsl (C:\Users\natha\AndroidStudioProjects\Try2\caches\8.2\kotlin-dsl)
2024-02-23T00:44:51.130-0600 [DEBUG] [org.gradle.cache.internal.btree.BTreePersistentIndexedCache] Closing cache executionHistory.bin (C:\Users\natha\AndroidStudioProjects\Try2\caches\8.2\kotlin-dsl\executionHistory.bin)
2024-02-23T00:44:51.130-0600 [DEBUG] [org.gradle.cache.internal.DefaultFileLockManager] Releasing lock on kotlin-dsl (C:\Users\natha\AndroidStudioProjects\Try2\caches\8.2\kotlin-dsl).
2024-02-23T00:44:51.131-0600 [DEBUG] [org.gradle.cache.internal.DefaultPersistentDirectoryStore] kotlin-dsl (C:\Users\natha\AndroidStudioProjects\Try2\caches\8.2\kotlin-dsl) has last been fully cleaned up 23 hours ago
2024-02-23T00:44:51.138-0600 [DEBUG] [org.gradle.cache.internal.LockOnDemandCrossProcessCacheAccess] Releasing file lock for file content cache (C:\Users\natha\AndroidStudioProjects\Try2\caches\8.2\fileContent)
2024-02-23T00:44:51.139-0600 [DEBUG] [org.gradle.cache.internal.btree.BTreePersistentIndexedCache] Closing cache annotation-processors.bin (C:\Users\natha\AndroidStudioProjects\Try2\caches\8.2\fileContent\annotation-processors.bin)
2024-02-23T00:44:51.139-0600 [DEBUG] [org.gradle.cache.internal.DefaultFileLockManager] Releasing lock on file content cache (C:\Users\natha\AndroidStudioProjects\Try2\caches\8.2\fileContent).
2024-02-23T00:44:51.140-0600 [DEBUG] [org.gradle.internal.watch.vfs.impl.WatchingVirtualFileSystem] Closing VFS, dropping state
2024-02-23T00:44:51.141-0600 [DEBUG] [org.gradle.internal.watch.registry.impl.DefaultFileWatcherRegistry] Finished listening to file system change events
2024-02-23T00:44:51.141-0600 [DEBUG] [org.gradle.cache.internal.LockOnDemandCrossProcessCacheAccess] Releasing file lock for Generated Gradle JARs cache (C:\Users\natha\AndroidStudioProjects\Try2\caches\8.2\generated-gradle-jars)
2024-02-23T00:44:51.142-0600 [DEBUG] [org.gradle.cache.internal.DefaultFileLockManager] Releasing lock on Generated Gradle JARs cache (C:\Users\natha\AndroidStudioProjects\Try2\caches\8.2\generated-gradle-jars).
2024-02-23T00:44:51.142-0600 [DEBUG] [org.gradle.cache.internal.LockOnDemandCrossProcessCacheAccess] Releasing file lock for artifact cache (C:\Users\natha\AndroidStudioProjects\Try2\caches\modules-2)
2024-02-23T00:44:51.143-0600 [DEBUG] [org.gradle.cache.internal.btree.BTreePersistentIndexedCache] Closing cache module-artifact.bin (C:\Users\natha\AndroidStudioProjects\Try2\caches\modules-2\metadata-2.106\module-artifact.bin)
2024-02-23T00:44:51.143-0600 [DEBUG] [org.gradle.cache.internal.btree.BTreePersistentIndexedCache] Closing cache module-metadata.bin (C:\Users\natha\AndroidStudioProjects\Try2\caches\modules-2\metadata-2.106\module-metadata.bin)
2024-02-23T00:44:51.143-0600 [DEBUG] [org.gradle.cache.internal.btree.BTreePersistentIndexedCache] Closing cache module-artifacts.bin (C:\Users\natha\AndroidStudioProjects\Try2\caches\modules-2\metadata-2.106\module-artifacts.bin)
2024-02-23T00:44:51.144-0600 [DEBUG] [org.gradle.cache.internal.DefaultFileLockManager] Releasing lock on artifact cache (C:\Users\natha\AndroidStudioProjects\Try2\caches\modules-2).
2024-02-23T00:44:51.144-0600 [DEBUG] [org.gradle.cache.internal.DefaultPersistentDirectoryStore] artifact cache (C:\Users\natha\AndroidStudioProjects\Try2\caches\modules-2) has last been fully cleaned up 23 hours ago
2024-02-23T00:44:51.145-0600 [DEBUG] [org.gradle.cache.internal.LockOnDemandCrossProcessCacheAccess] Releasing file lock for journal cache (C:\Users\natha\AndroidStudioProjects\Try2\caches\journal-1)
2024-02-23T00:44:51.145-0600 [DEBUG] [org.gradle.cache.internal.btree.BTreePersistentIndexedCache] Closing cache file-access.bin (C:\Users\natha\AndroidStudioProjects\Try2\caches\journal-1\file-access.bin)
2024-02-23T00:44:51.146-0600 [DEBUG] [org.gradle.cache.internal.DefaultFileLockManager] Releasing lock on journal cache (C:\Users\natha\AndroidStudioProjects\Try2\caches\journal-1).
2024-02-23T00:44:51.147-0600 [DEBUG] [org.gradle.cache.internal.LockOnDemandCrossProcessCacheAccess] Releasing file lock for file hash cache (C:\Users\natha\AndroidStudioProjects\Try2\caches\8.2\fileHashes)
2024-02-23T00:44:51.147-0600 [DEBUG] [org.gradle.cache.internal.btree.BTreePersistentIndexedCache] Closing cache fileHashes.bin (C:\Users\natha\AndroidStudioProjects\Try2\caches\8.2\fileHashes\fileHashes.bin)
2024-02-23T00:44:51.148-0600 [DEBUG] [org.gradle.cache.internal.btree.BTreePersistentIndexedCache] Closing cache resourceHashesCache.bin (C:\Users\natha\AndroidStudioProjects\Try2\caches\8.2\fileHashes\resourceHashesCache.bin)
2024-02-23T00:44:51.148-0600 [DEBUG] [org.gradle.cache.internal.DefaultFileLockManager] Releasing lock on file hash cache (C:\Users\natha\AndroidStudioProjects\Try2\caches\8.2\fileHashes).
2024-02-23T00:44:51.149-0600 [DEBUG] [org.gradle.cache.internal.LockOnDemandCrossProcessCacheAccess] Releasing file lock for execution history cache (C:\Users\natha\AndroidStudioProjects\Try2\caches\8.2\executionHistory)
2024-02-23T00:44:51.149-0600 [DEBUG] [org.gradle.cache.internal.btree.BTreePersistentIndexedCache] Closing cache executionHistory.bin (C:\Users\natha\AndroidStudioProjects\Try2\caches\8.2\executionHistory\executionHistory.bin)
2024-02-23T00:44:51.150-0600 [DEBUG] [org.gradle.cache.internal.DefaultFileLockManager] Releasing lock on execution history cache (C:\Users\natha\AndroidStudioProjects\Try2\caches\8.2\executionHistory).
2024-02-23T00:44:51.151-0600 [DEBUG] [org.gradle.cache.internal.LockOnDemandCrossProcessCacheAccess] Releasing file lock for Java compile cache (C:\Users\natha\AndroidStudioProjects\Try2\caches\8.2\javaCompile)
2024-02-23T00:44:51.151-0600 [DEBUG] [org.gradle.cache.internal.btree.BTreePersistentIndexedCache] Closing cache jarAnalysis.bin (C:\Users\natha\AndroidStudioProjects\Try2\caches\8.2\javaCompile\jarAnalysis.bin)
2024-02-23T00:44:51.152-0600 [DEBUG] [org.gradle.cache.internal.btree.BTreePersistentIndexedCache] Closing cache classAnalysis.bin (C:\Users\natha\AndroidStudioProjects\Try2\caches\8.2\javaCompile\classAnalysis.bin)
2024-02-23T00:44:51.152-0600 [DEBUG] [org.gradle.cache.internal.DefaultFileLockManager] Releasing lock on Java compile cache (C:\Users\natha\AndroidStudioProjects\Try2\caches\8.2\javaCompile).
Daemon vm is shutting down... The daemon has exited normally or was terminated in response to a user interrupt.
2024-02-23T00:44:51.155-0600 [DEBUG] [org.gradle.launcher.daemon.registry.PersistentDaemonRegistry] Removing daemon address: [e0ead93c-0833-4680-99a5-c804269bb1f4 port:51172, addresses:[localhost/127.0.0.1]]
2024-02-23T00:44:51.157-0600 [DEBUG] [org.gradle.cache.internal.DefaultFileLockManager] Waiting to acquire exclusive lock on daemon addresses registry.
2024-02-23T00:44:51.158-0600 [DEBUG] [org.gradle.cache.internal.DefaultFileLockManager] Lock acquired on daemon addresses registry.
2024-02-23T00:44:51.160-0600 [DEBUG] [org.gradle.cache.internal.DefaultFileLockManager] Releasing lock on daemon addresses registry.
